2022-04-14 17:06:33,630: INFO: [483943991.py:26]: Current Trainning Model: aircraft
2022-04-14 17:06:33,653: INFO: [1966024979.py:7]: Dataset Name:aircraft, Train:[6667], Val:[3333]
2022-04-14 17:06:33,653: INFO: [1966024979.py:8]: Batch Size:[12], Train Batches:[556], Val Batches:[70]
2022-04-14 17:07:23,676: INFO: [inception.py:163]: Inception3: All params loaded
2022-04-14 17:07:23,775: INFO: [wsdan.py:40]: WSDAN: using inception_mixed_6e as feature extractor, num_classes: 100, num_attentions: 32
2022-04-14 17:07:23,796: INFO: [4083708337.py:12]: Epoch 001, lr= 0.001
2022-04-14 17:10:51,301: INFO: [4083708337.py:80]: Train: Loss 4.7936, Raw Acc (26.22, 48.63), Crop Acc (18.22, 38.37), Drop Acc (20.34, 40.74), Time 207.50
2022-04-14 17:11:20,457: INFO: [4083708337.py:115]: Valid: Val Loss 2.0850, Val Acc (54.61, 80.29), Time 29.15
2022-04-14 17:11:20,457: INFO: [4083708337.py:116]: 
2022-04-14 17:11:20,625: INFO: [4083708337.py:12]: Epoch 002, lr= 0.001
2022-04-14 17:14:46,125: INFO: [4083708337.py:80]: Train: Loss 2.3092, Raw Acc (65.86, 90.48), Crop Acc (46.68, 76.51), Drop Acc (56.17, 84.34), Time 205.50
2022-04-14 17:15:16,657: INFO: [4083708337.py:115]: Valid: Val Loss 1.2557, Val Acc (68.50, 92.26), Time 30.53
2022-04-14 17:15:16,658: INFO: [4083708337.py:116]: 
2022-04-14 17:15:17,088: INFO: [4083708337.py:12]: Epoch 003, lr= 0.0009
2022-04-14 17:18:42,710: INFO: [4083708337.py:80]: Train: Loss 1.7406, Raw Acc (76.90, 96.00), Crop Acc (57.60, 85.00), Drop Acc (68.19, 92.29), Time 205.62
2022-04-14 17:19:11,746: INFO: [4083708337.py:115]: Valid: Val Loss 0.9397, Val Acc (76.03, 95.35), Time 29.03
2022-04-14 17:19:11,746: INFO: [4083708337.py:116]: 
2022-04-14 17:19:12,205: INFO: [4083708337.py:12]: Epoch 004, lr= 0.0009
2022-04-14 17:22:37,693: INFO: [4083708337.py:80]: Train: Loss 1.1993, Raw Acc (86.08, 98.76), Crop Acc (69.57, 92.70), Drop Acc (78.24, 96.60), Time 205.49
2022-04-14 17:23:06,990: INFO: [4083708337.py:115]: Valid: Val Loss 0.7332, Val Acc (81.52, 96.55), Time 29.29
2022-04-14 17:23:06,990: INFO: [4083708337.py:116]: 
2022-04-14 17:23:07,500: INFO: [4083708337.py:12]: Epoch 005, lr= 0.00081
2022-04-14 17:26:33,673: INFO: [4083708337.py:80]: Train: Loss 1.0046, Raw Acc (90.18, 99.16), Crop Acc (74.13, 94.18), Drop Acc (83.04, 97.65), Time 206.17
2022-04-14 17:27:02,532: INFO: [4083708337.py:115]: Valid: Val Loss 0.5284, Val Acc (85.96, 97.12), Time 28.85
2022-04-14 17:27:02,532: INFO: [4083708337.py:116]: 
2022-04-14 17:27:02,963: INFO: [4083708337.py:12]: Epoch 006, lr= 0.00081
2022-04-14 17:30:28,096: INFO: [4083708337.py:80]: Train: Loss 0.7431, Raw Acc (93.64, 99.79), Crop Acc (80.59, 96.31), Drop Acc (87.73, 98.92), Time 205.13
2022-04-14 17:30:57,782: INFO: [4083708337.py:115]: Valid: Val Loss 0.5543, Val Acc (86.14, 97.18), Time 29.68
2022-04-14 17:30:57,782: INFO: [4083708337.py:116]: 
2022-04-14 17:30:58,212: INFO: [4083708337.py:12]: Epoch 007, lr= 0.000729
2022-04-14 17:34:23,008: INFO: [4083708337.py:80]: Train: Loss 0.6112, Raw Acc (94.65, 99.93), Crop Acc (84.76, 97.33), Drop Acc (89.67, 99.18), Time 204.79
2022-04-14 17:34:52,847: INFO: [4083708337.py:115]: Valid: Val Loss 0.4354, Val Acc (88.21, 97.60), Time 29.83
2022-04-14 17:34:52,847: INFO: [4083708337.py:116]: 
2022-04-14 17:34:53,271: INFO: [4083708337.py:12]: Epoch 008, lr= 0.000729
2022-04-14 17:38:18,033: INFO: [4083708337.py:80]: Train: Loss 0.4598, Raw Acc (96.51, 99.96), Crop Acc (88.44, 98.70), Drop Acc (92.19, 99.61), Time 204.76
2022-04-14 17:38:47,115: INFO: [4083708337.py:115]: Valid: Val Loss 0.4026, Val Acc (89.20, 98.08), Time 29.08
2022-04-14 17:38:47,115: INFO: [4083708337.py:116]: 
2022-04-14 17:38:47,564: INFO: [4083708337.py:12]: Epoch 009, lr= 0.0006561
2022-04-14 17:42:13,568: INFO: [4083708337.py:80]: Train: Loss 0.3780, Raw Acc (96.84, 99.97), Crop Acc (90.49, 98.67), Drop Acc (94.12, 99.63), Time 206.00
2022-04-14 17:42:43,146: INFO: [4083708337.py:115]: Valid: Val Loss 0.3413, Val Acc (91.30, 97.93), Time 29.57
2022-04-14 17:42:43,146: INFO: [4083708337.py:116]: 
2022-04-14 17:42:43,584: INFO: [4083708337.py:12]: Epoch 010, lr= 0.0006561
2022-04-14 17:46:08,477: INFO: [4083708337.py:80]: Train: Loss 0.3113, Raw Acc (98.08, 100.00), Crop Acc (92.97, 99.18), Drop Acc (94.90, 99.87), Time 204.89
2022-04-14 17:46:39,185: INFO: [4083708337.py:115]: Valid: Val Loss 0.3454, Val Acc (91.39, 97.93), Time 30.70
2022-04-14 17:46:39,185: INFO: [4083708337.py:116]: 
2022-04-14 17:46:39,610: INFO: [4083708337.py:12]: Epoch 011, lr= 0.00059049
2022-04-14 17:50:04,282: INFO: [4083708337.py:80]: Train: Loss 0.2871, Raw Acc (98.23, 100.00), Crop Acc (93.42, 99.10), Drop Acc (95.41, 99.79), Time 204.67
2022-04-14 17:50:33,298: INFO: [4083708337.py:115]: Valid: Val Loss 0.3557, Val Acc (91.90, 97.90), Time 29.01
2022-04-14 17:50:33,298: INFO: [4083708337.py:116]: 
2022-04-14 17:50:33,910: INFO: [4083708337.py:12]: Epoch 012, lr= 0.00059049
2022-04-14 17:53:59,441: INFO: [4083708337.py:80]: Train: Loss 0.2480, Raw Acc (98.71, 100.00), Crop Acc (94.51, 99.55), Drop Acc (96.28, 99.79), Time 205.53
2022-04-14 17:54:30,455: INFO: [4083708337.py:115]: Valid: Val Loss 0.3280, Val Acc (91.66, 98.14), Time 31.01
2022-04-14 17:54:30,455: INFO: [4083708337.py:116]: 
2022-04-14 17:54:30,457: INFO: [4083708337.py:12]: Epoch 013, lr= 0.000531441
2022-04-14 17:57:56,029: INFO: [4083708337.py:80]: Train: Loss 0.2263, Raw Acc (98.94, 100.00), Crop Acc (95.32, 99.40), Drop Acc (96.37, 99.93), Time 205.57
2022-04-14 17:58:24,534: INFO: [4083708337.py:115]: Valid: Val Loss 0.3375, Val Acc (91.33, 98.17), Time 28.50
2022-04-14 17:58:24,535: INFO: [4083708337.py:116]: 
2022-04-14 17:58:24,537: INFO: [4083708337.py:12]: Epoch 014, lr= 0.000531441
2022-04-14 18:01:49,280: INFO: [4083708337.py:80]: Train: Loss 0.1998, Raw Acc (99.36, 100.00), Crop Acc (96.58, 99.64), Drop Acc (96.94, 99.94), Time 204.74
2022-04-14 18:02:19,470: INFO: [4083708337.py:115]: Valid: Val Loss 0.2945, Val Acc (93.22, 98.08), Time 30.18
2022-04-14 18:02:19,470: INFO: [4083708337.py:116]: 
2022-04-14 18:02:19,899: INFO: [4083708337.py:12]: Epoch 015, lr= 0.000478297
2022-04-14 18:05:45,097: INFO: [4083708337.py:80]: Train: Loss 0.1871, Raw Acc (99.43, 100.00), Crop Acc (96.69, 99.60), Drop Acc (97.36, 99.94), Time 205.20
2022-04-14 18:06:15,433: INFO: [4083708337.py:115]: Valid: Val Loss 0.3128, Val Acc (92.74, 98.05), Time 30.33
2022-04-14 18:06:15,433: INFO: [4083708337.py:116]: 
2022-04-14 18:06:15,437: INFO: [4083708337.py:12]: Epoch 016, lr= 0.000478297
2022-04-14 18:09:39,828: INFO: [4083708337.py:80]: Train: Loss 0.1715, Raw Acc (99.72, 100.00), Crop Acc (97.44, 99.75), Drop Acc (97.81, 99.90), Time 204.39
2022-04-14 18:10:08,473: INFO: [4083708337.py:115]: Valid: Val Loss 0.3135, Val Acc (92.44, 98.11), Time 28.64
2022-04-14 18:10:08,473: INFO: [4083708337.py:116]: 
2022-04-14 18:10:08,475: INFO: [4083708337.py:12]: Epoch 017, lr= 0.000430467
2022-04-14 18:13:33,165: INFO: [4083708337.py:80]: Train: Loss 0.1627, Raw Acc (99.88, 100.00), Crop Acc (97.26, 99.67), Drop Acc (98.04, 99.91), Time 204.69
2022-04-14 18:14:02,494: INFO: [4083708337.py:115]: Valid: Val Loss 0.2934, Val Acc (93.34, 98.23), Time 29.33
2022-04-14 18:14:02,494: INFO: [4083708337.py:116]: 
2022-04-14 18:14:02,934: INFO: [4083708337.py:12]: Epoch 018, lr= 0.000430467
2022-04-14 18:17:28,689: INFO: [4083708337.py:80]: Train: Loss 0.1525, Raw Acc (99.82, 100.00), Crop Acc (97.45, 99.81), Drop Acc (98.29, 99.94), Time 205.75
2022-04-14 18:17:56,978: INFO: [4083708337.py:115]: Valid: Val Loss 0.2856, Val Acc (93.58, 98.14), Time 28.28
2022-04-14 18:17:56,978: INFO: [4083708337.py:116]: 
2022-04-14 18:17:57,417: INFO: [4083708337.py:12]: Epoch 019, lr= 0.00038742
2022-04-14 18:21:23,195: INFO: [4083708337.py:80]: Train: Loss 0.1439, Raw Acc (99.87, 100.00), Crop Acc (97.87, 99.90), Drop Acc (98.22, 99.91), Time 205.78
2022-04-14 18:21:52,424: INFO: [4083708337.py:115]: Valid: Val Loss 0.2949, Val Acc (92.83, 98.23), Time 29.22
2022-04-14 18:21:52,424: INFO: [4083708337.py:116]: 
2022-04-14 18:21:52,426: INFO: [4083708337.py:12]: Epoch 020, lr= 0.00038742
2022-04-14 18:25:18,880: INFO: [4083708337.py:80]: Train: Loss 0.1413, Raw Acc (99.90, 100.00), Crop Acc (98.02, 99.84), Drop Acc (98.14, 99.94), Time 206.45
2022-04-14 18:25:48,563: INFO: [4083708337.py:115]: Valid: Val Loss 0.2893, Val Acc (93.34, 98.38), Time 29.68
2022-04-14 18:25:48,564: INFO: [4083708337.py:116]: 
2022-04-14 18:25:48,566: INFO: [4083708337.py:12]: Epoch 021, lr= 0.000348678
2022-04-14 18:29:14,245: INFO: [4083708337.py:80]: Train: Loss 0.1355, Raw Acc (99.93, 100.00), Crop Acc (98.32, 99.81), Drop Acc (98.52, 99.96), Time 205.68
2022-04-14 18:29:43,615: INFO: [4083708337.py:115]: Valid: Val Loss 0.2923, Val Acc (93.34, 98.47), Time 29.37
2022-04-14 18:29:43,615: INFO: [4083708337.py:116]: 
2022-04-14 18:29:43,617: INFO: [4083708337.py:12]: Epoch 022, lr= 0.000348678
2022-04-14 18:33:08,910: INFO: [4083708337.py:80]: Train: Loss 0.1325, Raw Acc (99.91, 100.00), Crop Acc (98.02, 99.78), Drop Acc (98.61, 99.94), Time 205.29
2022-04-14 18:33:38,735: INFO: [4083708337.py:115]: Valid: Val Loss 0.2934, Val Acc (93.40, 98.17), Time 29.82
2022-04-14 18:33:38,736: INFO: [4083708337.py:116]: 
2022-04-14 18:33:38,738: INFO: [4083708337.py:12]: Epoch 023, lr= 0.000313811
2022-04-14 18:37:03,734: INFO: [4083708337.py:80]: Train: Loss 0.1248, Raw Acc (99.97, 100.00), Crop Acc (98.56, 99.90), Drop Acc (98.52, 99.96), Time 204.99
2022-04-14 18:37:33,943: INFO: [4083708337.py:115]: Valid: Val Loss 0.2855, Val Acc (93.82, 98.23), Time 30.20
2022-04-14 18:37:33,944: INFO: [4083708337.py:116]: 
2022-04-14 18:37:34,394: INFO: [4083708337.py:12]: Epoch 024, lr= 0.000313811
2022-04-14 18:40:58,770: INFO: [4083708337.py:80]: Train: Loss 0.1257, Raw Acc (99.97, 100.00), Crop Acc (98.26, 99.79), Drop Acc (98.62, 99.99), Time 204.37
2022-04-14 18:41:28,409: INFO: [4083708337.py:115]: Valid: Val Loss 0.2843, Val Acc (93.40, 98.29), Time 29.63
2022-04-14 18:41:28,409: INFO: [4083708337.py:116]: 
2022-04-14 18:41:28,411: INFO: [4083708337.py:12]: Epoch 025, lr= 0.00028243
2022-04-14 18:44:52,972: INFO: [4083708337.py:80]: Train: Loss 0.1156, Raw Acc (99.96, 100.00), Crop Acc (98.62, 99.82), Drop Acc (99.04, 99.97), Time 204.56
2022-04-14 18:45:21,597: INFO: [4083708337.py:115]: Valid: Val Loss 0.2794, Val Acc (93.67, 98.29), Time 28.62
2022-04-14 18:45:21,597: INFO: [4083708337.py:116]: 
2022-04-14 18:45:21,599: INFO: [4083708337.py:12]: Epoch 026, lr= 0.00028243
2022-04-14 18:48:46,874: INFO: [4083708337.py:80]: Train: Loss 0.1153, Raw Acc (99.97, 100.00), Crop Acc (98.79, 99.84), Drop Acc (98.68, 99.99), Time 205.27
2022-04-14 18:49:16,426: INFO: [4083708337.py:115]: Valid: Val Loss 0.2901, Val Acc (93.85, 98.23), Time 29.55
2022-04-14 18:49:16,427: INFO: [4083708337.py:116]: 
2022-04-14 18:49:16,858: INFO: [4083708337.py:12]: Epoch 027, lr= 0.000254187
2022-04-14 18:52:41,834: INFO: [4083708337.py:80]: Train: Loss 0.1160, Raw Acc (99.97, 100.00), Crop Acc (98.46, 99.73), Drop Acc (99.04, 99.97), Time 204.97
2022-04-14 18:53:11,415: INFO: [4083708337.py:115]: Valid: Val Loss 0.2833, Val Acc (93.88, 98.35), Time 29.58
2022-04-14 18:53:11,415: INFO: [4083708337.py:116]: 
2022-04-14 18:53:11,860: INFO: [4083708337.py:12]: Epoch 028, lr= 0.000254187
2022-04-14 18:56:36,988: INFO: [4083708337.py:80]: Train: Loss 0.1094, Raw Acc (99.99, 100.00), Crop Acc (98.80, 99.93), Drop Acc (99.07, 99.97), Time 205.12
2022-04-14 18:57:05,678: INFO: [4083708337.py:115]: Valid: Val Loss 0.2878, Val Acc (93.52, 98.32), Time 28.69
2022-04-14 18:57:05,678: INFO: [4083708337.py:116]: 
2022-04-14 18:57:05,680: INFO: [4083708337.py:12]: Epoch 029, lr= 0.000228768
2022-04-14 19:00:30,980: INFO: [4083708337.py:80]: Train: Loss 0.1092, Raw Acc (99.99, 100.00), Crop Acc (98.53, 99.91), Drop Acc (99.12, 99.97), Time 205.30
2022-04-14 19:01:00,424: INFO: [4083708337.py:115]: Valid: Val Loss 0.2949, Val Acc (93.16, 98.14), Time 29.44
2022-04-14 19:01:00,424: INFO: [4083708337.py:116]: 
2022-04-14 19:01:00,427: INFO: [4083708337.py:12]: Epoch 030, lr= 0.000228768
2022-04-14 19:04:25,467: INFO: [4083708337.py:80]: Train: Loss 0.1048, Raw Acc (100.00, 100.00), Crop Acc (98.88, 99.90), Drop Acc (99.07, 99.99), Time 205.04
2022-04-14 19:04:55,292: INFO: [4083708337.py:115]: Valid: Val Loss 0.2880, Val Acc (93.52, 98.17), Time 29.82
2022-04-14 19:04:55,292: INFO: [4083708337.py:116]: 
2022-04-14 19:04:55,294: INFO: [4083708337.py:12]: Epoch 031, lr= 0.000205891
2022-04-14 19:08:20,170: INFO: [4083708337.py:80]: Train: Loss 0.1076, Raw Acc (99.99, 100.00), Crop Acc (98.71, 99.85), Drop Acc (98.97, 99.94), Time 204.87
2022-04-14 19:08:49,747: INFO: [4083708337.py:115]: Valid: Val Loss 0.2915, Val Acc (93.64, 98.11), Time 29.57
2022-04-14 19:08:49,747: INFO: [4083708337.py:116]: 
2022-04-14 19:08:49,749: INFO: [4083708337.py:12]: Epoch 032, lr= 0.000205891
2022-04-14 19:12:14,742: INFO: [4083708337.py:80]: Train: Loss 0.1040, Raw Acc (100.00, 100.00), Crop Acc (98.79, 99.93), Drop Acc (99.13, 99.96), Time 204.99
2022-04-14 19:12:44,308: INFO: [4083708337.py:115]: Valid: Val Loss 0.2851, Val Acc (93.79, 98.32), Time 29.56
2022-04-14 19:12:44,308: INFO: [4083708337.py:116]: 
2022-04-14 19:12:44,310: INFO: [4083708337.py:12]: Epoch 033, lr= 0.000185302
2022-04-14 19:16:10,187: INFO: [4083708337.py:80]: Train: Loss 0.1014, Raw Acc (99.99, 100.00), Crop Acc (99.04, 99.88), Drop Acc (99.19, 99.99), Time 205.87
2022-04-14 19:16:40,063: INFO: [4083708337.py:115]: Valid: Val Loss 0.2843, Val Acc (93.55, 98.26), Time 29.87
2022-04-14 19:16:40,063: INFO: [4083708337.py:116]: 
2022-04-14 19:16:40,065: INFO: [4083708337.py:12]: Epoch 034, lr= 0.000185302
2022-04-14 19:20:05,156: INFO: [4083708337.py:80]: Train: Loss 0.1019, Raw Acc (100.00, 100.00), Crop Acc (98.83, 99.93), Drop Acc (99.12, 99.97), Time 205.09
2022-04-14 19:20:34,600: INFO: [4083708337.py:115]: Valid: Val Loss 0.2910, Val Acc (93.58, 98.20), Time 29.44
2022-04-14 19:20:34,601: INFO: [4083708337.py:116]: 
2022-04-14 19:20:34,602: INFO: [4083708337.py:12]: Epoch 035, lr= 0.000166772
2022-04-14 19:23:59,798: INFO: [4083708337.py:80]: Train: Loss 0.0986, Raw Acc (100.00, 100.00), Crop Acc (99.07, 99.94), Drop Acc (99.27, 100.00), Time 205.19
2022-04-14 19:24:28,962: INFO: [4083708337.py:115]: Valid: Val Loss 0.2877, Val Acc (93.94, 98.11), Time 29.16
2022-04-14 19:24:28,962: INFO: [4083708337.py:116]: 
2022-04-14 19:24:29,397: INFO: [4083708337.py:12]: Epoch 036, lr= 0.000166772
2022-04-14 19:27:55,095: INFO: [4083708337.py:80]: Train: Loss 0.0955, Raw Acc (100.00, 100.00), Crop Acc (99.12, 99.94), Drop Acc (99.28, 99.97), Time 205.70
2022-04-14 19:28:24,442: INFO: [4083708337.py:115]: Valid: Val Loss 0.2874, Val Acc (93.70, 98.26), Time 29.34
2022-04-14 19:28:24,442: INFO: [4083708337.py:116]: 
2022-04-14 19:28:24,444: INFO: [4083708337.py:12]: Epoch 037, lr= 0.000150095
2022-04-14 19:31:51,687: INFO: [4083708337.py:80]: Train: Loss 0.0984, Raw Acc (100.00, 100.00), Crop Acc (98.92, 99.88), Drop Acc (99.18, 99.97), Time 207.24
2022-04-14 19:32:22,307: INFO: [4083708337.py:115]: Valid: Val Loss 0.2890, Val Acc (93.76, 98.23), Time 30.62
2022-04-14 19:32:22,308: INFO: [4083708337.py:116]: 
2022-04-14 19:32:22,310: INFO: [4083708337.py:12]: Epoch 038, lr= 0.000150095
2022-04-14 19:35:47,984: INFO: [4083708337.py:80]: Train: Loss 0.0948, Raw Acc (100.00, 100.00), Crop Acc (99.04, 99.91), Drop Acc (99.28, 100.00), Time 205.67
2022-04-14 19:36:17,038: INFO: [4083708337.py:115]: Valid: Val Loss 0.2875, Val Acc (93.73, 98.14), Time 29.05
2022-04-14 19:36:17,038: INFO: [4083708337.py:116]: 
2022-04-14 19:36:17,040: INFO: [4083708337.py:12]: Epoch 039, lr= 0.000135085
2022-04-14 19:39:41,480: INFO: [4083708337.py:80]: Train: Loss 0.0943, Raw Acc (100.00, 100.00), Crop Acc (99.06, 99.93), Drop Acc (99.27, 99.99), Time 204.44
2022-04-14 19:40:10,299: INFO: [4083708337.py:115]: Valid: Val Loss 0.2844, Val Acc (93.94, 98.20), Time 28.82
2022-04-14 19:40:10,299: INFO: [4083708337.py:116]: 
2022-04-14 19:40:10,301: INFO: [4083708337.py:12]: Epoch 040, lr= 0.000135085
2022-04-14 19:43:35,329: INFO: [4083708337.py:80]: Train: Loss 0.0956, Raw Acc (100.00, 100.00), Crop Acc (98.91, 99.87), Drop Acc (99.30, 99.99), Time 205.03
2022-04-14 19:44:05,774: INFO: [4083708337.py:115]: Valid: Val Loss 0.2839, Val Acc (93.79, 98.32), Time 30.44
2022-04-14 19:44:05,774: INFO: [4083708337.py:116]: 
2022-04-14 19:44:05,777: INFO: [4083708337.py:12]: Epoch 041, lr= 0.000121577
2022-04-14 19:47:31,632: INFO: [4083708337.py:80]: Train: Loss 0.0933, Raw Acc (99.99, 100.00), Crop Acc (99.21, 99.85), Drop Acc (99.34, 99.99), Time 205.85
2022-04-14 19:48:01,968: INFO: [4083708337.py:115]: Valid: Val Loss 0.2839, Val Acc (93.79, 98.26), Time 30.33
2022-04-14 19:48:01,969: INFO: [4083708337.py:116]: 
2022-04-14 19:48:01,970: INFO: [4083708337.py:12]: Epoch 042, lr= 0.000121577
2022-04-14 19:51:28,265: INFO: [4083708337.py:80]: Train: Loss 0.0930, Raw Acc (100.00, 100.00), Crop Acc (99.22, 99.93), Drop Acc (99.15, 99.99), Time 206.29
2022-04-14 19:51:57,733: INFO: [4083708337.py:115]: Valid: Val Loss 0.2813, Val Acc (93.82, 98.17), Time 29.46
2022-04-14 19:51:57,734: INFO: [4083708337.py:116]: 
2022-04-14 19:51:57,736: INFO: [4083708337.py:12]: Epoch 043, lr= 0.000109419
2022-04-14 19:55:24,568: INFO: [4083708337.py:80]: Train: Loss 0.0935, Raw Acc (100.00, 100.00), Crop Acc (99.06, 99.90), Drop Acc (99.09, 99.97), Time 206.83
2022-04-14 19:55:54,552: INFO: [4083708337.py:115]: Valid: Val Loss 0.2818, Val Acc (93.82, 98.20), Time 29.98
2022-04-14 19:55:54,552: INFO: [4083708337.py:116]: 
2022-04-14 19:55:54,554: INFO: [4083708337.py:12]: Epoch 044, lr= 0.000109419
2022-04-14 19:59:20,672: INFO: [4083708337.py:80]: Train: Loss 0.0916, Raw Acc (100.00, 100.00), Crop Acc (99.04, 99.93), Drop Acc (99.22, 100.00), Time 206.11
2022-04-14 19:59:50,038: INFO: [4083708337.py:115]: Valid: Val Loss 0.2905, Val Acc (93.52, 98.26), Time 29.36
2022-04-14 19:59:50,039: INFO: [4083708337.py:116]: 
2022-04-14 19:59:50,040: INFO: [4083708337.py:12]: Epoch 045, lr= 9.84771e-05
2022-04-14 20:03:16,790: INFO: [4083708337.py:80]: Train: Loss 0.0928, Raw Acc (100.00, 100.00), Crop Acc (98.98, 99.90), Drop Acc (99.24, 99.99), Time 206.75
2022-04-14 20:03:46,617: INFO: [4083708337.py:115]: Valid: Val Loss 0.2824, Val Acc (93.79, 98.23), Time 29.82
2022-04-14 20:03:46,617: INFO: [4083708337.py:116]: 
2022-04-14 20:03:46,619: INFO: [4083708337.py:12]: Epoch 046, lr= 9.84771e-05
2022-04-14 20:07:13,138: INFO: [4083708337.py:80]: Train: Loss 0.0894, Raw Acc (100.00, 100.00), Crop Acc (99.25, 99.93), Drop Acc (99.33, 99.99), Time 206.52
2022-04-14 20:07:43,225: INFO: [4083708337.py:115]: Valid: Val Loss 0.2867, Val Acc (93.76, 98.32), Time 30.08
2022-04-14 20:07:43,225: INFO: [4083708337.py:116]: 
2022-04-14 20:07:43,227: INFO: [4083708337.py:12]: Epoch 047, lr= 8.86294e-05
2022-04-14 20:11:09,135: INFO: [4083708337.py:80]: Train: Loss 0.0876, Raw Acc (100.00, 100.00), Crop Acc (99.22, 99.97), Drop Acc (99.45, 99.97), Time 205.91
2022-04-14 20:11:40,278: INFO: [4083708337.py:115]: Valid: Val Loss 0.2804, Val Acc (93.73, 98.26), Time 31.14
2022-04-14 20:11:40,278: INFO: [4083708337.py:116]: 
2022-04-14 20:11:40,280: INFO: [4083708337.py:12]: Epoch 048, lr= 8.86294e-05
2022-04-14 20:15:05,166: INFO: [4083708337.py:80]: Train: Loss 0.0876, Raw Acc (100.00, 100.00), Crop Acc (99.21, 99.93), Drop Acc (99.39, 99.99), Time 204.88
2022-04-14 20:15:35,347: INFO: [4083708337.py:115]: Valid: Val Loss 0.2864, Val Acc (93.88, 98.20), Time 30.18
2022-04-14 20:15:35,348: INFO: [4083708337.py:116]: 
2022-04-14 20:15:35,350: INFO: [4083708337.py:12]: Epoch 049, lr= 7.97664e-05
2022-04-14 20:18:58,165: INFO: [4083708337.py:80]: Train: Loss 0.0878, Raw Acc (100.00, 100.00), Crop Acc (99.22, 99.93), Drop Acc (99.27, 99.99), Time 202.81
2022-04-14 20:19:27,950: INFO: [4083708337.py:115]: Valid: Val Loss 0.2795, Val Acc (94.03, 98.32), Time 29.78
2022-04-14 20:19:27,950: INFO: [4083708337.py:116]: 
2022-04-14 20:19:28,429: INFO: [4083708337.py:12]: Epoch 050, lr= 7.97664e-05
2022-04-14 20:22:52,696: INFO: [4083708337.py:80]: Train: Loss 0.0856, Raw Acc (99.99, 100.00), Crop Acc (99.28, 99.99), Drop Acc (99.39, 99.99), Time 204.26
2022-04-14 20:23:23,092: INFO: [4083708337.py:115]: Valid: Val Loss 0.2850, Val Acc (94.03, 98.26), Time 30.39
2022-04-14 20:23:23,092: INFO: [4083708337.py:116]: 
2022-04-14 20:23:23,095: INFO: [4083708337.py:12]: Epoch 051, lr= 7.17898e-05
2022-04-14 20:26:47,809: INFO: [4083708337.py:80]: Train: Loss 0.0861, Raw Acc (99.99, 100.00), Crop Acc (99.33, 99.94), Drop Acc (99.40, 99.97), Time 204.71
2022-04-14 20:27:17,145: INFO: [4083708337.py:115]: Valid: Val Loss 0.2824, Val Acc (93.94, 98.23), Time 29.33
2022-04-14 20:27:17,145: INFO: [4083708337.py:116]: 
2022-04-14 20:27:17,147: INFO: [4083708337.py:12]: Epoch 052, lr= 7.17898e-05
2022-04-14 20:30:41,321: INFO: [4083708337.py:80]: Train: Loss 0.0876, Raw Acc (100.00, 100.00), Crop Acc (99.04, 99.91), Drop Acc (99.25, 100.00), Time 204.17
2022-04-14 20:31:11,621: INFO: [4083708337.py:115]: Valid: Val Loss 0.2889, Val Acc (93.79, 98.20), Time 30.30
2022-04-14 20:31:11,622: INFO: [4083708337.py:116]: 
2022-04-14 20:31:11,624: INFO: [4083708337.py:12]: Epoch 053, lr= 6.46108e-05
2022-04-14 20:34:37,699: INFO: [4083708337.py:80]: Train: Loss 0.0859, Raw Acc (100.00, 100.00), Crop Acc (99.25, 99.96), Drop Acc (99.37, 99.99), Time 206.07
2022-04-14 20:35:07,057: INFO: [4083708337.py:115]: Valid: Val Loss 0.2816, Val Acc (93.88, 98.26), Time 29.35
2022-04-14 20:35:07,057: INFO: [4083708337.py:116]: 
2022-04-14 20:35:07,059: INFO: [4083708337.py:12]: Epoch 054, lr= 6.46108e-05
