2022-04-11 18:58:43,646: INFO: [884905349.py:15]: Current Trainning Model: aircraft
2022-04-11 18:58:43,664: INFO: [3616641869.py:12]: Dataset Name:aircraft, Train:[6667], Val:[3333]
2022-04-11 18:58:43,664: INFO: [3616641869.py:14]: Batch Size:[16], Train Batches:[417], Val Batches:[53]
2022-04-11 18:59:42,535: INFO: [inception.py:201]: Inception3: All params loaded
2022-04-11 18:59:44,736: INFO: [wsdan.py:40]: WSDAN: using inception_mixed_6e as feature extractor, num_classes: 100, num_attentions: 32
2022-04-11 18:59:44,759: INFO: [3783637374.py:9]: Epoch 001, lr= 0.001
2022-04-11 19:03:06,277: INFO: [3783637374.py:78]: Train: Loss 4.5810, Raw Acc (22.99, 44.02), Crop Acc (16.47, 35.26), Drop Acc (17.38, 36.33), Time 201.51
2022-04-11 19:03:40,462: INFO: [3783637374.py:117]: Valid: Val Loss 1.9273, Val Acc (52.12, 79.78), Time 34.18
2022-04-11 19:03:40,462: INFO: [3783637374.py:118]: 
2022-04-11 19:03:40,674: INFO: [3783637374.py:9]: Epoch 002, lr= 0.001
2022-04-11 19:07:03,901: INFO: [3783637374.py:78]: Train: Loss 2.2331, Raw Acc (64.30, 89.38), Crop Acc (47.50, 75.30), Drop Acc (53.07, 81.82), Time 203.22
2022-04-11 19:07:36,897: INFO: [3783637374.py:117]: Valid: Val Loss 1.0525, Val Acc (69.70, 93.91), Time 32.99
2022-04-11 19:07:36,898: INFO: [3783637374.py:118]: 
2022-04-11 19:07:36,900: INFO: [3783637374.py:9]: Epoch 003, lr= 0.0009
2022-04-11 19:10:59,823: INFO: [3783637374.py:78]: Train: Loss 1.4936, Raw Acc (80.28, 96.69), Crop Acc (61.75, 87.64), Drop Acc (69.19, 92.71), Time 202.92
2022-04-11 19:11:34,093: INFO: [3783637374.py:117]: Valid: Val Loss 0.8113, Val Acc (76.54, 95.86), Time 34.26
2022-04-11 19:11:34,094: INFO: [3783637374.py:118]: 
2022-04-11 19:11:34,096: INFO: [3783637374.py:9]: Epoch 004, lr= 0.0009
2022-04-11 19:14:56,421: INFO: [3783637374.py:78]: Train: Loss 1.1730, Raw Acc (86.10, 98.55), Crop Acc (69.96, 92.38), Drop Acc (76.09, 95.98), Time 202.32
2022-04-11 19:15:29,422: INFO: [3783637374.py:117]: Valid: Val Loss 0.7327, Val Acc (79.00, 96.16), Time 33.00
2022-04-11 19:15:29,423: INFO: [3783637374.py:118]: 
2022-04-11 19:15:29,425: INFO: [3783637374.py:9]: Epoch 005, lr= 0.00081
2022-04-11 19:18:51,654: INFO: [3783637374.py:78]: Train: Loss 0.9666, Raw Acc (90.09, 99.39), Crop Acc (76.09, 95.02), Drop Acc (81.79, 97.45), Time 202.23
2022-04-11 19:19:25,686: INFO: [3783637374.py:117]: Valid: Val Loss 0.5957, Val Acc (83.38, 97.09), Time 34.03
2022-04-11 19:19:25,686: INFO: [3783637374.py:118]: 
2022-04-11 19:19:25,894: INFO: [3783637374.py:9]: Epoch 006, lr= 0.00081
2022-04-11 19:22:48,766: INFO: [3783637374.py:78]: Train: Loss 0.8066, Raw Acc (93.28, 99.82), Crop Acc (80.10, 96.22), Drop Acc (85.38, 98.41), Time 202.87
2022-04-11 19:23:22,851: INFO: [3783637374.py:117]: Valid: Val Loss 0.5252, Val Acc (85.75, 96.82), Time 34.08
2022-04-11 19:23:22,852: INFO: [3783637374.py:118]: 
2022-04-11 19:23:22,854: INFO: [3783637374.py:9]: Epoch 007, lr= 0.000729
2022-04-11 19:26:46,765: INFO: [3783637374.py:78]: Train: Loss 0.6539, Raw Acc (95.80, 99.93), Crop Acc (84.96, 97.84), Drop Acc (88.63, 98.95), Time 203.91
2022-04-11 19:27:20,023: INFO: [3783637374.py:117]: Valid: Val Loss 0.4791, Val Acc (86.92, 97.27), Time 33.25
2022-04-11 19:27:20,023: INFO: [3783637374.py:118]: 
2022-04-11 19:27:20,025: INFO: [3783637374.py:9]: Epoch 008, lr= 0.000729
2022-04-11 19:30:42,365: INFO: [3783637374.py:78]: Train: Loss 0.5761, Raw Acc (96.51, 99.99), Crop Acc (86.98, 98.23), Drop Acc (90.58, 99.12), Time 202.34
2022-04-11 19:31:15,860: INFO: [3783637374.py:117]: Valid: Val Loss 0.4322, Val Acc (88.60, 97.60), Time 33.49
2022-04-11 19:31:15,860: INFO: [3783637374.py:118]: 
2022-04-11 19:31:15,863: INFO: [3783637374.py:9]: Epoch 009, lr= 0.0006561
2022-04-11 19:34:37,222: INFO: [3783637374.py:78]: Train: Loss 0.5036, Raw Acc (97.32, 99.97), Crop Acc (89.14, 98.59), Drop Acc (92.35, 99.43), Time 201.36
2022-04-11 19:35:10,425: INFO: [3783637374.py:117]: Valid: Val Loss 0.4505, Val Acc (89.35, 97.51), Time 33.20
2022-04-11 19:35:10,425: INFO: [3783637374.py:118]: 
2022-04-11 19:35:10,638: INFO: [3783637374.py:9]: Epoch 010, lr= 0.0006561
2022-04-11 19:38:32,460: INFO: [3783637374.py:78]: Train: Loss 0.4641, Raw Acc (97.66, 99.99), Crop Acc (90.01, 98.70), Drop Acc (92.68, 99.52), Time 201.82
2022-04-11 19:39:06,777: INFO: [3783637374.py:117]: Valid: Val Loss 0.4131, Val Acc (89.29, 97.72), Time 34.31
2022-04-11 19:39:06,777: INFO: [3783637374.py:118]: 
2022-04-11 19:39:06,779: INFO: [3783637374.py:9]: Epoch 011, lr= 0.00059049
2022-04-11 19:42:28,769: INFO: [3783637374.py:78]: Train: Loss 0.4220, Raw Acc (98.19, 100.00), Crop Acc (91.66, 99.00), Drop Acc (93.58, 99.67), Time 201.99
2022-04-11 19:43:02,328: INFO: [3783637374.py:117]: Valid: Val Loss 0.4617, Val Acc (87.97, 97.66), Time 33.55
2022-04-11 19:43:02,328: INFO: [3783637374.py:118]: 
2022-04-11 19:43:02,331: INFO: [3783637374.py:9]: Epoch 012, lr= 0.00059049
2022-04-11 19:46:25,250: INFO: [3783637374.py:78]: Train: Loss 0.3933, Raw Acc (98.70, 99.99), Crop Acc (92.32, 98.91), Drop Acc (94.14, 99.57), Time 202.92
2022-04-11 19:46:57,886: INFO: [3783637374.py:117]: Valid: Val Loss 0.3722, Val Acc (90.37, 97.57), Time 32.63
2022-04-11 19:46:57,886: INFO: [3783637374.py:118]: 
2022-04-11 19:46:57,889: INFO: [3783637374.py:9]: Epoch 013, lr= 0.000531441
2022-04-11 19:50:20,231: INFO: [3783637374.py:78]: Train: Loss 0.3600, Raw Acc (99.06, 100.00), Crop Acc (93.82, 99.34), Drop Acc (95.14, 99.75), Time 202.34
2022-04-11 19:50:54,411: INFO: [3783637374.py:117]: Valid: Val Loss 0.3585, Val Acc (91.33, 97.72), Time 34.17
2022-04-11 19:50:54,411: INFO: [3783637374.py:118]: 
2022-04-11 19:50:54,624: INFO: [3783637374.py:9]: Epoch 014, lr= 0.000531441
2022-04-11 19:54:17,124: INFO: [3783637374.py:78]: Train: Loss 0.3412, Raw Acc (99.01, 100.00), Crop Acc (94.23, 99.39), Drop Acc (95.08, 99.69), Time 202.50
2022-04-11 19:54:50,375: INFO: [3783637374.py:117]: Valid: Val Loss 0.3559, Val Acc (91.39, 97.81), Time 33.25
2022-04-11 19:54:50,375: INFO: [3783637374.py:118]: 
2022-04-11 19:54:50,378: INFO: [3783637374.py:9]: Epoch 015, lr= 0.000478297
2022-04-11 19:58:12,233: INFO: [3783637374.py:78]: Train: Loss 0.3312, Raw Acc (99.12, 100.00), Crop Acc (93.97, 99.36), Drop Acc (95.01, 99.66), Time 201.85
2022-04-11 19:58:45,589: INFO: [3783637374.py:117]: Valid: Val Loss 0.3897, Val Acc (90.31, 97.66), Time 33.35
2022-04-11 19:58:45,589: INFO: [3783637374.py:118]: 
2022-04-11 19:58:45,592: INFO: [3783637374.py:9]: Epoch 016, lr= 0.000478297
2022-04-11 20:02:07,985: INFO: [3783637374.py:78]: Train: Loss 0.3037, Raw Acc (99.49, 100.00), Crop Acc (95.28, 99.45), Drop Acc (95.94, 99.81), Time 202.39
2022-04-11 20:02:42,013: INFO: [3783637374.py:117]: Valid: Val Loss 0.3709, Val Acc (90.79, 97.72), Time 34.02
2022-04-11 20:02:42,014: INFO: [3783637374.py:118]: 
2022-04-11 20:02:42,016: INFO: [3783637374.py:9]: Epoch 017, lr= 0.000430467
2022-04-11 20:06:04,737: INFO: [3783637374.py:78]: Train: Loss 0.2914, Raw Acc (99.58, 100.00), Crop Acc (95.62, 99.60), Drop Acc (96.22, 99.67), Time 202.72
2022-04-11 20:06:38,276: INFO: [3783637374.py:117]: Valid: Val Loss 0.3488, Val Acc (91.48, 97.81), Time 33.53
2022-04-11 20:06:38,276: INFO: [3783637374.py:118]: 
2022-04-11 20:06:38,486: INFO: [3783637374.py:9]: Epoch 018, lr= 0.000430467
2022-04-11 20:10:00,487: INFO: [3783637374.py:78]: Train: Loss 0.2742, Raw Acc (99.63, 100.00), Crop Acc (96.55, 99.75), Drop Acc (96.46, 99.87), Time 202.00
2022-04-11 20:10:33,378: INFO: [3783637374.py:117]: Valid: Val Loss 0.3521, Val Acc (91.78, 97.60), Time 32.89
2022-04-11 20:10:33,378: INFO: [3783637374.py:118]: 
2022-04-11 20:10:33,380: INFO: [3783637374.py:9]: Epoch 019, lr= 0.00038742
2022-04-11 20:13:56,455: INFO: [3783637374.py:78]: Train: Loss 0.2757, Raw Acc (99.75, 100.00), Crop Acc (96.28, 99.61), Drop Acc (96.07, 99.67), Time 203.07
2022-04-11 20:14:29,946: INFO: [3783637374.py:117]: Valid: Val Loss 0.3429, Val Acc (91.45, 97.78), Time 33.49
2022-04-11 20:14:29,947: INFO: [3783637374.py:118]: 
2022-04-11 20:14:29,950: INFO: [3783637374.py:9]: Epoch 020, lr= 0.00038742
2022-04-11 20:17:51,835: INFO: [3783637374.py:78]: Train: Loss 0.2587, Raw Acc (99.87, 100.00), Crop Acc (96.78, 99.60), Drop Acc (96.76, 99.81), Time 201.88
2022-04-11 20:18:25,018: INFO: [3783637374.py:117]: Valid: Val Loss 0.3438, Val Acc (91.51, 97.84), Time 33.18
2022-04-11 20:18:25,019: INFO: [3783637374.py:118]: 
2022-04-11 20:18:25,021: INFO: [3783637374.py:9]: Epoch 021, lr= 0.000348678
2022-04-11 20:21:48,231: INFO: [3783637374.py:78]: Train: Loss 0.2617, Raw Acc (99.81, 100.00), Crop Acc (96.10, 99.51), Drop Acc (96.27, 99.72), Time 203.21
2022-04-11 20:22:21,917: INFO: [3783637374.py:117]: Valid: Val Loss 0.3354, Val Acc (92.05, 97.75), Time 33.68
2022-04-11 20:22:21,918: INFO: [3783637374.py:118]: 
2022-04-11 20:22:22,132: INFO: [3783637374.py:9]: Epoch 022, lr= 0.000348678
2022-04-11 20:25:44,617: INFO: [3783637374.py:78]: Train: Loss 0.2514, Raw Acc (99.82, 100.00), Crop Acc (96.90, 99.69), Drop Acc (96.63, 99.70), Time 202.48
2022-04-11 20:26:19,159: INFO: [3783637374.py:117]: Valid: Val Loss 0.3386, Val Acc (91.90, 97.90), Time 34.54
2022-04-11 20:26:19,160: INFO: [3783637374.py:118]: 
2022-04-11 20:26:19,163: INFO: [3783637374.py:9]: Epoch 023, lr= 0.000313811
2022-04-11 20:29:43,124: INFO: [3783637374.py:78]: Train: Loss 0.2401, Raw Acc (99.93, 100.00), Crop Acc (97.06, 99.67), Drop Acc (96.97, 99.87), Time 203.96
2022-04-11 20:30:16,131: INFO: [3783637374.py:117]: Valid: Val Loss 0.3403, Val Acc (92.02, 97.75), Time 33.00
2022-04-11 20:30:16,131: INFO: [3783637374.py:118]: 
2022-04-11 20:30:16,133: INFO: [3783637374.py:9]: Epoch 024, lr= 0.000313811
2022-04-11 20:33:38,038: INFO: [3783637374.py:78]: Train: Loss 0.2361, Raw Acc (99.91, 100.00), Crop Acc (97.33, 99.54), Drop Acc (96.97, 99.84), Time 201.90
2022-04-11 20:34:12,421: INFO: [3783637374.py:117]: Valid: Val Loss 0.3382, Val Acc (92.05, 97.75), Time 34.38
2022-04-11 20:34:12,421: INFO: [3783637374.py:118]: 
2022-04-11 20:34:12,424: INFO: [3783637374.py:9]: Epoch 025, lr= 0.00028243
2022-04-11 20:37:34,372: INFO: [3783637374.py:78]: Train: Loss 0.2349, Raw Acc (99.84, 100.00), Crop Acc (97.27, 99.60), Drop Acc (96.82, 99.79), Time 201.94
2022-04-11 20:38:07,540: INFO: [3783637374.py:117]: Valid: Val Loss 0.3368, Val Acc (92.20, 97.87), Time 33.16
2022-04-11 20:38:07,540: INFO: [3783637374.py:118]: 
2022-04-11 20:38:07,754: INFO: [3783637374.py:9]: Epoch 026, lr= 0.00028243
2022-04-11 20:41:29,894: INFO: [3783637374.py:78]: Train: Loss 0.2278, Raw Acc (99.90, 100.00), Crop Acc (97.60, 99.72), Drop Acc (96.96, 99.78), Time 202.13
2022-04-11 20:42:03,883: INFO: [3783637374.py:117]: Valid: Val Loss 0.3304, Val Acc (92.20, 97.75), Time 33.98
2022-04-11 20:42:03,883: INFO: [3783637374.py:118]: 
2022-04-11 20:42:03,886: INFO: [3783637374.py:9]: Epoch 027, lr= 0.000254187
2022-04-11 20:45:26,007: INFO: [3783637374.py:78]: Train: Loss 0.2249, Raw Acc (99.88, 100.00), Crop Acc (97.51, 99.70), Drop Acc (97.39, 99.87), Time 202.12
2022-04-11 20:45:59,746: INFO: [3783637374.py:117]: Valid: Val Loss 0.3300, Val Acc (92.17, 97.87), Time 33.73
2022-04-11 20:45:59,746: INFO: [3783637374.py:118]: 
2022-04-11 20:45:59,749: INFO: [3783637374.py:9]: Epoch 028, lr= 0.000254187
2022-04-11 20:49:22,094: INFO: [3783637374.py:78]: Train: Loss 0.2192, Raw Acc (99.94, 100.00), Crop Acc (97.60, 99.73), Drop Acc (97.00, 99.76), Time 202.34
2022-04-11 20:49:55,480: INFO: [3783637374.py:117]: Valid: Val Loss 0.3362, Val Acc (92.17, 97.78), Time 33.38
2022-04-11 20:49:55,481: INFO: [3783637374.py:118]: 
2022-04-11 20:49:55,483: INFO: [3783637374.py:9]: Epoch 029, lr= 0.000228768
2022-04-11 20:53:17,631: INFO: [3783637374.py:78]: Train: Loss 0.2143, Raw Acc (99.94, 100.00), Crop Acc (97.56, 99.85), Drop Acc (97.47, 99.87), Time 202.14
2022-04-11 20:53:50,484: INFO: [3783637374.py:117]: Valid: Val Loss 0.3255, Val Acc (92.32, 97.78), Time 32.85
2022-04-11 20:53:50,484: INFO: [3783637374.py:118]: 
2022-04-11 20:53:50,697: INFO: [3783637374.py:9]: Epoch 030, lr= 0.000228768
2022-04-11 20:57:13,015: INFO: [3783637374.py:78]: Train: Loss 0.2118, Raw Acc (99.97, 100.00), Crop Acc (97.66, 99.75), Drop Acc (97.44, 99.82), Time 202.31
2022-04-11 20:57:47,222: INFO: [3783637374.py:117]: Valid: Val Loss 0.3248, Val Acc (92.74, 97.93), Time 34.20
2022-04-11 20:57:47,223: INFO: [3783637374.py:118]: 
2022-04-11 20:57:47,225: INFO: [3783637374.py:9]: Epoch 031, lr= 0.000205891
2022-04-11 21:01:09,137: INFO: [3783637374.py:78]: Train: Loss 0.2080, Raw Acc (99.91, 100.00), Crop Acc (97.89, 99.87), Drop Acc (97.51, 99.91), Time 201.91
2022-04-11 21:01:42,979: INFO: [3783637374.py:117]: Valid: Val Loss 0.3373, Val Acc (91.63, 97.84), Time 33.84
2022-04-11 21:01:42,979: INFO: [3783637374.py:118]: 
2022-04-11 21:01:42,981: INFO: [3783637374.py:9]: Epoch 032, lr= 0.000205891
2022-04-11 21:05:05,436: INFO: [3783637374.py:78]: Train: Loss 0.2069, Raw Acc (99.96, 100.00), Crop Acc (97.99, 99.72), Drop Acc (97.32, 99.78), Time 202.45
2022-04-11 21:05:39,435: INFO: [3783637374.py:117]: Valid: Val Loss 0.3287, Val Acc (92.86, 97.75), Time 33.99
2022-04-11 21:05:39,435: INFO: [3783637374.py:118]: 
2022-04-11 21:05:39,437: INFO: [3783637374.py:9]: Epoch 033, lr= 0.000185302
2022-04-11 21:09:01,996: INFO: [3783637374.py:78]: Train: Loss 0.2076, Raw Acc (99.91, 100.00), Crop Acc (97.89, 99.73), Drop Acc (97.66, 99.79), Time 202.56
2022-04-11 21:09:35,946: INFO: [3783637374.py:117]: Valid: Val Loss 0.3258, Val Acc (92.50, 97.78), Time 33.94
2022-04-11 21:09:35,947: INFO: [3783637374.py:118]: 
2022-04-11 21:09:36,160: INFO: [3783637374.py:9]: Epoch 034, lr= 0.000185302
2022-04-11 21:12:58,090: INFO: [3783637374.py:78]: Train: Loss 0.2030, Raw Acc (99.93, 100.00), Crop Acc (97.93, 99.81), Drop Acc (97.59, 99.88), Time 201.93
2022-04-11 21:13:31,096: INFO: [3783637374.py:117]: Valid: Val Loss 0.3271, Val Acc (92.23, 97.90), Time 33.00
2022-04-11 21:13:31,096: INFO: [3783637374.py:118]: 
2022-04-11 21:13:31,098: INFO: [3783637374.py:9]: Epoch 035, lr= 0.000166772
2022-04-11 21:16:53,279: INFO: [3783637374.py:78]: Train: Loss 0.2016, Raw Acc (99.97, 100.00), Crop Acc (97.98, 99.70), Drop Acc (97.38, 99.81), Time 202.18
2022-04-11 21:17:27,336: INFO: [3783637374.py:117]: Valid: Val Loss 0.3342, Val Acc (92.44, 97.75), Time 34.05
2022-04-11 21:17:27,336: INFO: [3783637374.py:118]: 
2022-04-11 21:17:27,338: INFO: [3783637374.py:9]: Epoch 036, lr= 0.000166772
2022-04-11 21:20:49,049: INFO: [3783637374.py:78]: Train: Loss 0.1981, Raw Acc (99.97, 100.00), Crop Acc (98.43, 99.73), Drop Acc (97.39, 99.87), Time 201.71
2022-04-11 21:21:22,518: INFO: [3783637374.py:117]: Valid: Val Loss 0.3264, Val Acc (92.71, 97.75), Time 33.46
2022-04-11 21:21:22,518: INFO: [3783637374.py:118]: 
2022-04-11 21:21:22,520: INFO: [3783637374.py:9]: Epoch 037, lr= 0.000150095
2022-04-11 21:24:44,989: INFO: [3783637374.py:78]: Train: Loss 0.1981, Raw Acc (99.99, 100.00), Crop Acc (97.87, 99.75), Drop Acc (97.66, 99.90), Time 202.47
2022-04-11 21:25:19,334: INFO: [3783637374.py:117]: Valid: Val Loss 0.3287, Val Acc (92.65, 97.72), Time 34.34
2022-04-11 21:25:19,334: INFO: [3783637374.py:118]: 
2022-04-11 21:25:19,550: INFO: [3783637374.py:9]: Epoch 038, lr= 0.000150095
2022-04-11 21:28:41,439: INFO: [3783637374.py:78]: Train: Loss 0.1922, Raw Acc (100.00, 100.00), Crop Acc (98.07, 99.81), Drop Acc (97.98, 99.90), Time 201.89
2022-04-11 21:29:14,951: INFO: [3783637374.py:117]: Valid: Val Loss 0.3294, Val Acc (92.41, 97.84), Time 33.51
2022-04-11 21:29:14,951: INFO: [3783637374.py:118]: 
2022-04-11 21:29:14,953: INFO: [3783637374.py:9]: Epoch 039, lr= 0.000135085
2022-04-11 21:32:37,299: INFO: [3783637374.py:78]: Train: Loss 0.1951, Raw Acc (99.97, 100.00), Crop Acc (98.11, 99.72), Drop Acc (97.56, 99.84), Time 202.34
2022-04-11 21:33:11,539: INFO: [3783637374.py:117]: Valid: Val Loss 0.3316, Val Acc (92.56, 97.84), Time 34.23
2022-04-11 21:33:11,539: INFO: [3783637374.py:118]: 
2022-04-11 21:33:11,542: INFO: [3783637374.py:9]: Epoch 040, lr= 0.000135085
2022-04-11 21:36:33,750: INFO: [3783637374.py:78]: Train: Loss 0.1946, Raw Acc (99.97, 100.00), Crop Acc (98.17, 99.75), Drop Acc (97.45, 99.81), Time 202.20
2022-04-11 21:37:07,836: INFO: [3783637374.py:117]: Valid: Val Loss 0.3375, Val Acc (92.56, 97.87), Time 34.08
2022-04-11 21:37:07,837: INFO: [3783637374.py:118]: 
2022-04-11 21:37:07,839: INFO: [3783637374.py:9]: Epoch 041, lr= 0.000121577
2022-04-11 21:40:30,029: INFO: [3783637374.py:78]: Train: Loss 0.1865, Raw Acc (99.99, 100.00), Crop Acc (98.49, 99.84), Drop Acc (97.95, 99.79), Time 202.19
2022-04-11 21:41:03,682: INFO: [3783637374.py:117]: Valid: Val Loss 0.3244, Val Acc (92.86, 97.84), Time 33.65
2022-04-11 21:41:03,682: INFO: [3783637374.py:118]: 
2022-04-11 21:41:03,906: INFO: [3783637374.py:9]: Epoch 042, lr= 0.000121577
2022-04-11 21:44:26,639: INFO: [3783637374.py:78]: Train: Loss 0.1864, Raw Acc (99.97, 100.00), Crop Acc (98.56, 99.78), Drop Acc (97.68, 99.90), Time 202.73
2022-04-11 21:45:01,078: INFO: [3783637374.py:117]: Valid: Val Loss 0.3310, Val Acc (92.44, 97.90), Time 34.43
2022-04-11 21:45:01,078: INFO: [3783637374.py:118]: 
2022-04-11 21:45:01,081: INFO: [3783637374.py:9]: Epoch 043, lr= 0.000109419
2022-04-11 21:48:23,363: INFO: [3783637374.py:78]: Train: Loss 0.1857, Raw Acc (99.99, 100.00), Crop Acc (98.44, 99.84), Drop Acc (97.89, 99.90), Time 202.28
2022-04-11 21:48:56,596: INFO: [3783637374.py:117]: Valid: Val Loss 0.3264, Val Acc (92.86, 97.96), Time 33.23
2022-04-11 21:48:56,596: INFO: [3783637374.py:118]: 
2022-04-11 21:48:56,598: INFO: [3783637374.py:9]: Epoch 044, lr= 0.000109419
2022-04-11 21:52:19,139: INFO: [3783637374.py:78]: Train: Loss 0.1828, Raw Acc (99.99, 100.00), Crop Acc (98.56, 99.88), Drop Acc (97.75, 99.88), Time 202.54
2022-04-11 21:52:53,843: INFO: [3783637374.py:117]: Valid: Val Loss 0.3255, Val Acc (92.89, 97.81), Time 34.70
2022-04-11 21:52:53,844: INFO: [3783637374.py:118]: 
2022-04-11 21:52:53,846: INFO: [3783637374.py:9]: Epoch 045, lr= 9.84771e-05
2022-04-11 21:56:15,650: INFO: [3783637374.py:78]: Train: Loss 0.1831, Raw Acc (100.00, 100.00), Crop Acc (98.38, 99.76), Drop Acc (97.77, 99.94), Time 201.80
2022-04-11 21:56:48,948: INFO: [3783637374.py:117]: Valid: Val Loss 0.3255, Val Acc (92.74, 97.78), Time 33.29
2022-04-11 21:56:48,949: INFO: [3783637374.py:118]: 
2022-04-11 21:56:49,176: INFO: [3783637374.py:9]: Epoch 046, lr= 9.84771e-05
2022-04-11 22:00:12,240: INFO: [3783637374.py:78]: Train: Loss 0.1847, Raw Acc (99.96, 100.00), Crop Acc (98.44, 99.84), Drop Acc (97.93, 99.85), Time 203.06
2022-04-11 22:00:46,422: INFO: [3783637374.py:117]: Valid: Val Loss 0.3207, Val Acc (92.83, 97.84), Time 34.18
2022-04-11 22:00:46,422: INFO: [3783637374.py:118]: 
2022-04-11 22:00:46,425: INFO: [3783637374.py:9]: Epoch 047, lr= 8.86294e-05
2022-04-11 22:04:09,643: INFO: [3783637374.py:78]: Train: Loss 0.1826, Raw Acc (99.97, 100.00), Crop Acc (98.55, 99.85), Drop Acc (97.65, 99.87), Time 203.22
2022-04-11 22:04:42,990: INFO: [3783637374.py:117]: Valid: Val Loss 0.3239, Val Acc (92.47, 97.87), Time 33.34
2022-04-11 22:04:42,990: INFO: [3783637374.py:118]: 
2022-04-11 22:04:42,993: INFO: [3783637374.py:9]: Epoch 048, lr= 8.86294e-05
2022-04-11 22:08:05,304: INFO: [3783637374.py:78]: Train: Loss 0.1776, Raw Acc (99.99, 100.00), Crop Acc (98.64, 99.94), Drop Acc (98.13, 99.87), Time 202.31
2022-04-11 22:08:38,803: INFO: [3783637374.py:117]: Valid: Val Loss 0.3233, Val Acc (92.95, 97.81), Time 33.49
2022-04-11 22:08:38,804: INFO: [3783637374.py:118]: 
2022-04-11 22:08:38,806: INFO: [3783637374.py:9]: Epoch 049, lr= 7.97664e-05
2022-04-11 22:12:01,873: INFO: [3783637374.py:78]: Train: Loss 0.1837, Raw Acc (100.00, 100.00), Crop Acc (98.23, 99.82), Drop Acc (97.81, 99.85), Time 203.06
2022-04-11 22:12:35,340: INFO: [3783637374.py:117]: Valid: Val Loss 0.3285, Val Acc (92.77, 97.81), Time 33.46
2022-04-11 22:12:35,340: INFO: [3783637374.py:118]: 
2022-04-11 22:12:35,557: INFO: [3783637374.py:9]: Epoch 050, lr= 7.97664e-05
2022-04-11 22:15:57,584: INFO: [3783637374.py:78]: Train: Loss 0.1796, Raw Acc (100.00, 100.00), Crop Acc (98.55, 99.82), Drop Acc (98.04, 99.79), Time 202.02
2022-04-11 22:16:30,746: INFO: [3783637374.py:117]: Valid: Val Loss 0.3274, Val Acc (92.86, 97.84), Time 33.15
2022-04-11 22:16:30,746: INFO: [3783637374.py:118]: 
2022-04-11 22:16:30,749: INFO: [3783637374.py:9]: Epoch 051, lr= 7.17898e-05
2022-04-11 22:19:53,748: INFO: [3783637374.py:78]: Train: Loss 0.1782, Raw Acc (99.99, 100.00), Crop Acc (98.56, 99.85), Drop Acc (97.84, 99.87), Time 202.99
2022-04-11 22:20:28,558: INFO: [3783637374.py:117]: Valid: Val Loss 0.3279, Val Acc (92.80, 97.81), Time 34.80
2022-04-11 22:20:28,559: INFO: [3783637374.py:118]: 
2022-04-11 22:20:28,561: INFO: [3783637374.py:9]: Epoch 052, lr= 7.17898e-05
2022-04-11 22:23:50,827: INFO: [3783637374.py:78]: Train: Loss 0.1782, Raw Acc (100.00, 100.00), Crop Acc (98.40, 99.79), Drop Acc (98.11, 99.96), Time 202.26
2022-04-11 22:24:25,339: INFO: [3783637374.py:117]: Valid: Val Loss 0.3258, Val Acc (92.68, 97.75), Time 34.51
2022-04-11 22:24:25,340: INFO: [3783637374.py:118]: 
2022-04-11 22:24:25,342: INFO: [3783637374.py:9]: Epoch 053, lr= 6.46108e-05
2022-04-11 22:27:48,097: INFO: [3783637374.py:78]: Train: Loss 0.1773, Raw Acc (99.99, 100.00), Crop Acc (98.46, 99.90), Drop Acc (97.89, 99.85), Time 202.75
2022-04-11 22:28:21,556: INFO: [3783637374.py:117]: Valid: Val Loss 0.3227, Val Acc (92.89, 97.87), Time 33.45
2022-04-11 22:28:21,556: INFO: [3783637374.py:118]: 
2022-04-11 22:28:21,772: INFO: [3783637374.py:9]: Epoch 054, lr= 6.46108e-05
2022-04-11 22:31:43,688: INFO: [3783637374.py:78]: Train: Loss 0.1763, Raw Acc (99.97, 100.00), Crop Acc (98.52, 99.79), Drop Acc (97.96, 99.93), Time 201.91
2022-04-11 22:32:17,493: INFO: [3783637374.py:117]: Valid: Val Loss 0.3276, Val Acc (92.68, 97.87), Time 33.80
2022-04-11 22:32:17,494: INFO: [3783637374.py:118]: 
2022-04-11 22:32:17,497: INFO: [3783637374.py:9]: Epoch 055, lr= 5.81497e-05
2022-04-11 22:35:39,727: INFO: [3783637374.py:78]: Train: Loss 0.1783, Raw Acc (100.00, 100.00), Crop Acc (98.43, 99.79), Drop Acc (97.92, 99.91), Time 202.23
2022-04-11 22:36:13,071: INFO: [3783637374.py:117]: Valid: Val Loss 0.3240, Val Acc (92.74, 97.93), Time 33.34
2022-04-11 22:36:13,071: INFO: [3783637374.py:118]: 
2022-04-11 22:36:13,074: INFO: [3783637374.py:9]: Epoch 056, lr= 5.81497e-05
2022-04-11 22:39:35,299: INFO: [3783637374.py:78]: Train: Loss 0.1740, Raw Acc (99.94, 100.00), Crop Acc (98.56, 99.73), Drop Acc (98.26, 99.82), Time 202.22
2022-04-11 22:40:09,136: INFO: [3783637374.py:117]: Valid: Val Loss 0.3326, Val Acc (92.65, 97.81), Time 33.83
2022-04-11 22:40:09,136: INFO: [3783637374.py:118]: 
2022-04-11 22:40:09,138: INFO: [3783637374.py:9]: Epoch 057, lr= 5.23348e-05
2022-04-11 22:43:31,462: INFO: [3783637374.py:78]: Train: Loss 0.1747, Raw Acc (99.97, 100.00), Crop Acc (98.58, 99.87), Drop Acc (98.10, 99.90), Time 202.32
2022-04-11 22:44:04,773: INFO: [3783637374.py:117]: Valid: Val Loss 0.3235, Val Acc (92.56, 97.90), Time 33.31
2022-04-11 22:44:04,773: INFO: [3783637374.py:118]: 
2022-04-11 22:44:04,989: INFO: [3783637374.py:9]: Epoch 058, lr= 5.23348e-05
2022-04-11 22:47:27,056: INFO: [3783637374.py:78]: Train: Loss 0.1750, Raw Acc (100.00, 100.00), Crop Acc (98.65, 99.76), Drop Acc (98.22, 99.91), Time 202.06
2022-04-11 22:48:01,124: INFO: [3783637374.py:117]: Valid: Val Loss 0.3242, Val Acc (92.92, 97.84), Time 34.06
2022-04-11 22:48:01,125: INFO: [3783637374.py:118]: 
2022-04-11 22:48:01,127: INFO: [3783637374.py:9]: Epoch 059, lr= 4.71013e-05
2022-04-11 22:51:23,888: INFO: [3783637374.py:78]: Train: Loss 0.1762, Raw Acc (100.00, 100.00), Crop Acc (98.49, 99.84), Drop Acc (97.99, 99.87), Time 202.76
2022-04-11 22:51:57,319: INFO: [3783637374.py:117]: Valid: Val Loss 0.3246, Val Acc (92.71, 97.90), Time 33.43
2022-04-11 22:51:57,320: INFO: [3783637374.py:118]: 
2022-04-11 22:51:57,322: INFO: [3783637374.py:9]: Epoch 060, lr= 4.71013e-05
2022-04-11 22:55:19,816: INFO: [3783637374.py:78]: Train: Loss 0.1714, Raw Acc (100.00, 100.00), Crop Acc (98.61, 99.91), Drop Acc (98.13, 99.96), Time 202.49
2022-04-11 22:55:53,123: INFO: [3783637374.py:117]: Valid: Val Loss 0.3257, Val Acc (92.68, 97.90), Time 33.30
2022-04-11 22:55:53,123: INFO: [3783637374.py:118]: 
2022-04-11 22:55:53,127: INFO: [3783637374.py:9]: Epoch 061, lr= 4.23912e-05
2022-04-11 22:59:15,152: INFO: [3783637374.py:78]: Train: Loss 0.1759, Raw Acc (99.99, 100.00), Crop Acc (98.40, 99.81), Drop Acc (98.10, 99.90), Time 202.02
2022-04-11 22:59:48,565: INFO: [3783637374.py:117]: Valid: Val Loss 0.3292, Val Acc (92.56, 97.87), Time 33.41
2022-04-11 22:59:48,566: INFO: [3783637374.py:118]: 
2022-04-11 22:59:48,783: INFO: [3783637374.py:9]: Epoch 062, lr= 4.23912e-05
2022-04-11 23:03:11,107: INFO: [3783637374.py:78]: Train: Loss 0.1766, Raw Acc (99.99, 100.00), Crop Acc (98.47, 99.81), Drop Acc (97.95, 99.87), Time 202.32
2022-04-11 23:03:44,683: INFO: [3783637374.py:117]: Valid: Val Loss 0.3262, Val Acc (92.77, 97.78), Time 33.57
2022-04-11 23:03:44,684: INFO: [3783637374.py:118]: 
2022-04-11 23:03:44,686: INFO: [3783637374.py:9]: Epoch 063, lr= 3.8152e-05
2022-04-11 23:07:07,412: INFO: [3783637374.py:78]: Train: Loss 0.1736, Raw Acc (100.00, 100.00), Crop Acc (98.59, 99.79), Drop Acc (98.04, 99.87), Time 202.72
2022-04-11 23:07:41,141: INFO: [3783637374.py:117]: Valid: Val Loss 0.3230, Val Acc (92.59, 97.90), Time 33.72
2022-04-11 23:07:41,141: INFO: [3783637374.py:118]: 
2022-04-11 23:07:41,143: INFO: [3783637374.py:9]: Epoch 064, lr= 3.8152e-05
2022-04-11 23:11:04,526: INFO: [3783637374.py:78]: Train: Loss 0.1720, Raw Acc (100.00, 100.00), Crop Acc (98.73, 99.79), Drop Acc (98.08, 99.94), Time 203.38
2022-04-11 23:11:38,007: INFO: [3783637374.py:117]: Valid: Val Loss 0.3285, Val Acc (92.59, 97.84), Time 33.47
2022-04-11 23:11:38,008: INFO: [3783637374.py:118]: 
2022-04-11 23:11:38,010: INFO: [3783637374.py:9]: Epoch 065, lr= 3.43368e-05
2022-04-11 23:14:59,770: INFO: [3783637374.py:78]: Train: Loss 0.1731, Raw Acc (99.99, 100.00), Crop Acc (98.53, 99.79), Drop Acc (98.10, 99.90), Time 201.76
2022-04-11 23:15:33,414: INFO: [3783637374.py:117]: Valid: Val Loss 0.3274, Val Acc (92.74, 97.93), Time 33.64
2022-04-11 23:15:33,414: INFO: [3783637374.py:118]: 
2022-04-11 23:15:33,676: INFO: [3783637374.py:9]: Epoch 066, lr= 3.43368e-05
2022-04-11 23:18:55,808: INFO: [3783637374.py:78]: Train: Loss 0.1730, Raw Acc (100.00, 100.00), Crop Acc (98.43, 99.88), Drop Acc (97.95, 99.79), Time 202.13
2022-04-11 23:19:29,819: INFO: [3783637374.py:117]: Valid: Val Loss 0.3262, Val Acc (92.71, 97.87), Time 34.01
2022-04-11 23:19:29,820: INFO: [3783637374.py:118]: 
2022-04-11 23:19:29,822: INFO: [3783637374.py:9]: Epoch 067, lr= 3.09032e-05
2022-04-11 23:22:52,842: INFO: [3783637374.py:78]: Train: Loss 0.1724, Raw Acc (100.00, 100.00), Crop Acc (98.37, 99.79), Drop Acc (98.10, 99.91), Time 203.02
2022-04-11 23:23:25,680: INFO: [3783637374.py:117]: Valid: Val Loss 0.3236, Val Acc (92.62, 97.81), Time 32.83
2022-04-11 23:23:25,681: INFO: [3783637374.py:118]: 
2022-04-11 23:23:25,683: INFO: [3783637374.py:9]: Epoch 068, lr= 3.09032e-05
2022-04-11 23:26:48,776: INFO: [3783637374.py:78]: Train: Loss 0.1689, Raw Acc (99.99, 100.00), Crop Acc (98.77, 99.90), Drop Acc (98.28, 99.91), Time 203.09
2022-04-11 23:27:22,006: INFO: [3783637374.py:117]: Valid: Val Loss 0.3260, Val Acc (92.56, 97.90), Time 33.22
2022-04-11 23:27:22,007: INFO: [3783637374.py:118]: 
2022-04-11 23:27:22,010: INFO: [3783637374.py:9]: Epoch 069, lr= 2.78128e-05
2022-04-11 23:30:44,568: INFO: [3783637374.py:78]: Train: Loss 0.1701, Raw Acc (100.00, 100.00), Crop Acc (98.44, 99.79), Drop Acc (98.11, 99.99), Time 202.55
2022-04-11 23:31:17,367: INFO: [3783637374.py:117]: Valid: Val Loss 0.3250, Val Acc (92.59, 97.84), Time 32.79
2022-04-11 23:31:17,368: INFO: [3783637374.py:118]: 
2022-04-11 23:31:17,586: INFO: [3783637374.py:9]: Epoch 070, lr= 2.78128e-05
2022-04-11 23:34:40,435: INFO: [3783637374.py:78]: Train: Loss 0.1730, Raw Acc (100.00, 100.00), Crop Acc (98.55, 99.87), Drop Acc (97.84, 99.87), Time 202.85
2022-04-11 23:35:14,516: INFO: [3783637374.py:117]: Valid: Val Loss 0.3276, Val Acc (92.53, 97.87), Time 34.07
2022-04-11 23:35:14,516: INFO: [3783637374.py:118]: 
2022-04-11 23:35:14,518: INFO: [3783637374.py:9]: Epoch 071, lr= 2.50316e-05
2022-04-11 23:38:38,261: INFO: [3783637374.py:78]: Train: Loss 0.1703, Raw Acc (100.00, 100.00), Crop Acc (98.53, 99.88), Drop Acc (98.31, 99.94), Time 203.74
2022-04-11 23:39:11,548: INFO: [3783637374.py:117]: Valid: Val Loss 0.3208, Val Acc (92.68, 97.93), Time 33.28
2022-04-11 23:39:11,548: INFO: [3783637374.py:118]: 
2022-04-11 23:39:11,551: INFO: [3783637374.py:9]: Epoch 072, lr= 2.50316e-05
2022-04-11 23:42:33,195: INFO: [3783637374.py:78]: Train: Loss 0.1730, Raw Acc (99.99, 100.00), Crop Acc (98.77, 99.88), Drop Acc (97.87, 99.85), Time 201.64
2022-04-11 23:43:07,179: INFO: [3783637374.py:117]: Valid: Val Loss 0.3249, Val Acc (92.95, 97.87), Time 33.98
2022-04-11 23:43:07,180: INFO: [3783637374.py:118]: 
2022-04-11 23:43:07,182: INFO: [3783637374.py:9]: Epoch 073, lr= 2.25284e-05
2022-04-11 23:46:28,889: INFO: [3783637374.py:78]: Train: Loss 0.1734, Raw Acc (100.00, 100.00), Crop Acc (98.32, 99.79), Drop Acc (98.14, 99.93), Time 201.70
2022-04-11 23:47:03,498: INFO: [3783637374.py:117]: Valid: Val Loss 0.3234, Val Acc (92.77, 97.93), Time 34.60
2022-04-11 23:47:03,498: INFO: [3783637374.py:118]: 
2022-04-11 23:47:03,710: INFO: [3783637374.py:9]: Epoch 074, lr= 2.25284e-05
2022-04-11 23:50:25,383: INFO: [3783637374.py:78]: Train: Loss 0.1662, Raw Acc (100.00, 100.00), Crop Acc (98.88, 99.87), Drop Acc (98.40, 99.91), Time 201.67
2022-04-11 23:50:58,465: INFO: [3783637374.py:117]: Valid: Val Loss 0.3231, Val Acc (92.83, 97.90), Time 33.08
2022-04-11 23:50:58,466: INFO: [3783637374.py:118]: 
2022-04-11 23:50:58,468: INFO: [3783637374.py:9]: Epoch 075, lr= 2.02756e-05
2022-04-11 23:54:21,042: INFO: [3783637374.py:78]: Train: Loss 0.1705, Raw Acc (100.00, 100.00), Crop Acc (98.55, 99.88), Drop Acc (98.05, 99.94), Time 202.57
2022-04-11 23:54:55,322: INFO: [3783637374.py:117]: Valid: Val Loss 0.3278, Val Acc (92.71, 97.75), Time 34.28
2022-04-11 23:54:55,322: INFO: [3783637374.py:118]: 
2022-04-11 23:54:55,324: INFO: [3783637374.py:9]: Epoch 076, lr= 2.02756e-05
2022-04-11 23:58:17,041: INFO: [3783637374.py:78]: Train: Loss 0.1709, Raw Acc (100.00, 100.00), Crop Acc (98.73, 99.87), Drop Acc (97.90, 99.85), Time 201.71
2022-04-11 23:58:50,054: INFO: [3783637374.py:117]: Valid: Val Loss 0.3264, Val Acc (92.92, 97.72), Time 33.01
2022-04-11 23:58:50,054: INFO: [3783637374.py:118]: 
2022-04-11 23:58:50,056: INFO: [3783637374.py:9]: Epoch 077, lr= 1.8248e-05
2022-04-12 00:02:11,766: INFO: [3783637374.py:78]: Train: Loss 0.1676, Raw Acc (99.99, 100.00), Crop Acc (98.71, 99.88), Drop Acc (98.35, 99.87), Time 201.71
2022-04-12 00:02:45,929: INFO: [3783637374.py:117]: Valid: Val Loss 0.3259, Val Acc (92.68, 97.87), Time 34.16
2022-04-12 00:02:45,930: INFO: [3783637374.py:118]: 
2022-04-12 00:02:46,144: INFO: [3783637374.py:9]: Epoch 078, lr= 1.8248e-05
2022-04-12 00:06:08,618: INFO: [3783637374.py:78]: Train: Loss 0.1679, Raw Acc (100.00, 100.00), Crop Acc (98.68, 99.79), Drop Acc (98.23, 99.93), Time 202.47
2022-04-12 00:06:42,492: INFO: [3783637374.py:117]: Valid: Val Loss 0.3286, Val Acc (92.77, 97.87), Time 33.87
2022-04-12 00:06:42,493: INFO: [3783637374.py:118]: 
2022-04-12 00:06:42,495: INFO: [3783637374.py:9]: Epoch 079, lr= 1.64232e-05
2022-04-12 00:10:05,020: INFO: [3783637374.py:78]: Train: Loss 0.1662, Raw Acc (100.00, 100.00), Crop Acc (98.49, 99.87), Drop Acc (98.46, 99.96), Time 202.52
2022-04-12 00:10:39,066: INFO: [3783637374.py:117]: Valid: Val Loss 0.3271, Val Acc (92.95, 97.81), Time 34.04
2022-04-12 00:10:39,066: INFO: [3783637374.py:118]: 
2022-04-12 00:10:39,069: INFO: [3783637374.py:9]: Epoch 080, lr= 1.64232e-05
2022-04-12 00:14:00,906: INFO: [3783637374.py:78]: Train: Loss 0.1686, Raw Acc (100.00, 100.00), Crop Acc (98.50, 99.88), Drop Acc (98.20, 99.91), Time 201.83
2022-04-12 00:14:34,931: INFO: [3783637374.py:117]: Valid: Val Loss 0.3244, Val Acc (92.86, 97.84), Time 34.02
2022-04-12 00:14:34,931: INFO: [3783637374.py:118]: 
2022-04-12 00:14:34,934: INFO: [3783637374.py:9]: Epoch 081, lr= 1.47809e-05
2022-04-12 00:17:57,026: INFO: [3783637374.py:78]: Train: Loss 0.1707, Raw Acc (100.00, 100.00), Crop Acc (98.56, 99.84), Drop Acc (98.05, 99.94), Time 202.09
2022-04-12 00:18:30,084: INFO: [3783637374.py:117]: Valid: Val Loss 0.3262, Val Acc (92.83, 97.81), Time 33.05
2022-04-12 00:18:30,084: INFO: [3783637374.py:118]: 
2022-04-12 00:18:30,298: INFO: [3783637374.py:9]: Epoch 082, lr= 1.47809e-05
2022-04-12 00:21:51,926: INFO: [3783637374.py:78]: Train: Loss 0.1675, Raw Acc (100.00, 100.00), Crop Acc (98.62, 99.84), Drop Acc (98.05, 99.94), Time 201.62
2022-04-12 00:22:26,146: INFO: [3783637374.py:117]: Valid: Val Loss 0.3281, Val Acc (92.83, 97.84), Time 34.21
2022-04-12 00:22:26,146: INFO: [3783637374.py:118]: 
2022-04-12 00:22:26,149: INFO: [3783637374.py:9]: Epoch 083, lr= 1.33028e-05
2022-04-12 00:25:47,894: INFO: [3783637374.py:78]: Train: Loss 0.1681, Raw Acc (100.00, 100.00), Crop Acc (98.76, 99.84), Drop Acc (98.19, 99.85), Time 201.74
2022-04-12 00:26:21,130: INFO: [3783637374.py:117]: Valid: Val Loss 0.3256, Val Acc (92.83, 97.75), Time 33.23
2022-04-12 00:26:21,131: INFO: [3783637374.py:118]: 
2022-04-12 00:26:21,133: INFO: [3783637374.py:9]: Epoch 084, lr= 1.33028e-05
2022-04-12 00:29:43,105: INFO: [3783637374.py:78]: Train: Loss 0.1691, Raw Acc (100.00, 100.00), Crop Acc (98.76, 99.81), Drop Acc (98.13, 99.90), Time 201.97
2022-04-12 00:30:17,231: INFO: [3783637374.py:117]: Valid: Val Loss 0.3275, Val Acc (92.71, 97.81), Time 34.12
2022-04-12 00:30:17,232: INFO: [3783637374.py:118]: 
2022-04-12 00:30:17,234: INFO: [3783637374.py:9]: Epoch 085, lr= 1.19725e-05
2022-04-12 00:33:39,114: INFO: [3783637374.py:78]: Train: Loss 0.1670, Raw Acc (99.99, 100.00), Crop Acc (98.65, 99.84), Drop Acc (98.49, 99.93), Time 201.88
2022-04-12 00:34:11,554: INFO: [3783637374.py:117]: Valid: Val Loss 0.3227, Val Acc (92.86, 97.75), Time 32.44
2022-04-12 00:34:11,554: INFO: [3783637374.py:118]: 
2022-04-12 00:34:11,763: INFO: [3783637374.py:9]: Epoch 086, lr= 1.19725e-05
2022-04-12 00:37:32,395: INFO: [3783637374.py:78]: Train: Loss 0.1659, Raw Acc (99.99, 100.00), Crop Acc (98.77, 99.85), Drop Acc (98.46, 99.90), Time 200.63
2022-04-12 00:38:05,747: INFO: [3783637374.py:117]: Valid: Val Loss 0.3222, Val Acc (92.83, 97.93), Time 33.35
2022-04-12 00:38:05,748: INFO: [3783637374.py:118]: 
2022-04-12 00:38:05,750: INFO: [3783637374.py:9]: Epoch 087, lr= 1.07753e-05
2022-04-12 00:41:28,794: INFO: [3783637374.py:78]: Train: Loss 0.1654, Raw Acc (99.99, 100.00), Crop Acc (98.70, 99.84), Drop Acc (98.38, 99.91), Time 203.04
2022-04-12 00:42:03,468: INFO: [3783637374.py:117]: Valid: Val Loss 0.3233, Val Acc (93.10, 97.84), Time 34.67
2022-04-12 00:42:03,469: INFO: [3783637374.py:118]: 
2022-04-12 00:42:03,752: INFO: [3783637374.py:9]: Epoch 088, lr= 1.07753e-05
2022-04-12 00:45:27,520: INFO: [3783637374.py:78]: Train: Loss 0.1653, Raw Acc (99.96, 100.00), Crop Acc (98.74, 99.90), Drop Acc (98.34, 99.93), Time 203.76
2022-04-12 00:46:00,728: INFO: [3783637374.py:117]: Valid: Val Loss 0.3232, Val Acc (92.77, 97.84), Time 33.20
2022-04-12 00:46:00,729: INFO: [3783637374.py:118]: 
2022-04-12 00:46:00,731: INFO: [3783637374.py:9]: Epoch 089, lr= 9.69774e-06
2022-04-12 00:49:20,510: INFO: [3783637374.py:78]: Train: Loss 0.1651, Raw Acc (99.99, 100.00), Crop Acc (98.67, 99.82), Drop Acc (98.47, 99.97), Time 199.78
2022-04-12 00:49:53,991: INFO: [3783637374.py:117]: Valid: Val Loss 0.3249, Val Acc (92.62, 97.81), Time 33.48
2022-04-12 00:49:53,991: INFO: [3783637374.py:118]: 
2022-04-12 00:49:54,197: INFO: [3783637374.py:9]: Epoch 090, lr= 9.69774e-06
2022-04-12 00:53:14,502: INFO: [3783637374.py:78]: Train: Loss 0.1665, Raw Acc (100.00, 100.00), Crop Acc (98.76, 99.88), Drop Acc (98.44, 99.88), Time 200.30
2022-04-12 00:53:47,502: INFO: [3783637374.py:117]: Valid: Val Loss 0.3240, Val Acc (92.92, 97.78), Time 32.99
2022-04-12 00:53:47,502: INFO: [3783637374.py:118]: 
2022-04-12 00:53:47,504: INFO: [3783637374.py:9]: Epoch 091, lr= 8.72796e-06
2022-04-12 00:57:07,423: INFO: [3783637374.py:78]: Train: Loss 0.1656, Raw Acc (100.00, 100.00), Crop Acc (98.85, 99.93), Drop Acc (97.98, 99.91), Time 199.92
2022-04-12 00:57:40,592: INFO: [3783637374.py:117]: Valid: Val Loss 0.3205, Val Acc (92.77, 97.81), Time 33.16
2022-04-12 00:57:40,592: INFO: [3783637374.py:118]: 
2022-04-12 00:57:40,595: INFO: [3783637374.py:9]: Epoch 092, lr= 8.72796e-06
2022-04-12 01:01:02,643: INFO: [3783637374.py:78]: Train: Loss 0.1677, Raw Acc (100.00, 100.00), Crop Acc (98.77, 99.81), Drop Acc (98.34, 99.94), Time 202.04
2022-04-12 01:01:36,447: INFO: [3783637374.py:117]: Valid: Val Loss 0.3235, Val Acc (92.92, 97.90), Time 33.80
2022-04-12 01:01:36,447: INFO: [3783637374.py:118]: 
2022-04-12 01:01:36,450: INFO: [3783637374.py:9]: Epoch 093, lr= 7.85517e-06
2022-04-12 01:04:57,458: INFO: [3783637374.py:78]: Train: Loss 0.1667, Raw Acc (99.99, 100.00), Crop Acc (98.56, 99.82), Drop Acc (98.26, 99.93), Time 201.00
2022-04-12 01:05:29,876: INFO: [3783637374.py:117]: Valid: Val Loss 0.3244, Val Acc (92.80, 97.84), Time 32.41
2022-04-12 01:05:29,877: INFO: [3783637374.py:118]: 
2022-04-12 01:05:30,085: INFO: [3783637374.py:9]: Epoch 094, lr= 7.85517e-06
2022-04-12 01:08:51,210: INFO: [3783637374.py:78]: Train: Loss 0.1649, Raw Acc (100.00, 100.00), Crop Acc (98.73, 99.85), Drop Acc (98.46, 99.96), Time 201.12
2022-04-12 01:09:24,491: INFO: [3783637374.py:117]: Valid: Val Loss 0.3289, Val Acc (92.77, 97.90), Time 33.28
2022-04-12 01:09:24,491: INFO: [3783637374.py:118]: 
2022-04-12 01:09:24,493: INFO: [3783637374.py:9]: Epoch 095, lr= 7.06965e-06
2022-04-12 01:12:45,702: INFO: [3783637374.py:78]: Train: Loss 0.1665, Raw Acc (100.00, 100.00), Crop Acc (98.86, 99.84), Drop Acc (98.31, 99.85), Time 201.21
2022-04-12 01:13:19,147: INFO: [3783637374.py:117]: Valid: Val Loss 0.3262, Val Acc (92.59, 97.87), Time 33.44
2022-04-12 01:13:19,147: INFO: [3783637374.py:118]: 
2022-04-12 01:13:19,150: INFO: [3783637374.py:9]: Epoch 096, lr= 7.06965e-06
2022-04-12 01:16:39,596: INFO: [3783637374.py:78]: Train: Loss 0.1664, Raw Acc (100.00, 100.00), Crop Acc (98.71, 99.81), Drop Acc (98.10, 99.88), Time 200.44
2022-04-12 01:17:12,602: INFO: [3783637374.py:117]: Valid: Val Loss 0.3225, Val Acc (92.77, 97.90), Time 33.00
2022-04-12 01:17:12,603: INFO: [3783637374.py:118]: 
2022-04-12 01:17:12,606: INFO: [3783637374.py:9]: Epoch 097, lr= 6.36269e-06
2022-04-12 01:20:33,475: INFO: [3783637374.py:78]: Train: Loss 0.1647, Raw Acc (99.99, 100.00), Crop Acc (98.79, 99.87), Drop Acc (98.47, 99.94), Time 200.87
2022-04-12 01:21:06,728: INFO: [3783637374.py:117]: Valid: Val Loss 0.3249, Val Acc (92.95, 97.87), Time 33.25
2022-04-12 01:21:06,728: INFO: [3783637374.py:118]: 
2022-04-12 01:21:06,938: INFO: [3783637374.py:9]: Epoch 098, lr= 6.36269e-06
2022-04-12 01:24:27,866: INFO: [3783637374.py:78]: Train: Loss 0.1659, Raw Acc (99.97, 100.00), Crop Acc (98.86, 99.91), Drop Acc (98.10, 99.91), Time 200.92
2022-04-12 01:25:01,234: INFO: [3783637374.py:117]: Valid: Val Loss 0.3255, Val Acc (92.77, 97.84), Time 33.36
2022-04-12 01:25:01,235: INFO: [3783637374.py:118]: 
2022-04-12 01:25:01,237: INFO: [3783637374.py:9]: Epoch 099, lr= 5.72642e-06
2022-04-12 01:28:22,343: INFO: [3783637374.py:78]: Train: Loss 0.1692, Raw Acc (100.00, 100.00), Crop Acc (98.68, 99.84), Drop Acc (98.11, 99.85), Time 201.10
2022-04-12 01:28:55,604: INFO: [3783637374.py:117]: Valid: Val Loss 0.3280, Val Acc (92.80, 97.84), Time 33.25
2022-04-12 01:28:55,604: INFO: [3783637374.py:118]: 
2022-04-12 01:28:55,607: INFO: [3783637374.py:9]: Epoch 100, lr= 5.72642e-06
2022-04-12 01:32:16,723: INFO: [3783637374.py:78]: Train: Loss 0.1661, Raw Acc (100.00, 100.00), Crop Acc (98.59, 99.87), Drop Acc (98.44, 99.94), Time 201.11
2022-04-12 01:32:50,112: INFO: [3783637374.py:117]: Valid: Val Loss 0.3220, Val Acc (93.01, 97.84), Time 33.38
2022-04-12 01:32:50,112: INFO: [3783637374.py:118]: 
