2022-04-13 20:40:38,386: INFO: [884905349.py:15]: Current Trainning Model: bird
2022-04-13 20:40:38,443: INFO: [1638326264.py:12]: Dataset Name:bird, Train:[5994], Val:[5794]
2022-04-13 20:40:38,443: INFO: [1638326264.py:14]: Batch Size:[12], Train Batches:[500], Val Batches:[121]
2022-04-13 20:40:44,345: INFO: [inception.py:201]: Inception3: All params loaded
2022-04-13 20:40:44,465: INFO: [wsdan.py:40]: WSDAN: using inception_mixed_6e as feature extractor, num_classes: 200, num_attentions: 32
2022-04-13 20:40:44,487: INFO: [3629038842.py:10]: Epoch 001, lr= 0.001
2022-04-13 20:43:56,877: INFO: [3629038842.py:82]: Train: Loss 5.6153, Raw Acc (17.00, 33.43), Crop Acc (13.13, 27.54), Drop Acc (12.33, 27.39), Time 192.39
2022-04-13 20:44:32,780: INFO: [3629038842.py:120]: Valid: Val Loss 2.6173, Val Acc (39.85, 73.70), Time 35.90
2022-04-13 20:44:32,781: INFO: [3629038842.py:121]: 
2022-04-13 20:44:32,783: INFO: [3629038842.py:10]: Epoch 002, lr= 0.001
2022-04-13 20:47:45,545: INFO: [3629038842.py:82]: Train: Loss 2.5103, Raw Acc (61.21, 87.34), Crop Acc (48.31, 76.13), Drop Acc (48.98, 77.61), Time 192.76
2022-04-13 20:48:21,263: INFO: [3629038842.py:120]: Valid: Val Loss 1.2249, Val Acc (67.73, 91.40), Time 35.71
2022-04-13 20:48:21,264: INFO: [3629038842.py:121]: 
2022-04-13 20:48:21,266: INFO: [3629038842.py:10]: Epoch 003, lr= 0.0009
2022-04-13 20:51:35,705: INFO: [3629038842.py:82]: Train: Loss 1.7642, Raw Acc (77.76, 95.08), Crop Acc (63.98, 87.15), Drop Acc (65.47, 89.21), Time 194.44
2022-04-13 20:52:11,982: INFO: [3629038842.py:120]: Valid: Val Loss 1.0852, Val Acc (73.32, 92.54), Time 36.27
2022-04-13 20:52:11,983: INFO: [3629038842.py:121]: 
2022-04-13 20:52:11,985: INFO: [3629038842.py:10]: Epoch 004, lr= 0.0009
2022-04-13 20:55:25,481: INFO: [3629038842.py:82]: Train: Loss 1.3133, Raw Acc (86.32, 98.31), Crop Acc (73.37, 92.66), Drop Acc (75.04, 94.36), Time 193.49
2022-04-13 20:56:00,851: INFO: [3629038842.py:120]: Valid: Val Loss 0.8519, Val Acc (79.91, 94.94), Time 35.36
2022-04-13 20:56:00,852: INFO: [3629038842.py:121]: 
2022-04-13 20:56:00,854: INFO: [3629038842.py:10]: Epoch 005, lr= 0.00081
2022-04-13 20:59:12,344: INFO: [3629038842.py:82]: Train: Loss 1.0990, Raw Acc (89.89, 99.02), Crop Acc (78.26, 94.08), Drop Acc (80.60, 96.41), Time 191.49
2022-04-13 20:59:46,999: INFO: [3629038842.py:120]: Valid: Val Loss 0.8545, Val Acc (80.08, 95.36), Time 34.65
2022-04-13 20:59:47,000: INFO: [3629038842.py:121]: 
2022-04-13 20:59:47,002: INFO: [3629038842.py:10]: Epoch 006, lr= 0.00081
2022-04-13 21:02:59,316: INFO: [3629038842.py:82]: Train: Loss 0.8824, Raw Acc (93.46, 99.50), Crop Acc (82.93, 95.85), Drop Acc (84.83, 97.85), Time 192.31
2022-04-13 21:03:34,360: INFO: [3629038842.py:120]: Valid: Val Loss 0.6902, Val Acc (82.38, 96.53), Time 35.04
2022-04-13 21:03:34,361: INFO: [3629038842.py:121]: 
2022-04-13 21:03:34,363: INFO: [3629038842.py:10]: Epoch 007, lr= 0.000729
2022-04-13 21:06:42,800: INFO: [3629038842.py:82]: Train: Loss 0.7157, Raw Acc (95.53, 99.87), Crop Acc (87.75, 97.65), Drop Acc (88.49, 98.62), Time 188.43
2022-04-13 21:07:16,670: INFO: [3629038842.py:120]: Valid: Val Loss 0.6492, Val Acc (83.81, 96.12), Time 33.86
2022-04-13 21:07:16,671: INFO: [3629038842.py:121]: 
2022-04-13 21:07:16,673: INFO: [3629038842.py:10]: Epoch 008, lr= 0.000729
2022-04-13 21:10:25,528: INFO: [3629038842.py:82]: Train: Loss 0.5863, Raw Acc (96.28, 99.88), Crop Acc (90.01, 98.25), Drop Acc (90.02, 98.60), Time 188.85
2022-04-13 21:10:59,705: INFO: [3629038842.py:120]: Valid: Val Loss 0.5720, Val Acc (85.67, 97.24), Time 34.17
2022-04-13 21:10:59,705: INFO: [3629038842.py:121]: 
2022-04-13 21:10:59,707: INFO: [3629038842.py:10]: Epoch 009, lr= 0.0006561
2022-04-13 21:14:08,539: INFO: [3629038842.py:82]: Train: Loss 0.4919, Raw Acc (96.90, 99.93), Crop Acc (91.61, 98.82), Drop Acc (92.36, 99.35), Time 188.83
2022-04-13 21:14:42,566: INFO: [3629038842.py:120]: Valid: Val Loss 0.6091, Val Acc (84.74, 96.93), Time 34.02
2022-04-13 21:14:42,567: INFO: [3629038842.py:121]: 
2022-04-13 21:14:42,569: INFO: [3629038842.py:10]: Epoch 010, lr= 0.0006561
2022-04-13 21:17:51,932: INFO: [3629038842.py:82]: Train: Loss 0.4199, Raw Acc (98.20, 99.97), Crop Acc (93.78, 99.07), Drop Acc (93.88, 99.25), Time 189.36
2022-04-13 21:18:26,001: INFO: [3629038842.py:120]: Valid: Val Loss 0.5540, Val Acc (86.52, 97.32), Time 34.06
2022-04-13 21:18:26,001: INFO: [3629038842.py:121]: 
2022-04-13 21:18:26,003: INFO: [3629038842.py:10]: Epoch 011, lr= 0.00059049
2022-04-13 21:21:36,183: INFO: [3629038842.py:82]: Train: Loss 0.3883, Raw Acc (98.25, 100.00), Crop Acc (94.44, 99.25), Drop Acc (93.81, 99.40), Time 190.18
2022-04-13 21:22:10,904: INFO: [3629038842.py:120]: Valid: Val Loss 0.5315, Val Acc (86.68, 97.46), Time 34.72
2022-04-13 21:22:10,905: INFO: [3629038842.py:121]: 
2022-04-13 21:22:10,907: INFO: [3629038842.py:10]: Epoch 012, lr= 0.00059049
2022-04-13 21:25:23,911: INFO: [3629038842.py:82]: Train: Loss 0.3399, Raw Acc (99.22, 100.00), Crop Acc (95.76, 99.32), Drop Acc (95.40, 99.47), Time 193.00
2022-04-13 21:25:57,872: INFO: [3629038842.py:120]: Valid: Val Loss 0.5421, Val Acc (86.90, 97.31), Time 33.96
2022-04-13 21:25:57,873: INFO: [3629038842.py:121]: 
2022-04-13 21:25:57,875: INFO: [3629038842.py:10]: Epoch 013, lr= 0.000531441
2022-04-13 21:29:07,538: INFO: [3629038842.py:82]: Train: Loss 0.3153, Raw Acc (99.28, 100.00), Crop Acc (96.43, 99.35), Drop Acc (95.83, 99.65), Time 189.66
2022-04-13 21:29:42,073: INFO: [3629038842.py:120]: Valid: Val Loss 0.5652, Val Acc (86.80, 97.20), Time 34.53
2022-04-13 21:29:42,073: INFO: [3629038842.py:121]: 
2022-04-13 21:29:42,076: INFO: [3629038842.py:10]: Epoch 014, lr= 0.000531441
2022-04-13 21:32:51,347: INFO: [3629038842.py:82]: Train: Loss 0.2962, Raw Acc (99.52, 100.00), Crop Acc (96.58, 99.60), Drop Acc (95.65, 99.65), Time 189.27
2022-04-13 21:33:25,167: INFO: [3629038842.py:120]: Valid: Val Loss 0.5354, Val Acc (86.95, 97.50), Time 33.81
2022-04-13 21:33:25,167: INFO: [3629038842.py:121]: 
2022-04-13 21:33:25,169: INFO: [3629038842.py:10]: Epoch 015, lr= 0.000478297
2022-04-13 21:36:35,401: INFO: [3629038842.py:82]: Train: Loss 0.2780, Raw Acc (99.67, 100.00), Crop Acc (96.73, 99.62), Drop Acc (96.71, 99.60), Time 190.23
2022-04-13 21:37:10,327: INFO: [3629038842.py:120]: Valid: Val Loss 0.5181, Val Acc (87.92, 97.65), Time 34.92
2022-04-13 21:37:10,328: INFO: [3629038842.py:121]: 
2022-04-13 21:37:10,330: INFO: [3629038842.py:10]: Epoch 016, lr= 0.000478297
2022-04-13 21:40:19,964: INFO: [3629038842.py:82]: Train: Loss 0.2648, Raw Acc (99.67, 100.00), Crop Acc (97.33, 99.72), Drop Acc (96.70, 99.73), Time 189.63
2022-04-13 21:40:54,057: INFO: [3629038842.py:120]: Valid: Val Loss 0.5281, Val Acc (87.37, 97.65), Time 34.09
2022-04-13 21:40:54,057: INFO: [3629038842.py:121]: 
2022-04-13 21:40:54,059: INFO: [3629038842.py:10]: Epoch 017, lr= 0.000430467
2022-04-13 21:44:02,900: INFO: [3629038842.py:82]: Train: Loss 0.2522, Raw Acc (99.75, 100.00), Crop Acc (97.55, 99.68), Drop Acc (96.63, 99.72), Time 188.84
2022-04-13 21:44:36,998: INFO: [3629038842.py:120]: Valid: Val Loss 0.5226, Val Acc (87.66, 97.48), Time 34.09
2022-04-13 21:44:36,999: INFO: [3629038842.py:121]: 
2022-04-13 21:44:37,001: INFO: [3629038842.py:10]: Epoch 018, lr= 0.000430467
2022-04-13 21:47:46,973: INFO: [3629038842.py:82]: Train: Loss 0.2375, Raw Acc (99.87, 100.00), Crop Acc (98.06, 99.68), Drop Acc (97.50, 99.73), Time 189.97
2022-04-13 21:48:21,200: INFO: [3629038842.py:120]: Valid: Val Loss 0.5216, Val Acc (88.19, 97.58), Time 34.22
2022-04-13 21:48:21,200: INFO: [3629038842.py:121]: 
2022-04-13 21:48:21,202: INFO: [3629038842.py:10]: Epoch 019, lr= 0.00038742
2022-04-13 21:51:30,814: INFO: [3629038842.py:82]: Train: Loss 0.2328, Raw Acc (99.95, 100.00), Crop Acc (97.88, 99.50), Drop Acc (97.76, 99.68), Time 189.61
2022-04-13 21:52:04,760: INFO: [3629038842.py:120]: Valid: Val Loss 0.5265, Val Acc (87.97, 97.60), Time 33.94
2022-04-13 21:52:04,761: INFO: [3629038842.py:121]: 
2022-04-13 21:52:04,763: INFO: [3629038842.py:10]: Epoch 020, lr= 0.00038742
2022-04-13 21:55:13,893: INFO: [3629038842.py:82]: Train: Loss 0.2217, Raw Acc (99.97, 100.00), Crop Acc (98.30, 99.73), Drop Acc (97.80, 99.78), Time 189.13
2022-04-13 21:55:48,133: INFO: [3629038842.py:120]: Valid: Val Loss 0.5177, Val Acc (88.47, 97.69), Time 34.23
2022-04-13 21:55:48,133: INFO: [3629038842.py:121]: 
2022-04-13 21:55:48,135: INFO: [3629038842.py:10]: Epoch 021, lr= 0.000348678
2022-04-13 21:58:57,617: INFO: [3629038842.py:82]: Train: Loss 0.2146, Raw Acc (99.90, 100.00), Crop Acc (98.21, 99.80), Drop Acc (97.88, 99.78), Time 189.48
2022-04-13 21:59:31,652: INFO: [3629038842.py:120]: Valid: Val Loss 0.5136, Val Acc (88.16, 97.48), Time 34.03
2022-04-13 21:59:31,652: INFO: [3629038842.py:121]: 
2022-04-13 21:59:31,654: INFO: [3629038842.py:10]: Epoch 022, lr= 0.000348678
2022-04-13 22:02:42,110: INFO: [3629038842.py:82]: Train: Loss 0.2113, Raw Acc (99.97, 100.00), Crop Acc (98.11, 99.65), Drop Acc (98.21, 99.85), Time 190.45
2022-04-13 22:03:16,080: INFO: [3629038842.py:120]: Valid: Val Loss 0.5116, Val Acc (88.35, 97.76), Time 33.97
2022-04-13 22:03:16,081: INFO: [3629038842.py:121]: 
2022-04-13 22:03:16,083: INFO: [3629038842.py:10]: Epoch 023, lr= 0.000313811
2022-04-13 22:06:25,561: INFO: [3629038842.py:82]: Train: Loss 0.2110, Raw Acc (100.00, 100.00), Crop Acc (98.18, 99.67), Drop Acc (97.86, 99.67), Time 189.48
2022-04-13 22:06:59,350: INFO: [3629038842.py:120]: Valid: Val Loss 0.5223, Val Acc (88.11, 97.58), Time 33.78
2022-04-13 22:06:59,351: INFO: [3629038842.py:121]: 
2022-04-13 22:06:59,353: INFO: [3629038842.py:10]: Epoch 024, lr= 0.000313811
2022-04-13 22:10:08,170: INFO: [3629038842.py:82]: Train: Loss 0.1983, Raw Acc (99.95, 100.00), Crop Acc (98.31, 99.77), Drop Acc (98.45, 99.85), Time 188.81
2022-04-13 22:10:42,344: INFO: [3629038842.py:120]: Valid: Val Loss 0.5083, Val Acc (88.37, 97.67), Time 34.17
2022-04-13 22:10:42,344: INFO: [3629038842.py:121]: 
2022-04-13 22:10:42,346: INFO: [3629038842.py:10]: Epoch 025, lr= 0.00028243
2022-04-13 22:13:51,462: INFO: [3629038842.py:82]: Train: Loss 0.1991, Raw Acc (99.98, 100.00), Crop Acc (98.50, 99.78), Drop Acc (98.15, 99.87), Time 189.11
2022-04-13 22:14:25,592: INFO: [3629038842.py:120]: Valid: Val Loss 0.5162, Val Acc (88.25, 97.65), Time 34.12
2022-04-13 22:14:25,592: INFO: [3629038842.py:121]: 
2022-04-13 22:14:25,594: INFO: [3629038842.py:10]: Epoch 026, lr= 0.00028243
2022-04-13 22:17:35,924: INFO: [3629038842.py:82]: Train: Loss 0.1938, Raw Acc (99.98, 100.00), Crop Acc (98.28, 99.75), Drop Acc (98.20, 99.80), Time 190.33
2022-04-13 22:18:10,687: INFO: [3629038842.py:120]: Valid: Val Loss 0.5189, Val Acc (88.33, 97.84), Time 34.76
2022-04-13 22:18:10,687: INFO: [3629038842.py:121]: 
2022-04-13 22:18:10,690: INFO: [3629038842.py:10]: Epoch 027, lr= 0.000254187
2022-04-13 22:21:21,774: INFO: [3629038842.py:82]: Train: Loss 0.1866, Raw Acc (100.00, 100.00), Crop Acc (98.62, 99.87), Drop Acc (98.45, 99.83), Time 191.08
2022-04-13 22:21:56,449: INFO: [3629038842.py:120]: Valid: Val Loss 0.5114, Val Acc (88.45, 97.69), Time 34.67
2022-04-13 22:21:56,449: INFO: [3629038842.py:121]: 
2022-04-13 22:21:56,451: INFO: [3629038842.py:10]: Epoch 028, lr= 0.000254187
2022-04-13 22:25:07,414: INFO: [3629038842.py:82]: Train: Loss 0.1839, Raw Acc (100.00, 100.00), Crop Acc (98.92, 99.80), Drop Acc (98.42, 99.75), Time 190.96
2022-04-13 22:25:41,992: INFO: [3629038842.py:120]: Valid: Val Loss 0.5137, Val Acc (88.23, 97.67), Time 34.57
2022-04-13 22:25:41,993: INFO: [3629038842.py:121]: 
2022-04-13 22:25:41,995: INFO: [3629038842.py:10]: Epoch 029, lr= 0.000228768
2022-04-13 22:28:54,010: INFO: [3629038842.py:82]: Train: Loss 0.1783, Raw Acc (100.00, 100.00), Crop Acc (98.92, 99.87), Drop Acc (98.60, 99.85), Time 192.01
2022-04-13 22:29:28,143: INFO: [3629038842.py:120]: Valid: Val Loss 0.5114, Val Acc (88.56, 97.79), Time 34.13
2022-04-13 22:29:28,144: INFO: [3629038842.py:121]: 
2022-04-13 22:29:28,407: INFO: [3629038842.py:10]: Epoch 030, lr= 0.000228768
2022-04-13 22:32:38,784: INFO: [3629038842.py:82]: Train: Loss 0.1766, Raw Acc (100.00, 100.00), Crop Acc (99.00, 99.87), Drop Acc (98.52, 99.83), Time 190.37
2022-04-13 22:33:13,268: INFO: [3629038842.py:120]: Valid: Val Loss 0.5141, Val Acc (88.44, 97.79), Time 34.48
2022-04-13 22:33:13,269: INFO: [3629038842.py:121]: 
2022-04-13 22:33:13,271: INFO: [3629038842.py:10]: Epoch 031, lr= 0.000205891
2022-04-13 22:36:25,099: INFO: [3629038842.py:82]: Train: Loss 0.1726, Raw Acc (100.00, 100.00), Crop Acc (99.03, 99.83), Drop Acc (98.72, 99.80), Time 191.83
2022-04-13 22:36:59,172: INFO: [3629038842.py:120]: Valid: Val Loss 0.5174, Val Acc (88.38, 97.67), Time 34.07
2022-04-13 22:36:59,172: INFO: [3629038842.py:121]: 
2022-04-13 22:36:59,174: INFO: [3629038842.py:10]: Epoch 032, lr= 0.000205891
2022-04-13 22:40:09,801: INFO: [3629038842.py:82]: Train: Loss 0.1743, Raw Acc (100.00, 100.00), Crop Acc (98.92, 99.87), Drop Acc (98.55, 99.85), Time 190.62
2022-04-13 22:40:44,272: INFO: [3629038842.py:120]: Valid: Val Loss 0.5211, Val Acc (88.42, 97.76), Time 34.47
2022-04-13 22:40:44,272: INFO: [3629038842.py:121]: 
2022-04-13 22:40:44,274: INFO: [3629038842.py:10]: Epoch 033, lr= 0.000185302
2022-04-13 22:43:54,782: INFO: [3629038842.py:82]: Train: Loss 0.1722, Raw Acc (99.98, 100.00), Crop Acc (99.13, 99.82), Drop Acc (98.70, 99.83), Time 190.50
2022-04-13 22:44:28,677: INFO: [3629038842.py:120]: Valid: Val Loss 0.5247, Val Acc (88.70, 97.70), Time 33.89
2022-04-13 22:44:28,677: INFO: [3629038842.py:121]: 
2022-04-13 22:44:28,922: INFO: [3629038842.py:10]: Epoch 034, lr= 0.000185302
2022-04-13 22:47:38,645: INFO: [3629038842.py:82]: Train: Loss 0.1707, Raw Acc (100.00, 100.00), Crop Acc (98.90, 99.77), Drop Acc (98.72, 99.82), Time 189.72
2022-04-13 22:48:13,119: INFO: [3629038842.py:120]: Valid: Val Loss 0.5224, Val Acc (88.73, 97.60), Time 34.47
2022-04-13 22:48:13,120: INFO: [3629038842.py:121]: 
2022-04-13 22:48:13,372: INFO: [3629038842.py:10]: Epoch 035, lr= 0.000166772
2022-04-13 22:51:23,682: INFO: [3629038842.py:82]: Train: Loss 0.1668, Raw Acc (100.00, 100.00), Crop Acc (98.97, 99.82), Drop Acc (99.07, 99.88), Time 190.31
2022-04-13 22:51:57,707: INFO: [3629038842.py:120]: Valid: Val Loss 0.5154, Val Acc (88.54, 97.74), Time 34.02
2022-04-13 22:51:57,708: INFO: [3629038842.py:121]: 
2022-04-13 22:51:57,710: INFO: [3629038842.py:10]: Epoch 036, lr= 0.000166772
2022-04-13 22:55:10,980: INFO: [3629038842.py:82]: Train: Loss 0.1647, Raw Acc (100.00, 100.00), Crop Acc (99.03, 99.85), Drop Acc (98.85, 99.90), Time 193.27
2022-04-13 22:55:45,752: INFO: [3629038842.py:120]: Valid: Val Loss 0.5192, Val Acc (88.71, 97.77), Time 34.77
2022-04-13 22:55:45,753: INFO: [3629038842.py:121]: 
2022-04-13 22:55:45,755: INFO: [3629038842.py:10]: Epoch 037, lr= 0.000150095
2022-04-13 22:58:55,745: INFO: [3629038842.py:82]: Train: Loss 0.1653, Raw Acc (100.00, 100.00), Crop Acc (99.05, 99.85), Drop Acc (98.68, 99.93), Time 189.99
2022-04-13 22:59:29,871: INFO: [3629038842.py:120]: Valid: Val Loss 0.5145, Val Acc (88.75, 97.74), Time 34.12
2022-04-13 22:59:29,871: INFO: [3629038842.py:121]: 
2022-04-13 22:59:30,136: INFO: [3629038842.py:10]: Epoch 038, lr= 0.000150095
2022-04-13 23:02:40,517: INFO: [3629038842.py:82]: Train: Loss 0.1609, Raw Acc (100.00, 100.00), Crop Acc (99.18, 99.92), Drop Acc (98.90, 99.90), Time 190.38
2022-04-13 23:03:15,684: INFO: [3629038842.py:120]: Valid: Val Loss 0.5191, Val Acc (88.73, 97.65), Time 35.16
2022-04-13 23:03:15,685: INFO: [3629038842.py:121]: 
2022-04-13 23:03:15,687: INFO: [3629038842.py:10]: Epoch 039, lr= 0.000135085
2022-04-13 23:06:26,449: INFO: [3629038842.py:82]: Train: Loss 0.1610, Raw Acc (100.00, 100.00), Crop Acc (99.05, 99.92), Drop Acc (98.83, 99.93), Time 190.76
2022-04-13 23:07:01,827: INFO: [3629038842.py:120]: Valid: Val Loss 0.5213, Val Acc (88.68, 97.60), Time 35.37
2022-04-13 23:07:01,827: INFO: [3629038842.py:121]: 
2022-04-13 23:07:01,829: INFO: [3629038842.py:10]: Epoch 040, lr= 0.000135085
2022-04-13 23:10:14,834: INFO: [3629038842.py:82]: Train: Loss 0.1618, Raw Acc (100.00, 100.00), Crop Acc (99.00, 99.85), Drop Acc (98.93, 99.92), Time 193.00
2022-04-13 23:10:49,976: INFO: [3629038842.py:120]: Valid: Val Loss 0.5212, Val Acc (88.45, 97.81), Time 35.14
2022-04-13 23:10:49,976: INFO: [3629038842.py:121]: 
2022-04-13 23:10:49,979: INFO: [3629038842.py:10]: Epoch 041, lr= 0.000121577
2022-04-13 23:13:59,940: INFO: [3629038842.py:82]: Train: Loss 0.1590, Raw Acc (100.00, 100.00), Crop Acc (99.00, 99.82), Drop Acc (99.02, 99.95), Time 189.96
2022-04-13 23:14:34,090: INFO: [3629038842.py:120]: Valid: Val Loss 0.5160, Val Acc (88.45, 97.81), Time 34.15
2022-04-13 23:14:34,091: INFO: [3629038842.py:121]: 
2022-04-13 23:14:34,093: INFO: [3629038842.py:10]: Epoch 042, lr= 0.000121577
2022-04-13 23:17:45,198: INFO: [3629038842.py:82]: Train: Loss 0.1554, Raw Acc (100.00, 100.00), Crop Acc (99.28, 99.90), Drop Acc (98.98, 99.88), Time 191.10
2022-04-13 23:18:19,334: INFO: [3629038842.py:120]: Valid: Val Loss 0.5170, Val Acc (88.59, 97.79), Time 34.13
2022-04-13 23:18:19,334: INFO: [3629038842.py:121]: 
2022-04-13 23:18:19,336: INFO: [3629038842.py:10]: Epoch 043, lr= 0.000109419
2022-04-13 23:21:29,007: INFO: [3629038842.py:82]: Train: Loss 0.1547, Raw Acc (100.00, 100.00), Crop Acc (99.33, 99.88), Drop Acc (99.03, 99.90), Time 189.67
2022-04-13 23:22:03,515: INFO: [3629038842.py:120]: Valid: Val Loss 0.5251, Val Acc (88.78, 97.64), Time 34.50
2022-04-13 23:22:03,515: INFO: [3629038842.py:121]: 
2022-04-13 23:22:03,779: INFO: [3629038842.py:10]: Epoch 044, lr= 0.000109419
2022-04-13 23:25:13,699: INFO: [3629038842.py:82]: Train: Loss 0.1569, Raw Acc (100.00, 100.00), Crop Acc (99.05, 99.80), Drop Acc (99.07, 99.93), Time 189.92
2022-04-13 23:25:47,517: INFO: [3629038842.py:120]: Valid: Val Loss 0.5247, Val Acc (88.63, 97.70), Time 33.81
2022-04-13 23:25:47,518: INFO: [3629038842.py:121]: 
2022-04-13 23:25:47,520: INFO: [3629038842.py:10]: Epoch 045, lr= 9.84771e-05
2022-04-13 23:28:57,194: INFO: [3629038842.py:82]: Train: Loss 0.1582, Raw Acc (100.00, 100.00), Crop Acc (99.05, 99.67), Drop Acc (99.03, 99.95), Time 189.67
2022-04-13 23:29:31,838: INFO: [3629038842.py:120]: Valid: Val Loss 0.5194, Val Acc (88.75, 97.70), Time 34.64
2022-04-13 23:29:31,838: INFO: [3629038842.py:121]: 
2022-04-13 23:29:31,841: INFO: [3629038842.py:10]: Epoch 046, lr= 9.84771e-05
2022-04-13 23:32:41,438: INFO: [3629038842.py:82]: Train: Loss 0.1539, Raw Acc (100.00, 100.00), Crop Acc (99.12, 99.80), Drop Acc (99.20, 99.95), Time 189.59
2022-04-13 23:33:15,717: INFO: [3629038842.py:120]: Valid: Val Loss 0.5162, Val Acc (88.92, 97.70), Time 34.27
2022-04-13 23:33:15,717: INFO: [3629038842.py:121]: 
2022-04-13 23:33:15,956: INFO: [3629038842.py:10]: Epoch 047, lr= 8.86294e-05
2022-04-13 23:36:26,788: INFO: [3629038842.py:82]: Train: Loss 0.1529, Raw Acc (100.00, 100.00), Crop Acc (99.22, 99.85), Drop Acc (99.00, 99.97), Time 190.83
2022-04-13 23:37:01,156: INFO: [3629038842.py:120]: Valid: Val Loss 0.5146, Val Acc (88.70, 97.81), Time 34.36
2022-04-13 23:37:01,157: INFO: [3629038842.py:121]: 
2022-04-13 23:37:01,159: INFO: [3629038842.py:10]: Epoch 048, lr= 8.86294e-05
2022-04-13 23:40:11,124: INFO: [3629038842.py:82]: Train: Loss 0.1533, Raw Acc (100.00, 100.00), Crop Acc (99.10, 99.90), Drop Acc (98.98, 99.92), Time 189.96
2022-04-13 23:40:45,211: INFO: [3629038842.py:120]: Valid: Val Loss 0.5241, Val Acc (88.61, 97.64), Time 34.08
2022-04-13 23:40:45,211: INFO: [3629038842.py:121]: 
2022-04-13 23:40:45,213: INFO: [3629038842.py:10]: Epoch 049, lr= 7.97664e-05
2022-04-13 23:43:55,957: INFO: [3629038842.py:82]: Train: Loss 0.1542, Raw Acc (100.00, 100.00), Crop Acc (99.12, 99.80), Drop Acc (98.92, 99.92), Time 190.74
2022-04-13 23:44:30,139: INFO: [3629038842.py:120]: Valid: Val Loss 0.5184, Val Acc (88.87, 97.84), Time 34.18
2022-04-13 23:44:30,139: INFO: [3629038842.py:121]: 
2022-04-13 23:44:30,141: INFO: [3629038842.py:10]: Epoch 050, lr= 7.97664e-05
2022-04-13 23:47:41,689: INFO: [3629038842.py:82]: Train: Loss 0.1530, Raw Acc (100.00, 100.00), Crop Acc (99.17, 99.78), Drop Acc (99.10, 99.95), Time 191.54
2022-04-13 23:48:16,796: INFO: [3629038842.py:120]: Valid: Val Loss 0.5272, Val Acc (88.57, 97.74), Time 35.10
2022-04-13 23:48:16,796: INFO: [3629038842.py:121]: 
2022-04-13 23:48:16,799: INFO: [3629038842.py:10]: Epoch 051, lr= 7.17898e-05
2022-04-13 23:51:27,386: INFO: [3629038842.py:82]: Train: Loss 0.1507, Raw Acc (100.00, 100.00), Crop Acc (99.47, 99.93), Drop Acc (99.00, 99.92), Time 190.58
2022-04-13 23:52:02,235: INFO: [3629038842.py:120]: Valid: Val Loss 0.5259, Val Acc (88.64, 97.81), Time 34.84
2022-04-13 23:52:02,236: INFO: [3629038842.py:121]: 
2022-04-13 23:52:02,238: INFO: [3629038842.py:10]: Epoch 052, lr= 7.17898e-05
2022-04-13 23:55:13,452: INFO: [3629038842.py:82]: Train: Loss 0.1504, Raw Acc (100.00, 100.00), Crop Acc (99.32, 99.88), Drop Acc (99.13, 99.93), Time 191.21
2022-04-13 23:55:48,668: INFO: [3629038842.py:120]: Valid: Val Loss 0.5156, Val Acc (88.76, 97.69), Time 35.21
2022-04-13 23:55:48,669: INFO: [3629038842.py:121]: 
2022-04-13 23:55:48,671: INFO: [3629038842.py:10]: Epoch 053, lr= 6.46108e-05
2022-04-13 23:58:59,205: INFO: [3629038842.py:82]: Train: Loss 0.1466, Raw Acc (100.00, 100.00), Crop Acc (99.40, 99.93), Drop Acc (99.15, 99.92), Time 190.53
2022-04-13 23:59:33,984: INFO: [3629038842.py:120]: Valid: Val Loss 0.5220, Val Acc (88.89, 97.77), Time 34.77
2022-04-13 23:59:33,985: INFO: [3629038842.py:121]: 
2022-04-13 23:59:33,987: INFO: [3629038842.py:10]: Epoch 054, lr= 6.46108e-05
2022-04-14 00:02:45,025: INFO: [3629038842.py:82]: Train: Loss 0.1521, Raw Acc (100.00, 100.00), Crop Acc (99.18, 99.90), Drop Acc (98.93, 99.88), Time 191.04
2022-04-14 00:03:20,207: INFO: [3629038842.py:120]: Valid: Val Loss 0.5225, Val Acc (88.68, 97.81), Time 35.18
2022-04-14 00:03:20,207: INFO: [3629038842.py:121]: 
2022-04-14 00:03:20,209: INFO: [3629038842.py:10]: Epoch 055, lr= 5.81497e-05
2022-04-14 00:06:29,515: INFO: [3629038842.py:82]: Train: Loss 0.1472, Raw Acc (100.00, 100.00), Crop Acc (99.28, 99.90), Drop Acc (99.10, 99.97), Time 189.30
2022-04-14 00:07:04,042: INFO: [3629038842.py:120]: Valid: Val Loss 0.5207, Val Acc (88.89, 97.79), Time 34.52
2022-04-14 00:07:04,042: INFO: [3629038842.py:121]: 
2022-04-14 00:07:04,045: INFO: [3629038842.py:10]: Epoch 056, lr= 5.81497e-05
2022-04-14 00:10:13,083: INFO: [3629038842.py:82]: Train: Loss 0.1461, Raw Acc (100.00, 100.00), Crop Acc (99.32, 99.92), Drop Acc (99.07, 99.92), Time 189.04
2022-04-14 00:10:48,022: INFO: [3629038842.py:120]: Valid: Val Loss 0.5254, Val Acc (88.68, 97.79), Time 34.93
2022-04-14 00:10:48,022: INFO: [3629038842.py:121]: 
2022-04-14 00:10:48,024: INFO: [3629038842.py:10]: Epoch 057, lr= 5.23348e-05
2022-04-14 00:13:57,651: INFO: [3629038842.py:82]: Train: Loss 0.1475, Raw Acc (100.00, 100.00), Crop Acc (99.32, 99.82), Drop Acc (99.15, 99.90), Time 189.62
2022-04-14 00:14:32,370: INFO: [3629038842.py:120]: Valid: Val Loss 0.5139, Val Acc (88.52, 97.69), Time 34.71
2022-04-14 00:14:32,370: INFO: [3629038842.py:121]: 
2022-04-14 00:14:32,372: INFO: [3629038842.py:10]: Epoch 058, lr= 5.23348e-05
2022-04-14 00:17:41,774: INFO: [3629038842.py:82]: Train: Loss 0.1460, Raw Acc (100.00, 100.00), Crop Acc (99.32, 99.90), Drop Acc (99.20, 99.92), Time 189.40
2022-04-14 00:18:15,708: INFO: [3629038842.py:120]: Valid: Val Loss 0.5226, Val Acc (88.68, 97.79), Time 33.93
2022-04-14 00:18:15,708: INFO: [3629038842.py:121]: 
2022-04-14 00:18:15,711: INFO: [3629038842.py:10]: Epoch 059, lr= 4.71013e-05
2022-04-14 00:21:25,114: INFO: [3629038842.py:82]: Train: Loss 0.1487, Raw Acc (100.00, 100.00), Crop Acc (99.18, 99.80), Drop Acc (98.95, 99.95), Time 189.40
2022-04-14 00:22:00,207: INFO: [3629038842.py:120]: Valid: Val Loss 0.5191, Val Acc (88.80, 97.79), Time 35.09
2022-04-14 00:22:00,207: INFO: [3629038842.py:121]: 
2022-04-14 00:22:00,211: INFO: [3629038842.py:10]: Epoch 060, lr= 4.71013e-05
2022-04-14 00:25:09,103: INFO: [3629038842.py:82]: Train: Loss 0.1471, Raw Acc (100.00, 100.00), Crop Acc (99.22, 99.88), Drop Acc (99.03, 99.90), Time 188.89
2022-04-14 00:25:42,883: INFO: [3629038842.py:120]: Valid: Val Loss 0.5215, Val Acc (88.97, 97.69), Time 33.78
2022-04-14 00:25:42,884: INFO: [3629038842.py:121]: 
2022-04-14 00:25:43,123: INFO: [3629038842.py:10]: Epoch 061, lr= 4.23912e-05
2022-04-14 00:28:52,012: INFO: [3629038842.py:82]: Train: Loss 0.1464, Raw Acc (100.00, 100.00), Crop Acc (99.27, 99.97), Drop Acc (98.82, 99.93), Time 188.89
2022-04-14 00:29:26,037: INFO: [3629038842.py:120]: Valid: Val Loss 0.5210, Val Acc (88.85, 97.69), Time 34.02
2022-04-14 00:29:26,037: INFO: [3629038842.py:121]: 
2022-04-14 00:29:26,039: INFO: [3629038842.py:10]: Epoch 062, lr= 4.23912e-05
2022-04-14 00:32:34,686: INFO: [3629038842.py:82]: Train: Loss 0.1454, Raw Acc (100.00, 100.00), Crop Acc (99.40, 99.88), Drop Acc (99.07, 99.90), Time 188.64
2022-04-14 00:33:09,242: INFO: [3629038842.py:120]: Valid: Val Loss 0.5211, Val Acc (88.75, 97.77), Time 34.55
2022-04-14 00:33:09,243: INFO: [3629038842.py:121]: 
2022-04-14 00:33:09,245: INFO: [3629038842.py:10]: Epoch 063, lr= 3.8152e-05
2022-04-14 00:36:18,404: INFO: [3629038842.py:82]: Train: Loss 0.1462, Raw Acc (100.00, 100.00), Crop Acc (99.35, 99.82), Drop Acc (99.15, 99.92), Time 189.16
2022-04-14 00:36:53,627: INFO: [3629038842.py:120]: Valid: Val Loss 0.5216, Val Acc (88.95, 97.77), Time 35.22
2022-04-14 00:36:53,627: INFO: [3629038842.py:121]: 
2022-04-14 00:36:53,629: INFO: [3629038842.py:10]: Epoch 064, lr= 3.8152e-05
2022-04-14 00:40:04,154: INFO: [3629038842.py:82]: Train: Loss 0.1442, Raw Acc (100.00, 100.00), Crop Acc (99.38, 99.88), Drop Acc (99.37, 99.88), Time 190.52
2022-04-14 00:40:38,355: INFO: [3629038842.py:120]: Valid: Val Loss 0.5239, Val Acc (88.80, 97.70), Time 34.20
2022-04-14 00:40:38,355: INFO: [3629038842.py:121]: 
2022-04-14 00:40:38,357: INFO: [3629038842.py:10]: Epoch 065, lr= 3.43368e-05
2022-04-14 00:43:46,911: INFO: [3629038842.py:82]: Train: Loss 0.1434, Raw Acc (100.00, 100.00), Crop Acc (99.40, 99.90), Drop Acc (99.20, 99.97), Time 188.55
2022-04-14 00:44:20,384: INFO: [3629038842.py:120]: Valid: Val Loss 0.5151, Val Acc (88.80, 97.67), Time 33.47
2022-04-14 00:44:20,384: INFO: [3629038842.py:121]: 
2022-04-14 00:44:20,387: INFO: [3629038842.py:10]: Epoch 066, lr= 3.43368e-05
2022-04-14 00:47:29,571: INFO: [3629038842.py:82]: Train: Loss 0.1450, Raw Acc (100.00, 100.00), Crop Acc (99.35, 99.80), Drop Acc (99.13, 99.95), Time 189.18
2022-04-14 00:48:04,223: INFO: [3629038842.py:120]: Valid: Val Loss 0.5211, Val Acc (88.80, 97.70), Time 34.65
2022-04-14 00:48:04,223: INFO: [3629038842.py:121]: 
2022-04-14 00:48:04,225: INFO: [3629038842.py:10]: Epoch 067, lr= 3.09032e-05
2022-04-14 00:51:12,712: INFO: [3629038842.py:82]: Train: Loss 0.1443, Raw Acc (100.00, 100.00), Crop Acc (99.25, 99.90), Drop Acc (99.05, 99.97), Time 188.48
2022-04-14 00:51:47,158: INFO: [3629038842.py:120]: Valid: Val Loss 0.5294, Val Acc (88.38, 97.74), Time 34.44
2022-04-14 00:51:47,159: INFO: [3629038842.py:121]: 
2022-04-14 00:51:47,161: INFO: [3629038842.py:10]: Epoch 068, lr= 3.09032e-05
2022-04-14 00:54:55,081: INFO: [3629038842.py:82]: Train: Loss 0.1456, Raw Acc (100.00, 100.00), Crop Acc (99.25, 99.82), Drop Acc (99.12, 99.92), Time 187.92
2022-04-14 00:55:29,121: INFO: [3629038842.py:120]: Valid: Val Loss 0.5251, Val Acc (88.78, 97.62), Time 34.04
2022-04-14 00:55:29,122: INFO: [3629038842.py:121]: 
2022-04-14 00:55:29,124: INFO: [3629038842.py:10]: Epoch 069, lr= 2.78128e-05
2022-04-14 00:58:39,405: INFO: [3629038842.py:82]: Train: Loss 0.1449, Raw Acc (100.00, 100.00), Crop Acc (99.40, 99.88), Drop Acc (99.02, 99.93), Time 190.28
2022-04-14 00:59:13,775: INFO: [3629038842.py:120]: Valid: Val Loss 0.5252, Val Acc (88.63, 97.65), Time 34.36
2022-04-14 00:59:13,776: INFO: [3629038842.py:121]: 
2022-04-14 00:59:13,778: INFO: [3629038842.py:10]: Epoch 070, lr= 2.78128e-05
2022-04-14 01:02:22,698: INFO: [3629038842.py:82]: Train: Loss 0.1439, Raw Acc (100.00, 100.00), Crop Acc (99.18, 99.90), Drop Acc (99.40, 99.98), Time 188.92
2022-04-14 01:02:57,442: INFO: [3629038842.py:120]: Valid: Val Loss 0.5312, Val Acc (88.87, 97.60), Time 34.74
2022-04-14 01:02:57,442: INFO: [3629038842.py:121]: 
2022-04-14 01:02:57,444: INFO: [3629038842.py:10]: Epoch 071, lr= 2.50316e-05
2022-04-14 01:06:06,019: INFO: [3629038842.py:82]: Train: Loss 0.1436, Raw Acc (100.00, 100.00), Crop Acc (99.38, 99.92), Drop Acc (99.12, 99.88), Time 188.57
2022-04-14 01:06:39,944: INFO: [3629038842.py:120]: Valid: Val Loss 0.5222, Val Acc (88.68, 97.76), Time 33.92
2022-04-14 01:06:39,945: INFO: [3629038842.py:121]: 
2022-04-14 01:06:39,947: INFO: [3629038842.py:10]: Epoch 072, lr= 2.50316e-05
2022-04-14 01:09:50,542: INFO: [3629038842.py:82]: Train: Loss 0.1417, Raw Acc (100.00, 100.00), Crop Acc (99.52, 99.90), Drop Acc (99.35, 99.93), Time 190.59
2022-04-14 01:10:25,053: INFO: [3629038842.py:120]: Valid: Val Loss 0.5218, Val Acc (88.85, 97.79), Time 34.51
2022-04-14 01:10:25,053: INFO: [3629038842.py:121]: 
2022-04-14 01:10:25,056: INFO: [3629038842.py:10]: Epoch 073, lr= 2.25284e-05
2022-04-14 01:13:36,342: INFO: [3629038842.py:82]: Train: Loss 0.1444, Raw Acc (100.00, 100.00), Crop Acc (99.38, 99.82), Drop Acc (99.08, 99.90), Time 191.28
2022-04-14 01:14:10,596: INFO: [3629038842.py:120]: Valid: Val Loss 0.5223, Val Acc (88.90, 97.74), Time 34.25
2022-04-14 01:14:10,596: INFO: [3629038842.py:121]: 
2022-04-14 01:14:10,599: INFO: [3629038842.py:10]: Epoch 074, lr= 2.25284e-05
2022-04-14 01:17:19,571: INFO: [3629038842.py:82]: Train: Loss 0.1426, Raw Acc (100.00, 100.00), Crop Acc (99.28, 99.88), Drop Acc (99.22, 99.90), Time 188.97
2022-04-14 01:17:54,317: INFO: [3629038842.py:120]: Valid: Val Loss 0.5246, Val Acc (88.87, 97.70), Time 34.74
2022-04-14 01:17:54,317: INFO: [3629038842.py:121]: 
2022-04-14 01:17:54,320: INFO: [3629038842.py:10]: Epoch 075, lr= 2.02756e-05
2022-04-14 01:21:02,887: INFO: [3629038842.py:82]: Train: Loss 0.1424, Raw Acc (100.00, 100.00), Crop Acc (99.30, 99.87), Drop Acc (99.15, 99.95), Time 188.56
2022-04-14 01:21:37,249: INFO: [3629038842.py:120]: Valid: Val Loss 0.5245, Val Acc (88.56, 97.64), Time 34.36
2022-04-14 01:21:37,249: INFO: [3629038842.py:121]: 
2022-04-14 01:21:37,251: INFO: [3629038842.py:10]: Epoch 076, lr= 2.02756e-05
2022-04-14 01:24:45,911: INFO: [3629038842.py:82]: Train: Loss 0.1421, Raw Acc (100.00, 100.00), Crop Acc (99.40, 99.80), Drop Acc (99.27, 99.93), Time 188.66
2022-04-14 01:25:20,389: INFO: [3629038842.py:120]: Valid: Val Loss 0.5234, Val Acc (88.76, 97.72), Time 34.47
2022-04-14 01:25:20,389: INFO: [3629038842.py:121]: 
2022-04-14 01:25:20,391: INFO: [3629038842.py:10]: Epoch 077, lr= 1.8248e-05
2022-04-14 01:28:31,325: INFO: [3629038842.py:82]: Train: Loss 0.1438, Raw Acc (100.00, 100.00), Crop Acc (99.33, 99.82), Drop Acc (99.18, 99.88), Time 190.93
2022-04-14 01:29:05,042: INFO: [3629038842.py:120]: Valid: Val Loss 0.5189, Val Acc (88.59, 97.76), Time 33.71
2022-04-14 01:29:05,042: INFO: [3629038842.py:121]: 
2022-04-14 01:29:05,044: INFO: [3629038842.py:10]: Epoch 078, lr= 1.8248e-05
2022-04-14 01:32:15,082: INFO: [3629038842.py:82]: Train: Loss 0.1418, Raw Acc (100.00, 100.00), Crop Acc (99.38, 99.90), Drop Acc (99.18, 99.92), Time 190.04
2022-04-14 01:32:49,918: INFO: [3629038842.py:120]: Valid: Val Loss 0.5257, Val Acc (88.87, 97.76), Time 34.83
2022-04-14 01:32:49,919: INFO: [3629038842.py:121]: 
2022-04-14 01:32:49,921: INFO: [3629038842.py:10]: Epoch 079, lr= 1.64232e-05
2022-04-14 01:36:02,083: INFO: [3629038842.py:82]: Train: Loss 0.1426, Raw Acc (100.00, 100.00), Crop Acc (99.52, 99.88), Drop Acc (99.07, 99.90), Time 192.16
2022-04-14 01:36:37,087: INFO: [3629038842.py:120]: Valid: Val Loss 0.5284, Val Acc (88.89, 97.62), Time 35.00
2022-04-14 01:36:37,088: INFO: [3629038842.py:121]: 
2022-04-14 01:36:37,090: INFO: [3629038842.py:10]: Epoch 080, lr= 1.64232e-05
2022-04-14 01:39:47,911: INFO: [3629038842.py:82]: Train: Loss 0.1438, Raw Acc (100.00, 100.00), Crop Acc (99.27, 99.80), Drop Acc (99.15, 99.90), Time 190.82
2022-04-14 01:40:21,981: INFO: [3629038842.py:120]: Valid: Val Loss 0.5220, Val Acc (89.23, 97.72), Time 34.07
2022-04-14 01:40:21,982: INFO: [3629038842.py:121]: 
