2022-04-14 20:41:06,006: INFO: [483943991.py:26]: Current Trainning Model: bird
2022-04-14 20:41:07,363: INFO: [1966024979.py:7]: Dataset Name:bird, Train:[5994], Val:[5794]
2022-04-14 20:41:07,363: INFO: [1966024979.py:8]: Batch Size:[12], Train Batches:[500], Val Batches:[121]
2022-04-14 20:41:14,059: INFO: [inception.py:163]: Inception3: All params loaded
2022-04-14 20:41:14,160: INFO: [wsdan.py:40]: WSDAN: using inception_mixed_6e as feature extractor, num_classes: 200, num_attentions: 32
2022-04-14 20:41:15,429: INFO: [4083708337.py:12]: Epoch 001, lr= 0.001
2022-04-14 20:44:20,630: INFO: [4083708337.py:80]: Train: Loss 5.7792, Raw Acc (15.40, 31.66), Crop Acc (11.08, 26.28), Drop Acc (10.76, 24.69), Time 185.20
2022-04-14 20:44:52,861: INFO: [4083708337.py:115]: Valid: Val Loss 2.7082, Val Acc (41.40, 73.18), Time 32.23
2022-04-14 20:44:52,861: INFO: [4083708337.py:116]: 
2022-04-14 20:44:53,052: INFO: [4083708337.py:12]: Epoch 002, lr= 0.001
2022-04-14 20:47:56,096: INFO: [4083708337.py:80]: Train: Loss 2.5794, Raw Acc (62.03, 85.62), Crop Acc (47.75, 75.28), Drop Acc (47.70, 76.23), Time 183.04
2022-04-14 20:48:28,396: INFO: [4083708337.py:115]: Valid: Val Loss 1.4586, Val Acc (65.40, 88.00), Time 32.30
2022-04-14 20:48:28,397: INFO: [4083708337.py:116]: 
2022-04-14 20:48:28,986: INFO: [4083708337.py:12]: Epoch 003, lr= 0.0009
2022-04-14 20:51:32,665: INFO: [4083708337.py:80]: Train: Loss 1.7841, Raw Acc (77.41, 94.76), Crop Acc (64.28, 86.62), Drop Acc (64.36, 88.49), Time 183.68
2022-04-14 20:52:04,689: INFO: [4083708337.py:115]: Valid: Val Loss 1.0312, Val Acc (74.20, 93.46), Time 32.02
2022-04-14 20:52:04,690: INFO: [4083708337.py:116]: 
2022-04-14 20:52:05,336: INFO: [4083708337.py:12]: Epoch 004, lr= 0.0009
2022-04-14 20:55:08,514: INFO: [4083708337.py:80]: Train: Loss 1.3577, Raw Acc (85.45, 98.11), Crop Acc (72.59, 91.64), Drop Acc (74.02, 93.84), Time 183.17
2022-04-14 20:55:40,968: INFO: [4083708337.py:115]: Valid: Val Loss 0.8026, Val Acc (79.32, 95.53), Time 32.45
2022-04-14 20:55:40,969: INFO: [4083708337.py:116]: 
2022-04-14 20:55:41,555: INFO: [4083708337.py:12]: Epoch 005, lr= 0.00081
2022-04-14 20:58:44,624: INFO: [4083708337.py:80]: Train: Loss 1.1405, Raw Acc (89.06, 98.83), Crop Acc (77.56, 94.36), Drop Acc (78.40, 95.80), Time 183.07
2022-04-14 20:59:17,139: INFO: [4083708337.py:115]: Valid: Val Loss 0.7513, Val Acc (80.38, 96.10), Time 32.51
2022-04-14 20:59:17,139: INFO: [4083708337.py:116]: 
2022-04-14 20:59:17,733: INFO: [4083708337.py:12]: Epoch 006, lr= 0.00081
2022-04-14 21:02:20,921: INFO: [4083708337.py:80]: Train: Loss 0.8856, Raw Acc (93.74, 99.73), Crop Acc (83.55, 96.70), Drop Acc (85.72, 97.71), Time 183.19
2022-04-14 21:02:53,001: INFO: [4083708337.py:115]: Valid: Val Loss 0.7244, Val Acc (81.45, 96.50), Time 32.08
2022-04-14 21:02:53,001: INFO: [4083708337.py:116]: 
2022-04-14 21:02:53,592: INFO: [4083708337.py:12]: Epoch 007, lr= 0.000729
2022-04-14 21:05:57,014: INFO: [4083708337.py:80]: Train: Loss 0.7627, Raw Acc (95.90, 99.95), Crop Acc (86.42, 96.95), Drop Acc (87.77, 98.57), Time 183.42
2022-04-14 21:06:29,696: INFO: [4083708337.py:115]: Valid: Val Loss 0.6501, Val Acc (83.67, 96.58), Time 32.68
2022-04-14 21:06:29,696: INFO: [4083708337.py:116]: 
2022-04-14 21:06:30,286: INFO: [4083708337.py:12]: Epoch 008, lr= 0.000729
2022-04-14 21:09:34,740: INFO: [4083708337.py:80]: Train: Loss 0.6589, Raw Acc (97.40, 99.93), Crop Acc (89.04, 97.76), Drop Acc (89.62, 98.97), Time 184.45
2022-04-14 21:10:07,822: INFO: [4083708337.py:115]: Valid: Val Loss 0.5891, Val Acc (85.28, 96.89), Time 33.08
2022-04-14 21:10:07,822: INFO: [4083708337.py:116]: 
2022-04-14 21:10:08,407: INFO: [4083708337.py:12]: Epoch 009, lr= 0.0006561
2022-04-14 21:13:12,764: INFO: [4083708337.py:80]: Train: Loss 0.5786, Raw Acc (97.83, 99.95), Crop Acc (91.19, 98.55), Drop Acc (91.74, 99.22), Time 184.35
2022-04-14 21:13:45,271: INFO: [4083708337.py:115]: Valid: Val Loss 0.5724, Val Acc (85.50, 97.07), Time 32.50
2022-04-14 21:13:45,272: INFO: [4083708337.py:116]: 
2022-04-14 21:13:45,858: INFO: [4083708337.py:12]: Epoch 010, lr= 0.0006561
2022-04-14 21:16:49,445: INFO: [4083708337.py:80]: Train: Loss 0.5138, Raw Acc (98.63, 100.00), Crop Acc (92.73, 98.65), Drop Acc (93.23, 99.43), Time 183.58
2022-04-14 21:17:21,950: INFO: [4083708337.py:115]: Valid: Val Loss 0.5326, Val Acc (85.83, 97.36), Time 32.50
2022-04-14 21:17:21,950: INFO: [4083708337.py:116]: 
2022-04-14 21:17:22,534: INFO: [4083708337.py:12]: Epoch 011, lr= 0.00059049
2022-04-14 21:20:26,257: INFO: [4083708337.py:80]: Train: Loss 0.4705, Raw Acc (99.03, 100.00), Crop Acc (93.84, 99.07), Drop Acc (93.21, 99.43), Time 183.72
2022-04-14 21:20:58,170: INFO: [4083708337.py:115]: Valid: Val Loss 0.5383, Val Acc (86.24, 97.31), Time 31.91
2022-04-14 21:20:58,170: INFO: [4083708337.py:116]: 
2022-04-14 21:20:58,750: INFO: [4083708337.py:12]: Epoch 012, lr= 0.00059049
2022-04-14 21:24:01,395: INFO: [4083708337.py:80]: Train: Loss 0.4302, Raw Acc (99.38, 100.00), Crop Acc (94.61, 99.32), Drop Acc (94.14, 99.45), Time 182.64
2022-04-14 21:24:33,124: INFO: [4083708337.py:115]: Valid: Val Loss 0.4991, Val Acc (87.14, 97.55), Time 31.72
2022-04-14 21:24:33,124: INFO: [4083708337.py:116]: 
2022-04-14 21:24:33,715: INFO: [4083708337.py:12]: Epoch 013, lr= 0.000531441
2022-04-14 21:27:36,736: INFO: [4083708337.py:80]: Train: Loss 0.3991, Raw Acc (99.48, 100.00), Crop Acc (95.05, 99.27), Drop Acc (95.31, 99.58), Time 183.02
2022-04-14 21:28:09,182: INFO: [4083708337.py:115]: Valid: Val Loss 0.5174, Val Acc (86.18, 97.39), Time 32.44
2022-04-14 21:28:09,183: INFO: [4083708337.py:116]: 
2022-04-14 21:28:09,184: INFO: [4083708337.py:12]: Epoch 014, lr= 0.000531441
2022-04-14 21:31:13,078: INFO: [4083708337.py:80]: Train: Loss 0.3591, Raw Acc (99.72, 100.00), Crop Acc (96.01, 99.60), Drop Acc (96.35, 99.60), Time 183.89
2022-04-14 21:31:45,751: INFO: [4083708337.py:115]: Valid: Val Loss 0.4946, Val Acc (87.69, 97.58), Time 32.67
2022-04-14 21:31:45,752: INFO: [4083708337.py:116]: 
2022-04-14 21:31:46,403: INFO: [4083708337.py:12]: Epoch 015, lr= 0.000478297
2022-04-14 21:34:48,495: INFO: [4083708337.py:80]: Train: Loss 0.3349, Raw Acc (99.68, 100.00), Crop Acc (96.46, 99.60), Drop Acc (96.58, 99.77), Time 182.09
2022-04-14 21:35:20,390: INFO: [4083708337.py:115]: Valid: Val Loss 0.4895, Val Acc (87.50, 97.64), Time 31.89
2022-04-14 21:35:20,390: INFO: [4083708337.py:116]: 
2022-04-14 21:35:20,392: INFO: [4083708337.py:12]: Epoch 016, lr= 0.000478297
2022-04-14 21:38:24,258: INFO: [4083708337.py:80]: Train: Loss 0.3136, Raw Acc (99.77, 100.00), Crop Acc (96.93, 99.45), Drop Acc (97.43, 99.77), Time 183.86
2022-04-14 21:38:56,304: INFO: [4083708337.py:115]: Valid: Val Loss 0.4719, Val Acc (87.63, 97.43), Time 32.04
2022-04-14 21:38:56,304: INFO: [4083708337.py:116]: 
2022-04-14 21:38:56,306: INFO: [4083708337.py:12]: Epoch 017, lr= 0.000430467
2022-04-14 21:41:59,938: INFO: [4083708337.py:80]: Train: Loss 0.2994, Raw Acc (99.82, 100.00), Crop Acc (96.81, 99.53), Drop Acc (97.40, 99.80), Time 183.63
2022-04-14 21:42:31,773: INFO: [4083708337.py:115]: Valid: Val Loss 0.4925, Val Acc (87.11, 97.46), Time 31.83
2022-04-14 21:42:31,773: INFO: [4083708337.py:116]: 
2022-04-14 21:42:31,775: INFO: [4083708337.py:12]: Epoch 018, lr= 0.000430467
2022-04-14 21:45:33,981: INFO: [4083708337.py:80]: Train: Loss 0.2766, Raw Acc (99.88, 100.00), Crop Acc (97.58, 99.65), Drop Acc (97.90, 99.80), Time 182.20
2022-04-14 21:46:06,412: INFO: [4083708337.py:115]: Valid: Val Loss 0.4564, Val Acc (88.71, 97.50), Time 32.43
2022-04-14 21:46:06,412: INFO: [4083708337.py:116]: 
2022-04-14 21:46:06,989: INFO: [4083708337.py:12]: Epoch 019, lr= 0.00038742
2022-04-14 21:49:11,317: INFO: [4083708337.py:80]: Train: Loss 0.2607, Raw Acc (99.90, 100.00), Crop Acc (97.36, 99.75), Drop Acc (98.16, 99.88), Time 184.32
2022-04-14 21:49:42,807: INFO: [4083708337.py:115]: Valid: Val Loss 0.4695, Val Acc (88.33, 97.43), Time 31.49
2022-04-14 21:49:42,807: INFO: [4083708337.py:116]: 
2022-04-14 21:49:42,809: INFO: [4083708337.py:12]: Epoch 020, lr= 0.00038742
2022-04-14 21:52:46,198: INFO: [4083708337.py:80]: Train: Loss 0.2468, Raw Acc (99.90, 100.00), Crop Acc (97.88, 99.83), Drop Acc (98.28, 99.92), Time 183.39
2022-04-14 21:53:17,813: INFO: [4083708337.py:115]: Valid: Val Loss 0.4554, Val Acc (88.38, 97.64), Time 31.61
2022-04-14 21:53:17,814: INFO: [4083708337.py:116]: 
2022-04-14 21:53:17,816: INFO: [4083708337.py:12]: Epoch 021, lr= 0.000348678
2022-04-14 21:56:20,624: INFO: [4083708337.py:80]: Train: Loss 0.2359, Raw Acc (99.93, 100.00), Crop Acc (98.30, 99.80), Drop Acc (98.57, 99.83), Time 182.81
2022-04-14 21:56:52,300: INFO: [4083708337.py:115]: Valid: Val Loss 0.4723, Val Acc (88.04, 97.50), Time 31.67
2022-04-14 21:56:52,300: INFO: [4083708337.py:116]: 
2022-04-14 21:56:52,302: INFO: [4083708337.py:12]: Epoch 022, lr= 0.000348678
2022-04-14 21:59:54,663: INFO: [4083708337.py:80]: Train: Loss 0.2263, Raw Acc (99.93, 100.00), Crop Acc (98.43, 99.75), Drop Acc (98.57, 99.93), Time 182.36
2022-04-14 22:00:26,277: INFO: [4083708337.py:115]: Valid: Val Loss 0.4534, Val Acc (88.32, 97.53), Time 31.61
2022-04-14 22:00:26,277: INFO: [4083708337.py:116]: 
2022-04-14 22:00:26,279: INFO: [4083708337.py:12]: Epoch 023, lr= 0.000313811
2022-04-14 22:03:29,263: INFO: [4083708337.py:80]: Train: Loss 0.2149, Raw Acc (99.97, 100.00), Crop Acc (98.28, 99.82), Drop Acc (98.85, 99.97), Time 182.98
2022-04-14 22:04:01,779: INFO: [4083708337.py:115]: Valid: Val Loss 0.4464, Val Acc (88.61, 97.88), Time 32.51
2022-04-14 22:04:01,779: INFO: [4083708337.py:116]: 
2022-04-14 22:04:01,781: INFO: [4083708337.py:12]: Epoch 024, lr= 0.000313811
2022-04-14 22:07:04,486: INFO: [4083708337.py:80]: Train: Loss 0.2080, Raw Acc (99.98, 100.00), Crop Acc (98.70, 99.85), Drop Acc (98.75, 99.92), Time 182.70
2022-04-14 22:07:36,665: INFO: [4083708337.py:115]: Valid: Val Loss 0.4504, Val Acc (88.49, 97.70), Time 32.17
2022-04-14 22:07:36,665: INFO: [4083708337.py:116]: 
2022-04-14 22:07:36,667: INFO: [4083708337.py:12]: Epoch 025, lr= 0.00028243
2022-04-14 22:10:40,010: INFO: [4083708337.py:80]: Train: Loss 0.2093, Raw Acc (99.97, 100.00), Crop Acc (98.21, 99.77), Drop Acc (98.68, 99.95), Time 183.34
2022-04-14 22:11:11,959: INFO: [4083708337.py:115]: Valid: Val Loss 0.4512, Val Acc (88.68, 97.77), Time 31.94
2022-04-14 22:11:11,959: INFO: [4083708337.py:116]: 
2022-04-14 22:11:11,961: INFO: [4083708337.py:12]: Epoch 026, lr= 0.00028243
2022-04-14 22:14:15,490: INFO: [4083708337.py:80]: Train: Loss 0.1982, Raw Acc (99.98, 100.00), Crop Acc (98.70, 99.85), Drop Acc (98.98, 99.88), Time 183.53
2022-04-14 22:14:47,933: INFO: [4083708337.py:115]: Valid: Val Loss 0.4460, Val Acc (88.94, 97.79), Time 32.44
2022-04-14 22:14:47,933: INFO: [4083708337.py:116]: 
2022-04-14 22:14:48,519: INFO: [4083708337.py:12]: Epoch 027, lr= 0.000254187
2022-04-14 22:17:55,070: INFO: [4083708337.py:80]: Train: Loss 0.1957, Raw Acc (99.98, 100.00), Crop Acc (98.45, 99.77), Drop Acc (98.95, 99.92), Time 186.55
2022-04-14 22:18:27,487: INFO: [4083708337.py:115]: Valid: Val Loss 0.4456, Val Acc (88.80, 97.76), Time 32.41
2022-04-14 22:18:27,487: INFO: [4083708337.py:116]: 
2022-04-14 22:18:27,489: INFO: [4083708337.py:12]: Epoch 028, lr= 0.000254187
2022-04-14 22:21:30,578: INFO: [4083708337.py:80]: Train: Loss 0.1875, Raw Acc (99.98, 100.00), Crop Acc (98.85, 99.80), Drop Acc (99.17, 99.95), Time 183.09
2022-04-14 22:22:02,916: INFO: [4083708337.py:115]: Valid: Val Loss 0.4480, Val Acc (88.63, 97.83), Time 32.33
2022-04-14 22:22:02,916: INFO: [4083708337.py:116]: 
2022-04-14 22:22:02,918: INFO: [4083708337.py:12]: Epoch 029, lr= 0.000228768
2022-04-14 22:25:06,078: INFO: [4083708337.py:80]: Train: Loss 0.1827, Raw Acc (100.00, 100.00), Crop Acc (98.87, 99.87), Drop Acc (99.25, 99.97), Time 183.16
2022-04-14 22:25:38,007: INFO: [4083708337.py:115]: Valid: Val Loss 0.4444, Val Acc (88.61, 97.86), Time 31.92
2022-04-14 22:25:38,007: INFO: [4083708337.py:116]: 
2022-04-14 22:25:38,009: INFO: [4083708337.py:12]: Epoch 030, lr= 0.000228768
2022-04-14 22:28:41,283: INFO: [4083708337.py:80]: Train: Loss 0.1815, Raw Acc (99.98, 100.00), Crop Acc (98.82, 99.83), Drop Acc (99.08, 99.92), Time 183.27
2022-04-14 22:29:13,705: INFO: [4083708337.py:115]: Valid: Val Loss 0.4446, Val Acc (88.94, 97.83), Time 32.42
2022-04-14 22:29:13,705: INFO: [4083708337.py:116]: 
2022-04-14 22:29:13,707: INFO: [4083708337.py:12]: Epoch 031, lr= 0.000205891
2022-04-14 22:32:20,853: INFO: [4083708337.py:80]: Train: Loss 0.1766, Raw Acc (100.00, 100.00), Crop Acc (98.72, 99.93), Drop Acc (99.25, 99.95), Time 187.14
2022-04-14 22:32:52,873: INFO: [4083708337.py:115]: Valid: Val Loss 0.4437, Val Acc (89.18, 97.84), Time 32.01
2022-04-14 22:32:52,873: INFO: [4083708337.py:116]: 
2022-04-14 22:32:53,434: INFO: [4083708337.py:12]: Epoch 032, lr= 0.000205891
2022-04-14 22:35:58,763: INFO: [4083708337.py:80]: Train: Loss 0.1744, Raw Acc (99.98, 100.00), Crop Acc (98.87, 99.85), Drop Acc (99.28, 99.97), Time 185.33
2022-04-14 22:36:30,801: INFO: [4083708337.py:115]: Valid: Val Loss 0.4480, Val Acc (88.73, 97.83), Time 32.03
2022-04-14 22:36:30,801: INFO: [4083708337.py:116]: 
2022-04-14 22:36:30,803: INFO: [4083708337.py:12]: Epoch 033, lr= 0.000185302
2022-04-14 22:39:34,908: INFO: [4083708337.py:80]: Train: Loss 0.1716, Raw Acc (100.00, 100.00), Crop Acc (99.13, 99.87), Drop Acc (99.52, 99.98), Time 184.10
2022-04-14 22:40:07,350: INFO: [4083708337.py:115]: Valid: Val Loss 0.4485, Val Acc (88.89, 97.81), Time 32.44
2022-04-14 22:40:07,350: INFO: [4083708337.py:116]: 
2022-04-14 22:40:07,352: INFO: [4083708337.py:12]: Epoch 034, lr= 0.000185302
2022-04-14 22:43:11,680: INFO: [4083708337.py:80]: Train: Loss 0.1707, Raw Acc (100.00, 100.00), Crop Acc (99.12, 99.87), Drop Acc (99.43, 99.97), Time 184.33
2022-04-14 22:43:44,184: INFO: [4083708337.py:115]: Valid: Val Loss 0.4463, Val Acc (88.83, 97.70), Time 32.50
2022-04-14 22:43:44,184: INFO: [4083708337.py:116]: 
2022-04-14 22:43:44,186: INFO: [4083708337.py:12]: Epoch 035, lr= 0.000166772
2022-04-14 22:46:48,128: INFO: [4083708337.py:80]: Train: Loss 0.1690, Raw Acc (100.00, 100.00), Crop Acc (99.20, 99.90), Drop Acc (99.33, 99.97), Time 183.94
2022-04-14 22:47:21,382: INFO: [4083708337.py:115]: Valid: Val Loss 0.4502, Val Acc (88.49, 97.84), Time 33.25
2022-04-14 22:47:21,382: INFO: [4083708337.py:116]: 
2022-04-14 22:47:21,384: INFO: [4083708337.py:12]: Epoch 036, lr= 0.000166772
2022-04-14 22:50:26,379: INFO: [4083708337.py:80]: Train: Loss 0.1701, Raw Acc (100.00, 100.00), Crop Acc (99.05, 99.90), Drop Acc (99.07, 99.93), Time 184.99
2022-04-14 22:50:59,061: INFO: [4083708337.py:115]: Valid: Val Loss 0.4444, Val Acc (88.89, 97.77), Time 32.68
2022-04-14 22:50:59,061: INFO: [4083708337.py:116]: 
2022-04-14 22:50:59,063: INFO: [4083708337.py:12]: Epoch 037, lr= 0.000150095
2022-04-14 22:54:05,163: INFO: [4083708337.py:80]: Train: Loss 0.1636, Raw Acc (100.00, 100.00), Crop Acc (99.12, 99.88), Drop Acc (99.42, 99.90), Time 186.10
2022-04-14 22:54:38,060: INFO: [4083708337.py:115]: Valid: Val Loss 0.4484, Val Acc (89.06, 97.70), Time 32.89
2022-04-14 22:54:38,060: INFO: [4083708337.py:116]: 
2022-04-14 22:54:38,062: INFO: [4083708337.py:12]: Epoch 038, lr= 0.000150095
2022-04-14 22:57:42,006: INFO: [4083708337.py:80]: Train: Loss 0.1643, Raw Acc (100.00, 100.00), Crop Acc (99.08, 99.83), Drop Acc (99.40, 99.93), Time 183.94
2022-04-14 22:58:15,415: INFO: [4083708337.py:115]: Valid: Val Loss 0.4399, Val Acc (89.23, 97.86), Time 33.40
2022-04-14 22:58:15,415: INFO: [4083708337.py:116]: 
2022-04-14 22:58:16,007: INFO: [4083708337.py:12]: Epoch 039, lr= 0.000135085
2022-04-14 23:01:21,805: INFO: [4083708337.py:80]: Train: Loss 0.1604, Raw Acc (100.00, 100.00), Crop Acc (99.28, 99.87), Drop Acc (99.42, 99.97), Time 185.80
2022-04-14 23:01:54,450: INFO: [4083708337.py:115]: Valid: Val Loss 0.4479, Val Acc (89.01, 97.79), Time 32.64
2022-04-14 23:01:54,450: INFO: [4083708337.py:116]: 
2022-04-14 23:01:54,452: INFO: [4083708337.py:12]: Epoch 040, lr= 0.000135085
2022-04-14 23:04:58,135: INFO: [4083708337.py:80]: Train: Loss 0.1609, Raw Acc (100.00, 100.00), Crop Acc (99.18, 99.88), Drop Acc (99.35, 99.98), Time 183.68
2022-04-14 23:05:30,037: INFO: [4083708337.py:115]: Valid: Val Loss 0.4426, Val Acc (89.21, 97.88), Time 31.90
2022-04-14 23:05:30,037: INFO: [4083708337.py:116]: 
2022-04-14 23:05:30,039: INFO: [4083708337.py:12]: Epoch 041, lr= 0.000121577
2022-04-14 23:08:33,794: INFO: [4083708337.py:80]: Train: Loss 0.1582, Raw Acc (100.00, 100.00), Crop Acc (99.03, 99.90), Drop Acc (99.47, 99.95), Time 183.75
2022-04-14 23:09:05,651: INFO: [4083708337.py:115]: Valid: Val Loss 0.4428, Val Acc (88.83, 97.88), Time 31.85
2022-04-14 23:09:05,651: INFO: [4083708337.py:116]: 
2022-04-14 23:09:05,653: INFO: [4083708337.py:12]: Epoch 042, lr= 0.000121577
2022-04-14 23:12:08,269: INFO: [4083708337.py:80]: Train: Loss 0.1592, Raw Acc (100.00, 100.00), Crop Acc (99.07, 99.83), Drop Acc (99.45, 99.97), Time 182.61
2022-04-14 23:12:39,838: INFO: [4083708337.py:115]: Valid: Val Loss 0.4398, Val Acc (88.70, 97.91), Time 31.56
2022-04-14 23:12:39,838: INFO: [4083708337.py:116]: 
2022-04-14 23:12:39,840: INFO: [4083708337.py:12]: Epoch 043, lr= 0.000109419
2022-04-14 23:15:42,251: INFO: [4083708337.py:80]: Train: Loss 0.1578, Raw Acc (100.00, 100.00), Crop Acc (99.12, 99.87), Drop Acc (99.43, 99.92), Time 182.41
2022-04-14 23:16:13,682: INFO: [4083708337.py:115]: Valid: Val Loss 0.4468, Val Acc (88.70, 97.72), Time 31.43
2022-04-14 23:16:13,682: INFO: [4083708337.py:116]: 
2022-04-14 23:16:13,684: INFO: [4083708337.py:12]: Epoch 044, lr= 0.000109419
2022-04-14 23:19:18,212: INFO: [4083708337.py:80]: Train: Loss 0.1544, Raw Acc (100.00, 100.00), Crop Acc (99.27, 99.90), Drop Acc (99.37, 99.97), Time 184.53
2022-04-14 23:19:49,760: INFO: [4083708337.py:115]: Valid: Val Loss 0.4448, Val Acc (89.21, 97.81), Time 31.54
2022-04-14 23:19:49,760: INFO: [4083708337.py:116]: 
2022-04-14 23:19:49,762: INFO: [4083708337.py:12]: Epoch 045, lr= 9.84771e-05
2022-04-14 23:22:52,109: INFO: [4083708337.py:80]: Train: Loss 0.1536, Raw Acc (100.00, 100.00), Crop Acc (99.20, 99.85), Drop Acc (99.48, 99.97), Time 182.35
2022-04-14 23:23:24,139: INFO: [4083708337.py:115]: Valid: Val Loss 0.4458, Val Acc (88.94, 97.83), Time 32.03
2022-04-14 23:23:24,139: INFO: [4083708337.py:116]: 
2022-04-14 23:23:24,141: INFO: [4083708337.py:12]: Epoch 046, lr= 9.84771e-05
2022-04-14 23:26:27,198: INFO: [4083708337.py:80]: Train: Loss 0.1555, Raw Acc (100.00, 100.00), Crop Acc (99.07, 99.87), Drop Acc (99.32, 99.97), Time 183.06
2022-04-14 23:26:58,682: INFO: [4083708337.py:115]: Valid: Val Loss 0.4455, Val Acc (89.14, 97.74), Time 31.48
2022-04-14 23:26:58,682: INFO: [4083708337.py:116]: 
2022-04-14 23:26:58,684: INFO: [4083708337.py:12]: Epoch 047, lr= 8.86294e-05
2022-04-14 23:30:03,015: INFO: [4083708337.py:80]: Train: Loss 0.1534, Raw Acc (100.00, 100.00), Crop Acc (99.22, 99.82), Drop Acc (99.55, 99.93), Time 184.33
2022-04-14 23:30:34,496: INFO: [4083708337.py:115]: Valid: Val Loss 0.4417, Val Acc (89.02, 97.88), Time 31.48
2022-04-14 23:30:34,496: INFO: [4083708337.py:116]: 
2022-04-14 23:30:34,498: INFO: [4083708337.py:12]: Epoch 048, lr= 8.86294e-05
2022-04-14 23:33:37,981: INFO: [4083708337.py:80]: Train: Loss 0.1515, Raw Acc (100.00, 100.00), Crop Acc (99.17, 99.85), Drop Acc (99.53, 99.98), Time 183.48
2022-04-14 23:34:09,895: INFO: [4083708337.py:115]: Valid: Val Loss 0.4452, Val Acc (89.07, 97.83), Time 31.91
2022-04-14 23:34:09,895: INFO: [4083708337.py:116]: 
2022-04-14 23:34:09,897: INFO: [4083708337.py:12]: Epoch 049, lr= 7.97664e-05
2022-04-14 23:37:12,963: INFO: [4083708337.py:80]: Train: Loss 0.1509, Raw Acc (100.00, 100.00), Crop Acc (99.25, 99.88), Drop Acc (99.52, 99.98), Time 183.06
2022-04-14 23:37:44,730: INFO: [4083708337.py:115]: Valid: Val Loss 0.4521, Val Acc (89.04, 97.77), Time 31.76
2022-04-14 23:37:44,730: INFO: [4083708337.py:116]: 
2022-04-14 23:37:44,732: INFO: [4083708337.py:12]: Epoch 050, lr= 7.97664e-05
2022-04-14 23:40:47,605: INFO: [4083708337.py:80]: Train: Loss 0.1520, Raw Acc (100.00, 100.00), Crop Acc (99.15, 99.92), Drop Acc (99.57, 100.00), Time 182.87
2022-04-14 23:41:19,807: INFO: [4083708337.py:115]: Valid: Val Loss 0.4473, Val Acc (89.07, 97.79), Time 32.20
2022-04-14 23:41:19,808: INFO: [4083708337.py:116]: 
2022-04-14 23:41:19,810: INFO: [4083708337.py:12]: Epoch 051, lr= 7.17898e-05
2022-04-14 23:44:22,052: INFO: [4083708337.py:80]: Train: Loss 0.1514, Raw Acc (99.98, 100.00), Crop Acc (99.08, 99.92), Drop Acc (99.33, 99.93), Time 182.24
2022-04-14 23:44:53,964: INFO: [4083708337.py:115]: Valid: Val Loss 0.4454, Val Acc (89.07, 97.81), Time 31.91
2022-04-14 23:44:53,965: INFO: [4083708337.py:116]: 
2022-04-14 23:44:53,966: INFO: [4083708337.py:12]: Epoch 052, lr= 7.17898e-05
2022-04-14 23:47:56,455: INFO: [4083708337.py:80]: Train: Loss 0.1521, Raw Acc (100.00, 100.00), Crop Acc (99.03, 99.88), Drop Acc (99.42, 99.97), Time 182.49
2022-04-14 23:48:28,090: INFO: [4083708337.py:115]: Valid: Val Loss 0.4440, Val Acc (89.28, 97.81), Time 31.63
2022-04-14 23:48:28,090: INFO: [4083708337.py:116]: 
2022-04-14 23:48:28,734: INFO: [4083708337.py:12]: Epoch 053, lr= 6.46108e-05
2022-04-14 23:51:31,600: INFO: [4083708337.py:80]: Train: Loss 0.1488, Raw Acc (100.00, 100.00), Crop Acc (99.17, 99.90), Drop Acc (99.60, 99.98), Time 182.86
2022-04-14 23:52:03,475: INFO: [4083708337.py:115]: Valid: Val Loss 0.4533, Val Acc (88.85, 97.79), Time 31.87
2022-04-14 23:52:03,475: INFO: [4083708337.py:116]: 
2022-04-14 23:52:03,477: INFO: [4083708337.py:12]: Epoch 054, lr= 6.46108e-05
2022-04-14 23:55:06,760: INFO: [4083708337.py:80]: Train: Loss 0.1485, Raw Acc (100.00, 100.00), Crop Acc (99.07, 99.83), Drop Acc (99.53, 99.97), Time 183.28
2022-04-14 23:55:38,332: INFO: [4083708337.py:115]: Valid: Val Loss 0.4455, Val Acc (89.11, 97.65), Time 31.57
2022-04-14 23:55:38,333: INFO: [4083708337.py:116]: 
2022-04-14 23:55:38,334: INFO: [4083708337.py:12]: Epoch 055, lr= 5.81497e-05
2022-04-14 23:58:40,723: INFO: [4083708337.py:80]: Train: Loss 0.1481, Raw Acc (100.00, 100.00), Crop Acc (99.15, 99.85), Drop Acc (99.47, 99.97), Time 182.39
2022-04-14 23:59:12,124: INFO: [4083708337.py:115]: Valid: Val Loss 0.4482, Val Acc (88.87, 97.93), Time 31.40
2022-04-14 23:59:12,124: INFO: [4083708337.py:116]: 
2022-04-14 23:59:12,126: INFO: [4083708337.py:12]: Epoch 056, lr= 5.81497e-05
2022-04-15 00:02:14,923: INFO: [4083708337.py:80]: Train: Loss 0.1466, Raw Acc (100.00, 100.00), Crop Acc (99.22, 99.87), Drop Acc (99.55, 99.95), Time 182.80
2022-04-15 00:02:47,144: INFO: [4083708337.py:115]: Valid: Val Loss 0.4494, Val Acc (89.02, 97.84), Time 32.22
2022-04-15 00:02:47,144: INFO: [4083708337.py:116]: 
2022-04-15 00:02:47,146: INFO: [4083708337.py:12]: Epoch 057, lr= 5.23348e-05
2022-04-15 00:05:49,670: INFO: [4083708337.py:80]: Train: Loss 0.1451, Raw Acc (100.00, 100.00), Crop Acc (99.33, 99.87), Drop Acc (99.72, 99.95), Time 182.52
2022-04-15 00:06:21,477: INFO: [4083708337.py:115]: Valid: Val Loss 0.4441, Val Acc (89.02, 97.83), Time 31.80
2022-04-15 00:06:21,477: INFO: [4083708337.py:116]: 
2022-04-15 00:06:21,479: INFO: [4083708337.py:12]: Epoch 058, lr= 5.23348e-05
2022-04-15 00:09:25,562: INFO: [4083708337.py:80]: Train: Loss 0.1456, Raw Acc (100.00, 100.00), Crop Acc (99.20, 99.88), Drop Acc (99.45, 99.97), Time 184.08
2022-04-15 00:09:57,437: INFO: [4083708337.py:115]: Valid: Val Loss 0.4452, Val Acc (89.04, 97.74), Time 31.87
2022-04-15 00:09:57,438: INFO: [4083708337.py:116]: 
2022-04-15 00:09:57,440: INFO: [4083708337.py:12]: Epoch 059, lr= 4.71013e-05
2022-04-15 00:13:00,732: INFO: [4083708337.py:80]: Train: Loss 0.1443, Raw Acc (100.00, 100.00), Crop Acc (99.35, 99.85), Drop Acc (99.65, 100.00), Time 183.29
2022-04-15 00:13:32,760: INFO: [4083708337.py:115]: Valid: Val Loss 0.4454, Val Acc (89.11, 97.74), Time 32.02
2022-04-15 00:13:32,761: INFO: [4083708337.py:116]: 
2022-04-15 00:13:32,763: INFO: [4083708337.py:12]: Epoch 060, lr= 4.71013e-05
2022-04-15 00:16:36,356: INFO: [4083708337.py:80]: Train: Loss 0.1475, Raw Acc (100.00, 100.00), Crop Acc (99.32, 99.88), Drop Acc (99.37, 99.97), Time 183.59
2022-04-15 00:17:08,614: INFO: [4083708337.py:115]: Valid: Val Loss 0.4452, Val Acc (89.01, 97.76), Time 32.25
2022-04-15 00:17:08,614: INFO: [4083708337.py:116]: 
2022-04-15 00:17:08,616: INFO: [4083708337.py:12]: Epoch 061, lr= 4.23912e-05
2022-04-15 00:20:11,414: INFO: [4083708337.py:80]: Train: Loss 0.1428, Raw Acc (100.00, 100.00), Crop Acc (99.42, 99.87), Drop Acc (99.55, 99.98), Time 182.80
2022-04-15 00:20:43,763: INFO: [4083708337.py:115]: Valid: Val Loss 0.4382, Val Acc (89.07, 97.77), Time 32.34
2022-04-15 00:20:43,764: INFO: [4083708337.py:116]: 
2022-04-15 00:20:43,765: INFO: [4083708337.py:12]: Epoch 062, lr= 4.23912e-05
2022-04-15 00:23:46,316: INFO: [4083708337.py:80]: Train: Loss 0.1429, Raw Acc (100.00, 100.00), Crop Acc (99.47, 99.90), Drop Acc (99.62, 100.00), Time 182.55
2022-04-15 00:24:18,419: INFO: [4083708337.py:115]: Valid: Val Loss 0.4489, Val Acc (89.14, 97.86), Time 32.10
2022-04-15 00:24:18,419: INFO: [4083708337.py:116]: 
2022-04-15 00:24:18,421: INFO: [4083708337.py:12]: Epoch 063, lr= 3.8152e-05
2022-04-15 00:27:20,363: INFO: [4083708337.py:80]: Train: Loss 0.1445, Raw Acc (100.00, 100.00), Crop Acc (99.27, 99.80), Drop Acc (99.62, 99.97), Time 181.94
2022-04-15 00:27:52,831: INFO: [4083708337.py:115]: Valid: Val Loss 0.4446, Val Acc (89.25, 97.70), Time 32.46
2022-04-15 00:27:52,832: INFO: [4083708337.py:116]: 
2022-04-15 00:27:52,834: INFO: [4083708337.py:12]: Epoch 064, lr= 3.8152e-05
2022-04-15 00:30:54,805: INFO: [4083708337.py:80]: Train: Loss 0.1429, Raw Acc (100.00, 100.00), Crop Acc (99.38, 99.90), Drop Acc (99.63, 99.95), Time 181.97
2022-04-15 00:31:27,173: INFO: [4083708337.py:115]: Valid: Val Loss 0.4474, Val Acc (89.14, 97.83), Time 32.36
2022-04-15 00:31:27,173: INFO: [4083708337.py:116]: 
2022-04-15 00:31:27,175: INFO: [4083708337.py:12]: Epoch 065, lr= 3.43368e-05
2022-04-15 00:34:31,006: INFO: [4083708337.py:80]: Train: Loss 0.1433, Raw Acc (100.00, 100.00), Crop Acc (99.33, 99.83), Drop Acc (99.65, 99.95), Time 183.83
2022-04-15 00:35:02,828: INFO: [4083708337.py:115]: Valid: Val Loss 0.4445, Val Acc (89.26, 97.76), Time 31.82
2022-04-15 00:35:02,828: INFO: [4083708337.py:116]: 
2022-04-15 00:35:02,832: INFO: [4083708337.py:12]: Epoch 066, lr= 3.43368e-05
2022-04-15 00:38:06,743: INFO: [4083708337.py:80]: Train: Loss 0.1440, Raw Acc (100.00, 100.00), Crop Acc (99.20, 99.85), Drop Acc (99.62, 100.00), Time 183.91
2022-04-15 00:38:39,383: INFO: [4083708337.py:115]: Valid: Val Loss 0.4438, Val Acc (89.30, 97.74), Time 32.64
2022-04-15 00:38:39,384: INFO: [4083708337.py:116]: 
2022-04-15 00:38:39,976: INFO: [4083708337.py:12]: Epoch 067, lr= 3.09032e-05
2022-04-15 00:41:44,370: INFO: [4083708337.py:80]: Train: Loss 0.1434, Raw Acc (100.00, 100.00), Crop Acc (99.22, 99.80), Drop Acc (99.55, 99.97), Time 184.39
2022-04-15 00:42:16,791: INFO: [4083708337.py:115]: Valid: Val Loss 0.4470, Val Acc (89.14, 97.79), Time 32.42
2022-04-15 00:42:16,791: INFO: [4083708337.py:116]: 
2022-04-15 00:42:16,793: INFO: [4083708337.py:12]: Epoch 068, lr= 3.09032e-05
2022-04-15 00:45:18,814: INFO: [4083708337.py:80]: Train: Loss 0.1427, Raw Acc (100.00, 100.00), Crop Acc (99.28, 99.87), Drop Acc (99.65, 99.97), Time 182.02
2022-04-15 00:45:51,129: INFO: [4083708337.py:115]: Valid: Val Loss 0.4440, Val Acc (89.16, 97.76), Time 32.31
2022-04-15 00:45:51,129: INFO: [4083708337.py:116]: 
2022-04-15 00:45:51,131: INFO: [4083708337.py:12]: Epoch 069, lr= 2.78128e-05
2022-04-15 00:48:55,485: INFO: [4083708337.py:80]: Train: Loss 0.1403, Raw Acc (100.00, 100.00), Crop Acc (99.32, 99.90), Drop Acc (99.60, 99.98), Time 184.35
2022-04-15 00:49:28,237: INFO: [4083708337.py:115]: Valid: Val Loss 0.4504, Val Acc (89.13, 97.84), Time 32.75
2022-04-15 00:49:28,237: INFO: [4083708337.py:116]: 
2022-04-15 00:49:28,239: INFO: [4083708337.py:12]: Epoch 070, lr= 2.78128e-05
2022-04-15 00:52:32,811: INFO: [4083708337.py:80]: Train: Loss 0.1417, Raw Acc (99.98, 100.00), Crop Acc (99.37, 99.90), Drop Acc (99.50, 99.93), Time 184.57
2022-04-15 00:53:05,177: INFO: [4083708337.py:115]: Valid: Val Loss 0.4449, Val Acc (89.28, 97.77), Time 32.36
2022-04-15 00:53:05,177: INFO: [4083708337.py:116]: 
2022-04-15 00:53:05,179: INFO: [4083708337.py:12]: Epoch 071, lr= 2.50316e-05
2022-04-15 00:56:09,052: INFO: [4083708337.py:80]: Train: Loss 0.1390, Raw Acc (100.00, 100.00), Crop Acc (99.33, 99.92), Drop Acc (99.65, 100.00), Time 183.87
2022-04-15 00:56:41,309: INFO: [4083708337.py:115]: Valid: Val Loss 0.4491, Val Acc (89.04, 97.83), Time 32.25
2022-04-15 00:56:41,309: INFO: [4083708337.py:116]: 
2022-04-15 00:56:41,311: INFO: [4083708337.py:12]: Epoch 072, lr= 2.50316e-05
2022-04-15 00:59:43,944: INFO: [4083708337.py:80]: Train: Loss 0.1426, Raw Acc (99.98, 100.00), Crop Acc (99.35, 99.92), Drop Acc (99.48, 99.93), Time 182.63
2022-04-15 01:00:15,968: INFO: [4083708337.py:115]: Valid: Val Loss 0.4529, Val Acc (89.07, 97.72), Time 32.02
2022-04-15 01:00:15,969: INFO: [4083708337.py:116]: 
2022-04-15 01:00:15,970: INFO: [4083708337.py:12]: Epoch 073, lr= 2.25284e-05
2022-04-15 01:03:18,515: INFO: [4083708337.py:80]: Train: Loss 0.1428, Raw Acc (100.00, 100.00), Crop Acc (99.20, 99.85), Drop Acc (99.45, 100.00), Time 182.54
2022-04-15 01:03:51,290: INFO: [4083708337.py:115]: Valid: Val Loss 0.4465, Val Acc (89.02, 97.76), Time 32.77
2022-04-15 01:03:51,290: INFO: [4083708337.py:116]: 
2022-04-15 01:03:51,292: INFO: [4083708337.py:12]: Epoch 074, lr= 2.25284e-05
2022-04-15 01:06:53,341: INFO: [4083708337.py:80]: Train: Loss 0.1405, Raw Acc (99.98, 100.00), Crop Acc (99.23, 99.90), Drop Acc (99.63, 100.00), Time 182.05
2022-04-15 01:07:25,018: INFO: [4083708337.py:115]: Valid: Val Loss 0.4466, Val Acc (89.18, 97.77), Time 31.67
2022-04-15 01:07:25,018: INFO: [4083708337.py:116]: 
2022-04-15 01:07:25,020: INFO: [4083708337.py:12]: Epoch 075, lr= 2.02756e-05
2022-04-15 01:10:28,338: INFO: [4083708337.py:80]: Train: Loss 0.1451, Raw Acc (99.98, 100.00), Crop Acc (98.88, 99.85), Drop Acc (99.53, 99.93), Time 183.32
2022-04-15 01:11:00,330: INFO: [4083708337.py:115]: Valid: Val Loss 0.4440, Val Acc (89.32, 97.86), Time 31.98
2022-04-15 01:11:00,330: INFO: [4083708337.py:116]: 
2022-04-15 01:11:00,920: INFO: [4083708337.py:12]: Epoch 076, lr= 2.02756e-05
2022-04-15 01:14:04,183: INFO: [4083708337.py:80]: Train: Loss 0.1424, Raw Acc (100.00, 100.00), Crop Acc (99.35, 99.83), Drop Acc (99.48, 99.98), Time 183.26
2022-04-15 01:14:35,950: INFO: [4083708337.py:115]: Valid: Val Loss 0.4473, Val Acc (89.11, 97.70), Time 31.76
2022-04-15 01:14:35,950: INFO: [4083708337.py:116]: 
2022-04-15 01:14:35,952: INFO: [4083708337.py:12]: Epoch 077, lr= 1.8248e-05
2022-04-15 01:17:39,143: INFO: [4083708337.py:80]: Train: Loss 0.1408, Raw Acc (100.00, 100.00), Crop Acc (99.22, 99.90), Drop Acc (99.65, 99.97), Time 183.19
2022-04-15 01:18:11,379: INFO: [4083708337.py:115]: Valid: Val Loss 0.4441, Val Acc (89.30, 97.77), Time 32.23
2022-04-15 01:18:11,379: INFO: [4083708337.py:116]: 
2022-04-15 01:18:11,381: INFO: [4083708337.py:12]: Epoch 078, lr= 1.8248e-05
2022-04-15 01:21:14,492: INFO: [4083708337.py:80]: Train: Loss 0.1413, Raw Acc (99.98, 100.00), Crop Acc (99.37, 99.87), Drop Acc (99.58, 99.98), Time 183.11
2022-04-15 01:21:46,635: INFO: [4083708337.py:115]: Valid: Val Loss 0.4439, Val Acc (89.20, 97.77), Time 32.14
2022-04-15 01:21:46,635: INFO: [4083708337.py:116]: 
2022-04-15 01:21:46,637: INFO: [4083708337.py:12]: Epoch 079, lr= 1.64232e-05
2022-04-15 01:24:49,147: INFO: [4083708337.py:80]: Train: Loss 0.1391, Raw Acc (99.98, 100.00), Crop Acc (99.33, 99.95), Drop Acc (99.48, 99.98), Time 182.51
2022-04-15 01:25:21,293: INFO: [4083708337.py:115]: Valid: Val Loss 0.4437, Val Acc (89.06, 97.77), Time 32.14
2022-04-15 01:25:21,293: INFO: [4083708337.py:116]: 
2022-04-15 01:25:21,294: INFO: [4083708337.py:12]: Epoch 080, lr= 1.64232e-05
2022-04-15 01:28:24,049: INFO: [4083708337.py:80]: Train: Loss 0.1390, Raw Acc (100.00, 100.00), Crop Acc (99.43, 99.88), Drop Acc (99.65, 99.98), Time 182.75
2022-04-15 01:28:55,816: INFO: [4083708337.py:115]: Valid: Val Loss 0.4449, Val Acc (89.18, 97.72), Time 31.76
2022-04-15 01:28:55,816: INFO: [4083708337.py:116]: 
2022-04-15 09:21:02,281: INFO: [302023892.py:12]: Epoch 081, lr= 2.02756e-05
2022-04-15 09:24:08,286: INFO: [302023892.py:80]: Train: Loss 0.1711, Raw Acc (100.00, 100.00), Crop Acc (99.23, 99.85), Drop Acc (99.68, 100.00), Time 186.00
2022-04-15 09:24:40,888: INFO: [302023892.py:115]: Valid: Val Loss 0.4454, Val Acc (89.14, 97.79), Time 32.60
2022-04-15 09:24:40,888: INFO: [302023892.py:116]: 
2022-04-15 09:24:41,401: INFO: [302023892.py:12]: Epoch 082, lr= 1.8248e-05
2022-04-15 09:27:46,173: INFO: [302023892.py:80]: Train: Loss 0.1394, Raw Acc (100.00, 100.00), Crop Acc (99.32, 99.90), Drop Acc (99.72, 100.00), Time 184.77
2022-04-15 09:28:18,379: INFO: [302023892.py:115]: Valid: Val Loss 0.4442, Val Acc (89.09, 97.77), Time 32.20
2022-04-15 09:28:18,379: INFO: [302023892.py:116]: 
2022-04-15 09:28:18,381: INFO: [302023892.py:12]: Epoch 083, lr= 1.8248e-05
2022-04-15 09:31:21,642: INFO: [302023892.py:80]: Train: Loss 0.1413, Raw Acc (100.00, 100.00), Crop Acc (99.25, 99.87), Drop Acc (99.67, 99.98), Time 183.26
2022-04-15 09:31:53,335: INFO: [302023892.py:115]: Valid: Val Loss 0.4426, Val Acc (89.14, 97.83), Time 31.69
2022-04-15 09:31:53,336: INFO: [302023892.py:116]: 
2022-04-15 09:31:53,338: INFO: [302023892.py:12]: Epoch 084, lr= 1.64232e-05
2022-04-15 09:34:57,001: INFO: [302023892.py:80]: Train: Loss 0.1417, Raw Acc (100.00, 100.00), Crop Acc (99.35, 99.80), Drop Acc (99.57, 99.98), Time 183.66
2022-04-15 09:35:29,073: INFO: [302023892.py:115]: Valid: Val Loss 0.4427, Val Acc (89.16, 97.69), Time 32.07
2022-04-15 09:35:29,073: INFO: [302023892.py:116]: 
2022-04-15 09:35:29,675: INFO: [302023892.py:12]: Epoch 085, lr= 1.64232e-05
2022-04-15 09:38:33,031: INFO: [302023892.py:80]: Train: Loss 0.1422, Raw Acc (100.00, 100.00), Crop Acc (99.33, 99.88), Drop Acc (99.58, 99.95), Time 183.35
2022-04-15 09:39:04,514: INFO: [302023892.py:115]: Valid: Val Loss 0.4432, Val Acc (89.26, 97.84), Time 31.48
2022-04-15 09:39:04,514: INFO: [302023892.py:116]: 
2022-04-15 09:39:05,218: INFO: [302023892.py:12]: Epoch 086, lr= 1.47809e-05
2022-04-15 09:42:08,252: INFO: [302023892.py:80]: Train: Loss 0.1403, Raw Acc (100.00, 100.00), Crop Acc (99.38, 99.93), Drop Acc (99.57, 99.98), Time 183.03
2022-04-15 09:42:40,745: INFO: [302023892.py:115]: Valid: Val Loss 0.4446, Val Acc (89.04, 97.67), Time 32.49
2022-04-15 09:42:40,745: INFO: [302023892.py:116]: 
2022-04-15 09:42:40,747: INFO: [302023892.py:12]: Epoch 087, lr= 1.47809e-05
2022-04-15 09:45:43,662: INFO: [302023892.py:80]: Train: Loss 0.1388, Raw Acc (100.00, 100.00), Crop Acc (99.43, 99.85), Drop Acc (99.73, 99.98), Time 182.91
2022-04-15 09:46:15,723: INFO: [302023892.py:115]: Valid: Val Loss 0.4501, Val Acc (88.94, 97.74), Time 32.06
2022-04-15 09:46:15,724: INFO: [302023892.py:116]: 
2022-04-15 09:46:15,725: INFO: [302023892.py:12]: Epoch 088, lr= 1.33028e-05
2022-04-15 09:49:18,658: INFO: [302023892.py:80]: Train: Loss 0.1411, Raw Acc (100.00, 100.00), Crop Acc (99.23, 99.92), Drop Acc (99.60, 100.00), Time 182.93
2022-04-15 09:49:50,261: INFO: [302023892.py:115]: Valid: Val Loss 0.4475, Val Acc (89.07, 97.69), Time 31.60
2022-04-15 09:49:50,261: INFO: [302023892.py:116]: 
2022-04-15 09:49:50,263: INFO: [302023892.py:12]: Epoch 089, lr= 1.33028e-05
2022-04-15 09:52:52,893: INFO: [302023892.py:80]: Train: Loss 0.1415, Raw Acc (100.00, 100.00), Crop Acc (99.10, 99.82), Drop Acc (99.60, 99.98), Time 182.63
2022-04-15 09:53:25,092: INFO: [302023892.py:115]: Valid: Val Loss 0.4423, Val Acc (89.32, 97.76), Time 32.19
2022-04-15 09:53:25,093: INFO: [302023892.py:116]: 
2022-04-15 09:53:25,694: INFO: [302023892.py:12]: Epoch 090, lr= 1.19725e-05
2022-04-15 09:56:29,370: INFO: [302023892.py:80]: Train: Loss 0.1430, Raw Acc (100.00, 100.00), Crop Acc (99.32, 99.73), Drop Acc (99.40, 100.00), Time 183.67
2022-04-15 09:57:01,711: INFO: [302023892.py:115]: Valid: Val Loss 0.4444, Val Acc (89.20, 97.74), Time 32.34
2022-04-15 09:57:01,711: INFO: [302023892.py:116]: 
2022-04-15 09:57:01,713: INFO: [302023892.py:12]: Epoch 091, lr= 1.19725e-05
2022-04-15 10:00:04,830: INFO: [302023892.py:80]: Train: Loss 0.1395, Raw Acc (100.00, 100.00), Crop Acc (99.30, 99.92), Drop Acc (99.60, 100.00), Time 183.12
2022-04-15 10:00:37,088: INFO: [302023892.py:115]: Valid: Val Loss 0.4476, Val Acc (89.18, 97.74), Time 32.25
2022-04-15 10:00:37,088: INFO: [302023892.py:116]: 
2022-04-15 10:00:37,090: INFO: [302023892.py:12]: Epoch 092, lr= 1.07753e-05
2022-04-15 10:03:40,351: INFO: [302023892.py:80]: Train: Loss 0.1391, Raw Acc (100.00, 100.00), Crop Acc (99.42, 99.97), Drop Acc (99.58, 99.95), Time 183.26
2022-04-15 10:04:11,973: INFO: [302023892.py:115]: Valid: Val Loss 0.4487, Val Acc (89.06, 97.70), Time 31.62
2022-04-15 10:04:11,973: INFO: [302023892.py:116]: 
2022-04-15 10:04:11,975: INFO: [302023892.py:12]: Epoch 093, lr= 1.07753e-05
2022-04-15 10:07:15,286: INFO: [302023892.py:80]: Train: Loss 0.1419, Raw Acc (100.00, 100.00), Crop Acc (99.35, 99.87), Drop Acc (99.45, 99.93), Time 183.31
2022-04-15 10:07:47,311: INFO: [302023892.py:115]: Valid: Val Loss 0.4403, Val Acc (89.25, 97.79), Time 32.02
2022-04-15 10:07:47,312: INFO: [302023892.py:116]: 
2022-04-15 10:07:47,314: INFO: [302023892.py:12]: Epoch 094, lr= 9.69774e-06
2022-04-15 10:10:51,445: INFO: [302023892.py:80]: Train: Loss 0.1387, Raw Acc (100.00, 100.00), Crop Acc (99.40, 99.95), Drop Acc (99.58, 99.98), Time 184.13
2022-04-15 10:11:23,658: INFO: [302023892.py:115]: Valid: Val Loss 0.4495, Val Acc (89.06, 97.76), Time 32.21
2022-04-15 10:11:23,658: INFO: [302023892.py:116]: 
2022-04-15 10:11:23,660: INFO: [302023892.py:12]: Epoch 095, lr= 9.69774e-06
2022-04-15 10:14:27,466: INFO: [302023892.py:80]: Train: Loss 0.1403, Raw Acc (100.00, 100.00), Crop Acc (99.32, 99.82), Drop Acc (99.70, 99.98), Time 183.80
2022-04-15 10:14:59,803: INFO: [302023892.py:115]: Valid: Val Loss 0.4434, Val Acc (89.26, 97.74), Time 32.33
2022-04-15 10:14:59,804: INFO: [302023892.py:116]: 
2022-04-15 10:14:59,806: INFO: [302023892.py:12]: Epoch 096, lr= 8.72796e-06
2022-04-15 10:18:03,761: INFO: [302023892.py:80]: Train: Loss 0.1395, Raw Acc (99.98, 100.00), Crop Acc (99.30, 99.90), Drop Acc (99.57, 99.97), Time 183.95
2022-04-15 10:18:35,914: INFO: [302023892.py:115]: Valid: Val Loss 0.4523, Val Acc (89.37, 97.93), Time 32.15
2022-04-15 10:18:35,914: INFO: [302023892.py:116]: 
2022-04-15 10:18:36,527: INFO: [302023892.py:12]: Epoch 097, lr= 8.72796e-06
2022-04-15 10:21:40,762: INFO: [302023892.py:80]: Train: Loss 0.1398, Raw Acc (100.00, 100.00), Crop Acc (99.50, 99.90), Drop Acc (99.62, 99.95), Time 184.23
2022-04-15 10:22:13,173: INFO: [302023892.py:115]: Valid: Val Loss 0.4537, Val Acc (89.01, 97.79), Time 32.41
2022-04-15 10:22:13,174: INFO: [302023892.py:116]: 
2022-04-15 10:22:13,175: INFO: [302023892.py:12]: Epoch 098, lr= 7.85517e-06
2022-04-15 10:25:16,753: INFO: [302023892.py:80]: Train: Loss 0.1396, Raw Acc (100.00, 100.00), Crop Acc (99.17, 99.82), Drop Acc (99.70, 99.98), Time 183.58
2022-04-15 10:25:48,463: INFO: [302023892.py:115]: Valid: Val Loss 0.4458, Val Acc (89.14, 97.88), Time 31.71
2022-04-15 10:25:48,463: INFO: [302023892.py:116]: 
2022-04-15 10:25:48,465: INFO: [302023892.py:12]: Epoch 099, lr= 7.85517e-06
2022-04-15 10:28:52,573: INFO: [302023892.py:80]: Train: Loss 0.1406, Raw Acc (100.00, 100.00), Crop Acc (99.28, 99.78), Drop Acc (99.48, 100.00), Time 184.11
2022-04-15 10:29:24,545: INFO: [302023892.py:115]: Valid: Val Loss 0.4476, Val Acc (89.13, 97.74), Time 31.97
2022-04-15 10:29:24,546: INFO: [302023892.py:116]: 
2022-04-15 10:29:24,548: INFO: [302023892.py:12]: Epoch 100, lr= 7.06965e-06
2022-04-15 10:32:28,562: INFO: [302023892.py:80]: Train: Loss 0.1381, Raw Acc (100.00, 100.00), Crop Acc (99.40, 99.90), Drop Acc (99.63, 99.98), Time 184.01
2022-04-15 10:33:00,756: INFO: [302023892.py:115]: Valid: Val Loss 0.4404, Val Acc (89.40, 97.70), Time 32.19