2022-04-14 09:22:17,337: INFO: [884905349.py:15]: Current Trainning Model: car
2022-04-14 09:22:17,659: INFO: [1638326264.py:12]: Dataset Name:car, Train:[8144], Val:[8041]
2022-04-14 09:22:17,659: INFO: [1638326264.py:14]: Batch Size:[12], Train Batches:[679], Val Batches:[168]
2022-04-14 09:22:22,466: INFO: [inception.py:201]: Inception3: All params loaded
2022-04-14 09:22:22,570: INFO: [wsdan.py:40]: WSDAN: using inception_mixed_6e as feature extractor, num_classes: 196, num_attentions: 32
2022-04-14 09:22:22,592: INFO: [2912140666.py:10]: Epoch 001, lr= 0.001
2022-04-14 09:26:32,988: INFO: [2912140666.py:80]: Train: Loss 5.6128, Raw Acc (19.02, 36.42), Crop Acc (11.94, 26.69), Drop Acc (13.15, 28.50), Time 250.39
2022-04-14 09:27:23,750: INFO: [2912140666.py:118]: Valid: Val Loss 2.1767, Val Acc (49.30, 76.96), Time 50.76
2022-04-14 09:27:23,751: INFO: [2912140666.py:119]: 
2022-04-14 09:27:23,753: INFO: [2912140666.py:10]: Epoch 002, lr= 0.001
2022-04-14 09:32:10,637: INFO: [2912140666.py:80]: Train: Loss 2.3695, Raw Acc (67.95, 90.72), Crop Acc (46.44, 74.07), Drop Acc (54.97, 82.27), Time 286.88
2022-04-14 09:33:03,762: INFO: [2912140666.py:118]: Valid: Val Loss 0.9289, Val Acc (75.40, 94.71), Time 53.12
2022-04-14 09:33:03,762: INFO: [2912140666.py:119]: 
2022-04-14 09:33:03,764: INFO: [2912140666.py:10]: Epoch 003, lr= 0.0009
2022-04-14 09:37:13,813: INFO: [2912140666.py:80]: Train: Loss 1.5381, Raw Acc (84.58, 97.94), Crop Acc (64.31, 86.27), Drop Acc (73.94, 93.70), Time 250.05
2022-04-14 09:38:05,692: INFO: [2912140666.py:118]: Valid: Val Loss 0.6021, Val Acc (83.51, 97.70), Time 51.87
2022-04-14 09:38:05,692: INFO: [2912140666.py:119]: 
2022-04-14 09:38:05,694: INFO: [2912140666.py:10]: Epoch 004, lr= 0.0009
2022-04-14 09:42:15,925: INFO: [2912140666.py:80]: Train: Loss 1.0764, Raw Acc (91.85, 99.51), Crop Acc (75.79, 92.34), Drop Acc (83.50, 97.34), Time 250.23
2022-04-14 09:43:06,553: INFO: [2912140666.py:118]: Valid: Val Loss 0.4533, Val Acc (88.09, 98.40), Time 50.62
2022-04-14 09:43:06,553: INFO: [2912140666.py:119]: 
2022-04-14 09:43:06,555: INFO: [2912140666.py:10]: Epoch 005, lr= 0.00081
2022-04-14 09:47:15,578: INFO: [2912140666.py:80]: Train: Loss 0.8680, Raw Acc (94.25, 99.75), Crop Acc (80.54, 94.18), Drop Acc (87.76, 98.44), Time 249.02
2022-04-14 09:48:07,056: INFO: [2912140666.py:118]: Valid: Val Loss 0.4349, Val Acc (88.76, 98.63), Time 51.47
2022-04-14 09:48:07,056: INFO: [2912140666.py:119]: 
2022-04-14 09:48:07,058: INFO: [2912140666.py:10]: Epoch 006, lr= 0.00081
2022-04-14 09:52:17,854: INFO: [2912140666.py:80]: Train: Loss 0.7000, Raw Acc (95.62, 99.88), Crop Acc (84.47, 96.01), Drop Acc (90.20, 98.94), Time 250.79
2022-04-14 09:53:08,775: INFO: [2912140666.py:118]: Valid: Val Loss 0.3674, Val Acc (90.90, 99.05), Time 50.92
2022-04-14 09:53:08,776: INFO: [2912140666.py:119]: 
2022-04-14 09:53:08,778: INFO: [2912140666.py:10]: Epoch 007, lr= 0.000729
2022-04-14 09:57:19,149: INFO: [2912140666.py:80]: Train: Loss 0.5702, Raw Acc (96.16, 99.89), Crop Acc (87.39, 96.76), Drop Acc (92.39, 99.39), Time 250.37
2022-04-14 09:58:09,694: INFO: [2912140666.py:118]: Valid: Val Loss 0.2803, Val Acc (92.69, 99.22), Time 50.54
2022-04-14 09:58:09,694: INFO: [2912140666.py:119]: 
2022-04-14 09:58:09,696: INFO: [2912140666.py:10]: Epoch 008, lr= 0.000729
2022-04-14 10:02:19,157: INFO: [2912140666.py:80]: Train: Loss 0.4803, Raw Acc (96.99, 99.95), Crop Acc (89.32, 96.60), Drop Acc (94.45, 99.50), Time 249.46
2022-04-14 10:03:09,465: INFO: [2912140666.py:118]: Valid: Val Loss 0.3030, Val Acc (92.39, 99.12), Time 50.30
2022-04-14 10:03:09,465: INFO: [2912140666.py:119]: 
2022-04-14 10:03:09,467: INFO: [2912140666.py:10]: Epoch 009, lr= 0.0006561
2022-04-14 10:07:18,286: INFO: [2912140666.py:80]: Train: Loss 0.4214, Raw Acc (97.45, 99.99), Crop Acc (91.13, 97.40), Drop Acc (95.22, 99.56), Time 248.82
2022-04-14 10:08:13,365: INFO: [2912140666.py:118]: Valid: Val Loss 0.3112, Val Acc (92.19, 99.17), Time 55.07
2022-04-14 10:08:13,365: INFO: [2912140666.py:119]: 
2022-04-14 10:08:13,367: INFO: [2912140666.py:10]: Epoch 010, lr= 0.0006561
2022-04-14 10:12:25,224: INFO: [2912140666.py:80]: Train: Loss 0.3935, Raw Acc (97.97, 99.98), Crop Acc (91.52, 97.21), Drop Acc (96.05, 99.75), Time 251.85
2022-04-14 10:13:17,238: INFO: [2912140666.py:118]: Valid: Val Loss 0.2768, Val Acc (93.00, 99.18), Time 52.01
2022-04-14 10:13:17,238: INFO: [2912140666.py:119]: 
2022-04-14 10:13:17,241: INFO: [2912140666.py:10]: Epoch 011, lr= 0.00059049
2022-04-14 10:17:27,587: INFO: [2912140666.py:80]: Train: Loss 0.3457, Raw Acc (98.26, 100.00), Crop Acc (93.03, 97.30), Drop Acc (96.99, 99.77), Time 250.34
2022-04-14 10:18:17,177: INFO: [2912140666.py:118]: Valid: Val Loss 0.2683, Val Acc (92.92, 99.22), Time 49.59
2022-04-14 10:18:17,177: INFO: [2912140666.py:119]: 
2022-04-14 10:18:17,179: INFO: [2912140666.py:10]: Epoch 012, lr= 0.00059049
2022-04-14 10:22:28,353: INFO: [2912140666.py:80]: Train: Loss 0.3025, Raw Acc (98.86, 100.00), Crop Acc (94.52, 97.85), Drop Acc (98.06, 99.88), Time 251.17
2022-04-14 10:23:21,175: INFO: [2912140666.py:118]: Valid: Val Loss 0.2696, Val Acc (93.38, 99.28), Time 52.82
2022-04-14 10:23:21,175: INFO: [2912140666.py:119]: 
2022-04-14 10:23:21,177: INFO: [2912140666.py:10]: Epoch 013, lr= 0.000531441
2022-04-14 10:27:32,341: INFO: [2912140666.py:80]: Train: Loss 0.2848, Raw Acc (99.05, 100.00), Crop Acc (94.78, 97.95), Drop Acc (98.15, 99.95), Time 251.16
2022-04-14 10:28:25,011: INFO: [2912140666.py:118]: Valid: Val Loss 0.2474, Val Acc (93.97, 99.34), Time 52.67
2022-04-14 10:28:25,011: INFO: [2912140666.py:119]: 
2022-04-14 10:28:25,013: INFO: [2912140666.py:10]: Epoch 014, lr= 0.000531441
2022-04-14 10:32:35,713: INFO: [2912140666.py:80]: Train: Loss 0.2673, Raw Acc (99.14, 99.99), Crop Acc (95.21, 97.99), Drop Acc (98.38, 99.96), Time 250.70
2022-04-14 10:33:27,463: INFO: [2912140666.py:118]: Valid: Val Loss 0.2530, Val Acc (93.72, 99.29), Time 51.74
2022-04-14 10:33:27,463: INFO: [2912140666.py:119]: 
2022-04-14 10:33:27,465: INFO: [2912140666.py:10]: Epoch 015, lr= 0.000478297
2022-04-14 10:37:39,369: INFO: [2912140666.py:80]: Train: Loss 0.2549, Raw Acc (99.23, 100.00), Crop Acc (95.68, 97.95), Drop Acc (98.55, 99.90), Time 251.90
2022-04-14 10:38:30,394: INFO: [2912140666.py:118]: Valid: Val Loss 0.2471, Val Acc (93.86, 99.28), Time 51.02
2022-04-14 10:38:30,395: INFO: [2912140666.py:119]: 
2022-04-14 10:38:30,398: INFO: [2912140666.py:10]: Epoch 016, lr= 0.000478297
2022-04-14 10:42:42,170: INFO: [2912140666.py:80]: Train: Loss 0.2287, Raw Acc (99.31, 100.00), Crop Acc (96.54, 98.45), Drop Acc (98.86, 99.94), Time 251.77
2022-04-14 10:43:32,354: INFO: [2912140666.py:118]: Valid: Val Loss 0.2559, Val Acc (93.66, 99.33), Time 50.18
2022-04-14 10:43:32,354: INFO: [2912140666.py:119]: 
2022-04-14 10:43:32,356: INFO: [2912140666.py:10]: Epoch 017, lr= 0.000430467
2022-04-14 10:47:43,587: INFO: [2912140666.py:80]: Train: Loss 0.2351, Raw Acc (99.25, 100.00), Crop Acc (96.10, 98.33), Drop Acc (98.49, 99.95), Time 251.23
2022-04-14 10:48:35,471: INFO: [2912140666.py:118]: Valid: Val Loss 0.2501, Val Acc (93.98, 99.28), Time 51.88
2022-04-14 10:48:35,471: INFO: [2912140666.py:119]: 
2022-04-14 10:48:35,473: INFO: [2912140666.py:10]: Epoch 018, lr= 0.000430467
2022-04-14 10:52:45,639: INFO: [2912140666.py:80]: Train: Loss 0.2261, Raw Acc (99.46, 100.00), Crop Acc (95.90, 97.90), Drop Acc (99.05, 99.98), Time 250.16
2022-04-14 10:53:35,243: INFO: [2912140666.py:118]: Valid: Val Loss 0.2429, Val Acc (93.92, 99.34), Time 49.60
2022-04-14 10:53:35,243: INFO: [2912140666.py:119]: 
2022-04-14 10:53:35,245: INFO: [2912140666.py:10]: Epoch 019, lr= 0.00038742
2022-04-14 10:57:44,963: INFO: [2912140666.py:80]: Train: Loss 0.2146, Raw Acc (99.40, 100.00), Crop Acc (96.45, 98.08), Drop Acc (99.17, 99.98), Time 249.69
2022-04-14 10:58:37,361: INFO: [2912140666.py:118]: Valid: Val Loss 0.2442, Val Acc (94.39, 99.44), Time 52.39
2022-04-14 10:58:37,361: INFO: [2912140666.py:119]: 
2022-04-14 10:58:37,576: INFO: [2912140666.py:10]: Epoch 020, lr= 0.00038742
2022-04-14 11:02:52,225: INFO: [2912140666.py:80]: Train: Loss 0.2066, Raw Acc (99.59, 100.00), Crop Acc (96.55, 98.15), Drop Acc (99.41, 99.96), Time 254.65
2022-04-14 11:03:44,142: INFO: [2912140666.py:118]: Valid: Val Loss 0.2378, Val Acc (94.06, 99.38), Time 51.91
2022-04-14 11:03:44,142: INFO: [2912140666.py:119]: 
2022-04-14 11:03:44,144: INFO: [2912140666.py:10]: Epoch 021, lr= 0.000348678
2022-04-14 11:07:52,866: INFO: [2912140666.py:80]: Train: Loss 0.2068, Raw Acc (99.56, 100.00), Crop Acc (96.41, 98.18), Drop Acc (99.25, 99.96), Time 248.72
2022-04-14 11:08:44,914: INFO: [2912140666.py:118]: Valid: Val Loss 0.2397, Val Acc (93.97, 99.47), Time 52.04
2022-04-14 11:08:44,914: INFO: [2912140666.py:119]: 
2022-04-14 11:08:44,916: INFO: [2912140666.py:10]: Epoch 022, lr= 0.000348678
2022-04-14 11:12:54,665: INFO: [2912140666.py:80]: Train: Loss 0.2013, Raw Acc (99.71, 100.00), Crop Acc (96.33, 98.10), Drop Acc (99.25, 99.95), Time 249.75
2022-04-14 11:13:44,928: INFO: [2912140666.py:118]: Valid: Val Loss 0.2479, Val Acc (93.82, 99.34), Time 50.26
2022-04-14 11:13:44,928: INFO: [2912140666.py:119]: 
2022-04-14 11:13:44,931: INFO: [2912140666.py:10]: Epoch 023, lr= 0.000313811
2022-04-14 11:17:55,179: INFO: [2912140666.py:80]: Train: Loss 0.2001, Raw Acc (99.59, 100.00), Crop Acc (96.30, 98.05), Drop Acc (99.21, 99.99), Time 250.25
2022-04-14 11:18:49,029: INFO: [2912140666.py:118]: Valid: Val Loss 0.2346, Val Acc (94.19, 99.42), Time 53.84
2022-04-14 11:18:49,029: INFO: [2912140666.py:119]: 
2022-04-14 11:18:49,031: INFO: [2912140666.py:10]: Epoch 024, lr= 0.000313811
2022-04-14 11:22:58,832: INFO: [2912140666.py:80]: Train: Loss 0.1988, Raw Acc (99.61, 100.00), Crop Acc (96.17, 97.68), Drop Acc (99.37, 99.99), Time 249.80
2022-04-14 11:23:49,141: INFO: [2912140666.py:118]: Valid: Val Loss 0.2292, Val Acc (94.53, 99.48), Time 50.30
2022-04-14 11:23:49,141: INFO: [2912140666.py:119]: 
2022-04-14 11:23:49,524: INFO: [2912140666.py:10]: Epoch 025, lr= 0.00028243
2022-04-14 11:28:05,172: INFO: [2912140666.py:80]: Train: Loss 0.1909, Raw Acc (99.67, 100.00), Crop Acc (96.46, 97.99), Drop Acc (99.34, 99.99), Time 255.65
2022-04-14 11:28:56,373: INFO: [2912140666.py:118]: Valid: Val Loss 0.2330, Val Acc (94.37, 99.43), Time 51.20
2022-04-14 11:28:56,373: INFO: [2912140666.py:119]: 
2022-04-14 11:28:56,375: INFO: [2912140666.py:10]: Epoch 026, lr= 0.00028243
2022-04-14 11:33:10,621: INFO: [2912140666.py:80]: Train: Loss 0.2096, Raw Acc (99.62, 100.00), Crop Acc (95.01, 96.86), Drop Acc (99.45, 99.98), Time 254.24
2022-04-14 11:34:04,203: INFO: [2912140666.py:118]: Valid: Val Loss 0.2329, Val Acc (94.40, 99.45), Time 53.58
2022-04-14 11:34:04,203: INFO: [2912140666.py:119]: 
2022-04-14 11:34:04,205: INFO: [2912140666.py:10]: Epoch 027, lr= 0.000254187
